[0.119s] Invoking command in '/home/luiso/auv_ftc_ws/build/auv_gazebo': AMENT_PREFIX_PATH=/home/luiso/auv_ftc_ws/install/auv_description:${AMENT_PREFIX_PATH} CMAKE_PREFIX_PATH=/home/luiso/auv_ftc_ws/install/auv_description:/home/luiso/dev_ws/install/xarm_planner:/home/luiso/dev_ws/install/xarm_moveit_servo:/home/luiso/dev_ws/install/xarm_moveit_config:/home/luiso/dev_ws/install/xarm_gazebo:/home/luiso/dev_ws/install/xarm_controller:/home/luiso/dev_ws/install/d435i_xarm_setup:/home/luiso/dev_ws/install/xarm_api:/home/luiso/dev_ws/install/xarm_sdk:/home/luiso/dev_ws/install/xarm_msgs:/home/luiso/dev_ws/install/xarm_description:/home/luiso/dev_ws/install/realsense_gazebo_plugin:/home/luiso/dev_ws/install/pymoveit2:/home/luiso/dev_ws/install/mbot_demo:/home/luiso/dev_ws/install/uf_ros_lib:/home/luiso/dev_ws/install/lite6_move:/opt/ros/humble /usr/bin/cmake /home/luiso/auv_ftc_ws/src/auv_gazebo -DAMENT_CMAKE_SYMLINK_INSTALL=1 -DCMAKE_INSTALL_PREFIX=/home/luiso/auv_ftc_ws/install/auv_gazebo
[0.453s] -- The C compiler identification is GNU 11.4.0
[2.525s] -- The CXX compiler identification is GNU 11.4.0
[3.316s] -- Detecting C compiler ABI info
[3.540s] -- Detecting C compiler ABI info - done
[3.547s] -- Check for working C compiler: /usr/bin/cc - skipped
[3.547s] -- Detecting C compile features
[3.548s] -- Detecting C compile features - done
[3.551s] -- Detecting CXX compiler ABI info
[3.792s] -- Detecting CXX compiler ABI info - done
[3.800s] -- Check for working CXX compiler: /usr/bin/c++ - skipped
[3.800s] -- Detecting CXX compile features
[3.800s] -- Detecting CXX compile features - done
[3.803s] -- Found ament_cmake: 1.3.13 (/opt/ros/humble/share/ament_cmake/cmake)
[3.990s] -- Found Python3: /usr/bin/python3 (found version "3.10.12") found components: Interpreter 
[4.074s] -- Override CMake install command with custom implementation using symlinks instead of copying resources
[4.204s] -- Configuring done
[4.208s] -- Generating done
[4.211s] -- Build files have been written to: /home/luiso/auv_ftc_ws/build/auv_gazebo
[4.216s] Invoked command in '/home/luiso/auv_ftc_ws/build/auv_gazebo' returned '0': AMENT_PREFIX_PATH=/home/luiso/auv_ftc_ws/install/auv_description:${AMENT_PREFIX_PATH} CMAKE_PREFIX_PATH=/home/luiso/auv_ftc_ws/install/auv_description:/home/luiso/dev_ws/install/xarm_planner:/home/luiso/dev_ws/install/xarm_moveit_servo:/home/luiso/dev_ws/install/xarm_moveit_config:/home/luiso/dev_ws/install/xarm_gazebo:/home/luiso/dev_ws/install/xarm_controller:/home/luiso/dev_ws/install/d435i_xarm_setup:/home/luiso/dev_ws/install/xarm_api:/home/luiso/dev_ws/install/xarm_sdk:/home/luiso/dev_ws/install/xarm_msgs:/home/luiso/dev_ws/install/xarm_description:/home/luiso/dev_ws/install/realsense_gazebo_plugin:/home/luiso/dev_ws/install/pymoveit2:/home/luiso/dev_ws/install/mbot_demo:/home/luiso/dev_ws/install/uf_ros_lib:/home/luiso/dev_ws/install/lite6_move:/opt/ros/humble /usr/bin/cmake /home/luiso/auv_ftc_ws/src/auv_gazebo -DAMENT_CMAKE_SYMLINK_INSTALL=1 -DCMAKE_INSTALL_PREFIX=/home/luiso/auv_ftc_ws/install/auv_gazebo
[4.219s] Invoking command in '/home/luiso/auv_ftc_ws/build/auv_gazebo': AMENT_PREFIX_PATH=/home/luiso/auv_ftc_ws/install/auv_description:${AMENT_PREFIX_PATH} CMAKE_PREFIX_PATH=/home/luiso/auv_ftc_ws/install/auv_description:/home/luiso/dev_ws/install/xarm_planner:/home/luiso/dev_ws/install/xarm_moveit_servo:/home/luiso/dev_ws/install/xarm_moveit_config:/home/luiso/dev_ws/install/xarm_gazebo:/home/luiso/dev_ws/install/xarm_controller:/home/luiso/dev_ws/install/d435i_xarm_setup:/home/luiso/dev_ws/install/xarm_api:/home/luiso/dev_ws/install/xarm_sdk:/home/luiso/dev_ws/install/xarm_msgs:/home/luiso/dev_ws/install/xarm_description:/home/luiso/dev_ws/install/realsense_gazebo_plugin:/home/luiso/dev_ws/install/pymoveit2:/home/luiso/dev_ws/install/mbot_demo:/home/luiso/dev_ws/install/uf_ros_lib:/home/luiso/dev_ws/install/lite6_move:/opt/ros/humble /usr/bin/cmake --build /home/luiso/auv_ftc_ws/build/auv_gazebo -- -j16 -l16
[4.261s] Invoked command in '/home/luiso/auv_ftc_ws/build/auv_gazebo' returned '0': AMENT_PREFIX_PATH=/home/luiso/auv_ftc_ws/install/auv_description:${AMENT_PREFIX_PATH} CMAKE_PREFIX_PATH=/home/luiso/auv_ftc_ws/install/auv_description:/home/luiso/dev_ws/install/xarm_planner:/home/luiso/dev_ws/install/xarm_moveit_servo:/home/luiso/dev_ws/install/xarm_moveit_config:/home/luiso/dev_ws/install/xarm_gazebo:/home/luiso/dev_ws/install/xarm_controller:/home/luiso/dev_ws/install/d435i_xarm_setup:/home/luiso/dev_ws/install/xarm_api:/home/luiso/dev_ws/install/xarm_sdk:/home/luiso/dev_ws/install/xarm_msgs:/home/luiso/dev_ws/install/xarm_description:/home/luiso/dev_ws/install/realsense_gazebo_plugin:/home/luiso/dev_ws/install/pymoveit2:/home/luiso/dev_ws/install/mbot_demo:/home/luiso/dev_ws/install/uf_ros_lib:/home/luiso/dev_ws/install/lite6_move:/opt/ros/humble /usr/bin/cmake --build /home/luiso/auv_ftc_ws/build/auv_gazebo -- -j16 -l16
[4.263s] Invoking command in '/home/luiso/auv_ftc_ws/build/auv_gazebo': AMENT_PREFIX_PATH=/home/luiso/auv_ftc_ws/install/auv_description:${AMENT_PREFIX_PATH} CMAKE_PREFIX_PATH=/home/luiso/auv_ftc_ws/install/auv_description:/home/luiso/dev_ws/install/xarm_planner:/home/luiso/dev_ws/install/xarm_moveit_servo:/home/luiso/dev_ws/install/xarm_moveit_config:/home/luiso/dev_ws/install/xarm_gazebo:/home/luiso/dev_ws/install/xarm_controller:/home/luiso/dev_ws/install/d435i_xarm_setup:/home/luiso/dev_ws/install/xarm_api:/home/luiso/dev_ws/install/xarm_sdk:/home/luiso/dev_ws/install/xarm_msgs:/home/luiso/dev_ws/install/xarm_description:/home/luiso/dev_ws/install/realsense_gazebo_plugin:/home/luiso/dev_ws/install/pymoveit2:/home/luiso/dev_ws/install/mbot_demo:/home/luiso/dev_ws/install/uf_ros_lib:/home/luiso/dev_ws/install/lite6_move:/opt/ros/humble /usr/bin/cmake --install /home/luiso/auv_ftc_ws/build/auv_gazebo
[4.271s] -- Install configuration: ""
[4.271s] -- Execute custom install script
[4.272s] -- Symlinking: /home/luiso/auv_ftc_ws/install/auv_gazebo/share/auv_gazebo/worlds/underwater.world
[4.282s] -- Symlinking: /home/luiso/auv_ftc_ws/install/auv_gazebo/share/auv_gazebo/launch/gazebo.launch.py
[4.290s] [31mCMake Error at ament_cmake_symlink_install/ament_cmake_symlink_install.cmake:105 (message):
[4.291s]   ament_cmake_symlink_install_directory() can't find
[4.291s]   '/home/luiso/auv_ftc_ws/src/auv_gazebo/config'
[4.291s] Call Stack (most recent call first):
[4.291s]   ament_cmake_symlink_install/ament_cmake_symlink_install.cmake:319 (ament_cmake_symlink_install_directory)
[4.291s]   cmake_install.cmake:46 (include)
[4.291s] 
[4.291s] [0m
[4.292s] Invoked command in '/home/luiso/auv_ftc_ws/build/auv_gazebo' returned '1': AMENT_PREFIX_PATH=/home/luiso/auv_ftc_ws/install/auv_description:${AMENT_PREFIX_PATH} CMAKE_PREFIX_PATH=/home/luiso/auv_ftc_ws/install/auv_description:/home/luiso/dev_ws/install/xarm_planner:/home/luiso/dev_ws/install/xarm_moveit_servo:/home/luiso/dev_ws/install/xarm_moveit_config:/home/luiso/dev_ws/install/xarm_gazebo:/home/luiso/dev_ws/install/xarm_controller:/home/luiso/dev_ws/install/d435i_xarm_setup:/home/luiso/dev_ws/install/xarm_api:/home/luiso/dev_ws/install/xarm_sdk:/home/luiso/dev_ws/install/xarm_msgs:/home/luiso/dev_ws/install/xarm_description:/home/luiso/dev_ws/install/realsense_gazebo_plugin:/home/luiso/dev_ws/install/pymoveit2:/home/luiso/dev_ws/install/mbot_demo:/home/luiso/dev_ws/install/uf_ros_lib:/home/luiso/dev_ws/install/lite6_move:/opt/ros/humble /usr/bin/cmake --install /home/luiso/auv_ftc_ws/build/auv_gazebo
