[  2%] Built target auv_control__cpp
[ 10%] Built target auv_control__rosidl_generator_c
[ 17%] Built target auv_control_core
[ 22%] Built target reference_generator_node
[ 22%] Built target ament_cmake_python_symlink_auv_control
[ 30%] Built target auv_control__rosidl_typesupport_fastrtps_cpp
[ 37%] Built target auv_control__rosidl_typesupport_introspection_cpp
[ 45%] Built target auv_control__rosidl_typesupport_cpp
[ 52%] Built target auv_control__rosidl_typesupport_fastrtps_c
[ 60%] Built target auv_control__rosidl_typesupport_c
[ 67%] Built target auv_control__rosidl_typesupport_introspection_c
[ 72%] Built target test_allocator
[ 72%] Built target auv_control
[ 77%] Built target auv_controller_node
[ 80%] Built target auv_control__py
[ 85%] Built target auv_control__rosidl_generator_py
[100%] Built target auv_control__rosidl_typesupport_c__pyext
[100%] Built target auv_control__rosidl_typesupport_introspection_c__pyext
[100%] Built target auv_control__rosidl_typesupport_fastrtps_c__pyext
running egg_info
writing auv_control.egg-info/PKG-INFO
writing dependency_links to auv_control.egg-info/dependency_links.txt
writing top-level names to auv_control.egg-info/top_level.txt
reading manifest file 'auv_control.egg-info/SOURCES.txt'
writing manifest file 'auv_control.egg-info/SOURCES.txt'
[100%] Built target ament_cmake_python_build_auv_control_egg
-- Install configuration: ""
-- Execute custom install script
-- Up-to-date symlink: /home/luiso/auv_ftc_ws/install/auv_control/share/ament_index/resource_index/rosidl_interfaces/auv_control
-- Up-to-date symlink: /home/luiso/auv_ftc_ws/install/auv_control/include/auv_control/auv_control/msg/rosidl_generator_c__visibility_control.h
-- Up-to-date symlink: /home/luiso/auv_ftc_ws/install/auv_control/include/auv_control/auv_control/srv/detail/inject_fault__functions.h
-- Up-to-date symlink: /home/luiso/auv_ftc_ws/install/auv_control/include/auv_control/auv_control/srv/detail/inject_fault__struct.h
-- Up-to-date symlink: /home/luiso/auv_ftc_ws/install/auv_control/include/auv_control/auv_control/srv/detail/inject_fault__type_support.h
-- Up-to-date symlink: /home/luiso/auv_ftc_ws/install/auv_control/include/auv_control/auv_control/srv/inject_fault.h
-- Up-to-date symlink: /home/luiso/auv_ftc_ws/install/auv_control/share/auv_control/environment/library_path.sh
-- Up-to-date symlink: /home/luiso/auv_ftc_ws/install/auv_control/share/auv_control/environment/library_path.dsv
-- Up-to-date symlink: /home/luiso/auv_ftc_ws/install/auv_control/include/auv_control/auv_control/msg/rosidl_typesupport_fastrtps_c__visibility_control.h
-- Up-to-date symlink: /home/luiso/auv_ftc_ws/install/auv_control/include/auv_control/auv_control/srv/detail/inject_fault__rosidl_typesupport_fastrtps_c.h
-- Up-to-date symlink: /home/luiso/auv_ftc_ws/install/auv_control/include/auv_control/auv_control/msg/rosidl_generator_cpp__visibility_control.hpp
-- Up-to-date symlink: /home/luiso/auv_ftc_ws/install/auv_control/include/auv_control/auv_control/srv/detail/inject_fault__builder.hpp
-- Up-to-date symlink: /home/luiso/auv_ftc_ws/install/auv_control/include/auv_control/auv_control/srv/detail/inject_fault__struct.hpp
-- Up-to-date symlink: /home/luiso/auv_ftc_ws/install/auv_control/include/auv_control/auv_control/srv/detail/inject_fault__traits.hpp
-- Up-to-date symlink: /home/luiso/auv_ftc_ws/install/auv_control/include/auv_control/auv_control/srv/detail/inject_fault__type_support.hpp
-- Up-to-date symlink: /home/luiso/auv_ftc_ws/install/auv_control/include/auv_control/auv_control/srv/inject_fault.hpp
-- Up-to-date symlink: /home/luiso/auv_ftc_ws/install/auv_control/include/auv_control/auv_control/msg/rosidl_typesupport_fastrtps_cpp__visibility_control.h
-- Up-to-date symlink: /home/luiso/auv_ftc_ws/install/auv_control/include/auv_control/auv_control/srv/detail/inject_fault__rosidl_typesupport_fastrtps_cpp.hpp
-- Up-to-date symlink: /home/luiso/auv_ftc_ws/install/auv_control/include/auv_control/auv_control/msg/rosidl_typesupport_introspection_c__visibility_control.h
-- Up-to-date symlink: /home/luiso/auv_ftc_ws/install/auv_control/include/auv_control/auv_control/srv/detail/inject_fault__rosidl_typesupport_introspection_c.h
-- Up-to-date symlink: /home/luiso/auv_ftc_ws/install/auv_control/include/auv_control/auv_control/srv/detail/inject_fault__rosidl_typesupport_introspection_cpp.hpp
-- Up-to-date symlink: /home/luiso/auv_ftc_ws/install/auv_control/share/auv_control/environment/pythonpath.sh
-- Up-to-date symlink: /home/luiso/auv_ftc_ws/install/auv_control/share/auv_control/environment/pythonpath.dsv
-- Up-to-date symlink: /home/luiso/auv_ftc_ws/install/auv_control/local/lib/python3.10/dist-packages/auv_control-0.1.0-py3.10.egg-info/PKG-INFO
-- Up-to-date symlink: /home/luiso/auv_ftc_ws/install/auv_control/local/lib/python3.10/dist-packages/auv_control-0.1.0-py3.10.egg-info/SOURCES.txt
-- Up-to-date symlink: /home/luiso/auv_ftc_ws/install/auv_control/local/lib/python3.10/dist-packages/auv_control-0.1.0-py3.10.egg-info/dependency_links.txt
-- Up-to-date symlink: /home/luiso/auv_ftc_ws/install/auv_control/local/lib/python3.10/dist-packages/auv_control-0.1.0-py3.10.egg-info/top_level.txt
-- Up-to-date symlink: /home/luiso/auv_ftc_ws/install/auv_control/local/lib/python3.10/dist-packages/auv_control/__init__.py
-- Up-to-date symlink: /home/luiso/auv_ftc_ws/install/auv_control/local/lib/python3.10/dist-packages/auv_control/_auv_control_s.ep.rosidl_typesupport_c.c
-- Up-to-date symlink: /home/luiso/auv_ftc_ws/install/auv_control/local/lib/python3.10/dist-packages/auv_control/_auv_control_s.ep.rosidl_typesupport_fastrtps_c.c
-- Up-to-date symlink: /home/luiso/auv_ftc_ws/install/auv_control/local/lib/python3.10/dist-packages/auv_control/_auv_control_s.ep.rosidl_typesupport_introspection_c.c
-- Up-to-date symlink: /home/luiso/auv_ftc_ws/install/auv_control/local/lib/python3.10/dist-packages/auv_control/auv_control_s__rosidl_typesupport_c.cpython-310-x86_64-linux-gnu.so
-- Up-to-date symlink: /home/luiso/auv_ftc_ws/install/auv_control/local/lib/python3.10/dist-packages/auv_control/auv_control_s__rosidl_typesupport_fastrtps_c.cpython-310-x86_64-linux-gnu.so
-- Up-to-date symlink: /home/luiso/auv_ftc_ws/install/auv_control/local/lib/python3.10/dist-packages/auv_control/auv_control_s__rosidl_typesupport_introspection_c.cpython-310-x86_64-linux-gnu.so
-- Up-to-date symlink: /home/luiso/auv_ftc_ws/install/auv_control/local/lib/python3.10/dist-packages/auv_control/libauv_control__rosidl_generator_py.so
-- Up-to-date symlink: /home/luiso/auv_ftc_ws/install/auv_control/local/lib/python3.10/dist-packages/auv_control/srv/__init__.py
-- Up-to-date symlink: /home/luiso/auv_ftc_ws/install/auv_control/local/lib/python3.10/dist-packages/auv_control/srv/_inject_fault.py
-- Up-to-date symlink: /home/luiso/auv_ftc_ws/install/auv_control/local/lib/python3.10/dist-packages/auv_control/srv/_inject_fault_s.c
-- Up-to-date symlink: /home/luiso/auv_ftc_ws/install/auv_control/local/lib/python3.10/dist-packages/auv_control/auv_control_s__rosidl_typesupport_fastrtps_c.cpython-310-x86_64-linux-gnu.so
-- Up-to-date symlink: /home/luiso/auv_ftc_ws/install/auv_control/local/lib/python3.10/dist-packages/auv_control/auv_control_s__rosidl_typesupport_introspection_c.cpython-310-x86_64-linux-gnu.so
-- Up-to-date symlink: /home/luiso/auv_ftc_ws/install/auv_control/local/lib/python3.10/dist-packages/auv_control/auv_control_s__rosidl_typesupport_c.cpython-310-x86_64-linux-gnu.so
-- Up-to-date symlink: /home/luiso/auv_ftc_ws/install/auv_control/share/auv_control/srv/InjectFault.idl
-- Up-to-date symlink: /home/luiso/auv_ftc_ws/install/auv_control/share/auv_control/srv/InjectFault.srv
-- Up-to-date symlink: /home/luiso/auv_ftc_ws/install/auv_control/share/auv_control/srv/InjectFault_Request.msg
-- Up-to-date symlink: /home/luiso/auv_ftc_ws/install/auv_control/share/auv_control/srv/InjectFault_Response.msg
-- Up-to-date symlink: /home/luiso/auv_ftc_ws/install/auv_control/lib/libauv_control_core.so
-- Up-to-date symlink: /home/luiso/auv_ftc_ws/install/auv_control/lib/auv_control/auv_controller_node
-- Up-to-date symlink: /home/luiso/auv_ftc_ws/install/auv_control/lib/auv_control/reference_generator_node
-- Up-to-date symlink: /home/luiso/auv_ftc_ws/install/auv_control/lib/auv_control/test_allocator
-- Up-to-date symlink: /home/luiso/auv_ftc_ws/install/auv_control/include/auv_control/auv_params.hpp
-- Up-to-date symlink: /home/luiso/auv_ftc_ws/install/auv_control/include/auv_control/thrust_allocator.hpp
-- Up-to-date symlink: /home/luiso/auv_ftc_ws/install/auv_control/include/auv_control/ts_fuzzy.hpp
-- Up-to-date symlink: /home/luiso/auv_ftc_ws/install/auv_control/share/auv_control/launch/controller.launch.py
-- Up-to-date symlink: /home/luiso/auv_ftc_ws/install/auv_control/share/auv_control/config/controller.yaml
-- Up-to-date symlink: /home/luiso/auv_ftc_ws/install/auv_control/share/auv_control/config/controller_rexrov.yaml
-- Up-to-date symlink: /home/luiso/auv_ftc_ws/install/auv_control/lib/auv_control/inject_fault_cli.py
-- Up-to-date symlink: /home/luiso/auv_ftc_ws/install/auv_control/lib/auv_control/scenario_runner.py
-- Up-to-date symlink: /home/luiso/auv_ftc_ws/install/auv_control/lib/auv_control/plot_from_bag.py
-- Up-to-date symlink: /home/luiso/auv_ftc_ws/install/auv_control/share/ament_index/resource_index/package_run_dependencies/auv_control
-- Up-to-date symlink: /home/luiso/auv_ftc_ws/install/auv_control/share/ament_index/resource_index/parent_prefix_path/auv_control
-- Up-to-date symlink: /home/luiso/auv_ftc_ws/install/auv_control/share/auv_control/environment/ament_prefix_path.sh
-- Up-to-date symlink: /home/luiso/auv_ftc_ws/install/auv_control/share/auv_control/environment/ament_prefix_path.dsv
-- Up-to-date symlink: /home/luiso/auv_ftc_ws/install/auv_control/share/auv_control/environment/path.sh
-- Up-to-date symlink: /home/luiso/auv_ftc_ws/install/auv_control/share/auv_control/environment/path.dsv
-- Up-to-date symlink: /home/luiso/auv_ftc_ws/install/auv_control/share/auv_control/local_setup.bash
-- Up-to-date symlink: /home/luiso/auv_ftc_ws/install/auv_control/share/auv_control/local_setup.sh
-- Up-to-date symlink: /home/luiso/auv_ftc_ws/install/auv_control/share/auv_control/local_setup.zsh
-- Up-to-date symlink: /home/luiso/auv_ftc_ws/install/auv_control/share/auv_control/local_setup.dsv
-- Symlinking: /home/luiso/auv_ftc_ws/install/auv_control/share/auv_control/package.dsv
-- Up-to-date symlink: /home/luiso/auv_ftc_ws/install/auv_control/share/ament_index/resource_index/packages/auv_control
-- Up-to-date symlink: /home/luiso/auv_ftc_ws/install/auv_control/share/auv_control/cmake/rosidl_cmake-extras.cmake
-- Up-to-date symlink: /home/luiso/auv_ftc_ws/install/auv_control/share/auv_control/cmake/ament_cmake_export_dependencies-extras.cmake
-- Up-to-date symlink: /home/luiso/auv_ftc_ws/install/auv_control/share/auv_control/cmake/ament_cmake_export_include_directories-extras.cmake
-- Up-to-date symlink: /home/luiso/auv_ftc_ws/install/auv_control/share/auv_control/cmake/ament_cmake_export_libraries-extras.cmake
-- Up-to-date symlink: /home/luiso/auv_ftc_ws/install/auv_control/share/auv_control/cmake/ament_cmake_export_targets-extras.cmake
-- Up-to-date symlink: /home/luiso/auv_ftc_ws/install/auv_control/share/auv_control/cmake/rosidl_cmake_export_typesupport_targets-extras.cmake
-- Up-to-date symlink: /home/luiso/auv_ftc_ws/install/auv_control/share/auv_control/cmake/rosidl_cmake_export_typesupport_libraries-extras.cmake
-- Up-to-date symlink: /home/luiso/auv_ftc_ws/install/auv_control/share/auv_control/cmake/auv_controlConfig.cmake
-- Up-to-date symlink: /home/luiso/auv_ftc_ws/install/auv_control/share/auv_control/cmake/auv_controlConfig-version.cmake
-- Up-to-date symlink: /home/luiso/auv_ftc_ws/install/auv_control/share/auv_control/package.xml
-- Up-to-date: /home/luiso/auv_ftc_ws/install/auv_control/lib/libauv_control__rosidl_generator_c.so
-- Up-to-date: /home/luiso/auv_ftc_ws/install/auv_control/lib/libauv_control__rosidl_typesupport_fastrtps_c.so
-- Up-to-date: /home/luiso/auv_ftc_ws/install/auv_control/lib/libauv_control__rosidl_typesupport_fastrtps_cpp.so
-- Up-to-date: /home/luiso/auv_ftc_ws/install/auv_control/lib/libauv_control__rosidl_typesupport_introspection_c.so
-- Up-to-date: /home/luiso/auv_ftc_ws/install/auv_control/lib/libauv_control__rosidl_typesupport_c.so
-- Up-to-date: /home/luiso/auv_ftc_ws/install/auv_control/lib/libauv_control__rosidl_typesupport_introspection_cpp.so
-- Up-to-date: /home/luiso/auv_ftc_ws/install/auv_control/lib/libauv_control__rosidl_typesupport_cpp.so
Listing '/home/luiso/auv_ftc_ws/install/auv_control/local/lib/python3.10/dist-packages/auv_control'...
Listing '/home/luiso/auv_ftc_ws/install/auv_control/local/lib/python3.10/dist-packages/auv_control/srv'...
-- Up-to-date: /home/luiso/auv_ftc_ws/install/auv_control/lib/libauv_control__rosidl_generator_py.so
-- Up-to-date: /home/luiso/auv_ftc_ws/install/auv_control/share/auv_control/cmake/export_auv_control__rosidl_generator_cExport.cmake
-- Up-to-date: /home/luiso/auv_ftc_ws/install/auv_control/share/auv_control/cmake/export_auv_control__rosidl_generator_cExport-noconfig.cmake
-- Up-to-date: /home/luiso/auv_ftc_ws/install/auv_control/share/auv_control/cmake/export_auv_control__rosidl_typesupport_fastrtps_cExport.cmake
-- Up-to-date: /home/luiso/auv_ftc_ws/install/auv_control/share/auv_control/cmake/export_auv_control__rosidl_typesupport_fastrtps_cExport-noconfig.cmake
-- Up-to-date: /home/luiso/auv_ftc_ws/install/auv_control/share/auv_control/cmake/export_auv_control__rosidl_generator_cppExport.cmake
-- Up-to-date: /home/luiso/auv_ftc_ws/install/auv_control/share/auv_control/cmake/export_auv_control__rosidl_typesupport_fastrtps_cppExport.cmake
-- Up-to-date: /home/luiso/auv_ftc_ws/install/auv_control/share/auv_control/cmake/export_auv_control__rosidl_typesupport_fastrtps_cppExport-noconfig.cmake
-- Up-to-date: /home/luiso/auv_ftc_ws/install/auv_control/share/auv_control/cmake/auv_control__rosidl_typesupport_introspection_cExport.cmake
-- Up-to-date: /home/luiso/auv_ftc_ws/install/auv_control/share/auv_control/cmake/auv_control__rosidl_typesupport_introspection_cExport-noconfig.cmake
-- Up-to-date: /home/luiso/auv_ftc_ws/install/auv_control/share/auv_control/cmake/auv_control__rosidl_typesupport_cExport.cmake
-- Up-to-date: /home/luiso/auv_ftc_ws/install/auv_control/share/auv_control/cmake/auv_control__rosidl_typesupport_cExport-noconfig.cmake
-- Up-to-date: /home/luiso/auv_ftc_ws/install/auv_control/share/auv_control/cmake/auv_control__rosidl_typesupport_introspection_cppExport.cmake
-- Up-to-date: /home/luiso/auv_ftc_ws/install/auv_control/share/auv_control/cmake/auv_control__rosidl_typesupport_introspection_cppExport-noconfig.cmake
-- Up-to-date: /home/luiso/auv_ftc_ws/install/auv_control/share/auv_control/cmake/auv_control__rosidl_typesupport_cppExport.cmake
-- Up-to-date: /home/luiso/auv_ftc_ws/install/auv_control/share/auv_control/cmake/auv_control__rosidl_typesupport_cppExport-noconfig.cmake
-- Up-to-date: /home/luiso/auv_ftc_ws/install/auv_control/share/auv_control/cmake/export_auv_control__rosidl_generator_pyExport.cmake
-- Up-to-date: /home/luiso/auv_ftc_ws/install/auv_control/share/auv_control/cmake/export_auv_control__rosidl_generator_pyExport-noconfig.cmake
