[0.020s] Invoking command in '/home/luiso/auv_ftc_ws/build/auv_control': CMAKE_PREFIX_PATH=${CMAKE_PREFIX_PATH}:/home/luiso/dev_ws/install/uf_ros_lib:/home/luiso/dev_ws/install/lite6_move:/opt/ros/humble /usr/bin/cmake --build /home/luiso/auv_ftc_ws/build/auv_control -- -j16 -l16
[0.071s] [  2%] Built target auv_control__cpp
[0.071s] [ 10%] Built target auv_control__rosidl_generator_c
[0.075s] [ 17%] Built target auv_control_core
[0.082s] [ 22%] Built target reference_generator_node
[0.084s] [ 22%] Built target ament_cmake_python_symlink_auv_control
[0.095s] [ 30%] Built target auv_control__rosidl_typesupport_fastrtps_cpp
[0.096s] [ 37%] Built target auv_control__rosidl_typesupport_introspection_cpp
[0.096s] [ 45%] Built target auv_control__rosidl_typesupport_cpp
[0.097s] [ 52%] Built target auv_control__rosidl_typesupport_fastrtps_c
[0.099s] [ 60%] Built target auv_control__rosidl_typesupport_c
[0.100s] [ 67%] Built target auv_control__rosidl_typesupport_introspection_c
[0.101s] [ 72%] Built target test_allocator
[0.119s] [ 72%] Built target auv_control
[0.123s] [ 77%] Built target auv_controller_node
[0.139s] [ 80%] Built target auv_control__py
[0.158s] [ 85%] Built target auv_control__rosidl_generator_py
[0.177s] [100%] Built target auv_control__rosidl_typesupport_c__pyext
[0.177s] [100%] Built target auv_control__rosidl_typesupport_introspection_c__pyext
[0.177s] [100%] Built target auv_control__rosidl_typesupport_fastrtps_c__pyext
[0.287s] running egg_info
[0.288s] writing auv_control.egg-info/PKG-INFO
[0.288s] writing dependency_links to auv_control.egg-info/dependency_links.txt
[0.288s] writing top-level names to auv_control.egg-info/top_level.txt
[0.290s] reading manifest file 'auv_control.egg-info/SOURCES.txt'
[0.291s] writing manifest file 'auv_control.egg-info/SOURCES.txt'
[0.315s] [100%] Built target ament_cmake_python_build_auv_control_egg
[0.327s] Invoked command in '/home/luiso/auv_ftc_ws/build/auv_control' returned '0': CMAKE_PREFIX_PATH=${CMAKE_PREFIX_PATH}:/home/luiso/dev_ws/install/uf_ros_lib:/home/luiso/dev_ws/install/lite6_move:/opt/ros/humble /usr/bin/cmake --build /home/luiso/auv_ftc_ws/build/auv_control -- -j16 -l16
[0.327s] Invoking command in '/home/luiso/auv_ftc_ws/build/auv_control': CMAKE_PREFIX_PATH=${CMAKE_PREFIX_PATH}:/home/luiso/dev_ws/install/uf_ros_lib:/home/luiso/dev_ws/install/lite6_move:/opt/ros/humble /usr/bin/cmake --install /home/luiso/auv_ftc_ws/build/auv_control
[0.334s] -- Install configuration: ""
[0.335s] -- Execute custom install script
[0.335s] -- Up-to-date symlink: /home/luiso/auv_ftc_ws/install/auv_control/share/ament_index/resource_index/rosidl_interfaces/auv_control
[0.335s] -- Up-to-date symlink: /home/luiso/auv_ftc_ws/install/auv_control/include/auv_control/auv_control/msg/rosidl_generator_c__visibility_control.h
[0.336s] -- Up-to-date symlink: /home/luiso/auv_ftc_ws/install/auv_control/include/auv_control/auv_control/srv/detail/inject_fault__functions.h
[0.336s] -- Up-to-date symlink: /home/luiso/auv_ftc_ws/install/auv_control/include/auv_control/auv_control/srv/detail/inject_fault__struct.h
[0.336s] -- Up-to-date symlink: /home/luiso/auv_ftc_ws/install/auv_control/include/auv_control/auv_control/srv/detail/inject_fault__type_support.h
[0.336s] -- Up-to-date symlink: /home/luiso/auv_ftc_ws/install/auv_control/include/auv_control/auv_control/srv/inject_fault.h
[0.336s] -- Up-to-date symlink: /home/luiso/auv_ftc_ws/install/auv_control/share/auv_control/environment/library_path.sh
[0.336s] -- Up-to-date symlink: /home/luiso/auv_ftc_ws/install/auv_control/share/auv_control/environment/library_path.dsv
[0.337s] -- Up-to-date symlink: /home/luiso/auv_ftc_ws/install/auv_control/include/auv_control/auv_control/msg/rosidl_typesupport_fastrtps_c__visibility_control.h
[0.337s] -- Up-to-date symlink: /home/luiso/auv_ftc_ws/install/auv_control/include/auv_control/auv_control/srv/detail/inject_fault__rosidl_typesupport_fastrtps_c.h
[0.337s] -- Up-to-date symlink: /home/luiso/auv_ftc_ws/install/auv_control/include/auv_control/auv_control/msg/rosidl_generator_cpp__visibility_control.hpp
[0.338s] -- Up-to-date symlink: /home/luiso/auv_ftc_ws/install/auv_control/include/auv_control/auv_control/srv/detail/inject_fault__builder.hpp
[0.338s] -- Up-to-date symlink: /home/luiso/auv_ftc_ws/install/auv_control/include/auv_control/auv_control/srv/detail/inject_fault__struct.hpp
[0.338s] -- Up-to-date symlink: /home/luiso/auv_ftc_ws/install/auv_control/include/auv_control/auv_control/srv/detail/inject_fault__traits.hpp
[0.338s] -- Up-to-date symlink: /home/luiso/auv_ftc_ws/install/auv_control/include/auv_control/auv_control/srv/detail/inject_fault__type_support.hpp
[0.338s] -- Up-to-date symlink: /home/luiso/auv_ftc_ws/install/auv_control/include/auv_control/auv_control/srv/inject_fault.hpp
[0.338s] -- Up-to-date symlink: /home/luiso/auv_ftc_ws/install/auv_control/include/auv_control/auv_control/msg/rosidl_typesupport_fastrtps_cpp__visibility_control.h
[0.338s] -- Up-to-date symlink: /home/luiso/auv_ftc_ws/install/auv_control/include/auv_control/auv_control/srv/detail/inject_fault__rosidl_typesupport_fastrtps_cpp.hpp
[0.339s] -- Up-to-date symlink: /home/luiso/auv_ftc_ws/install/auv_control/include/auv_control/auv_control/msg/rosidl_typesupport_introspection_c__visibility_control.h
[0.339s] -- Up-to-date symlink: /home/luiso/auv_ftc_ws/install/auv_control/include/auv_control/auv_control/srv/detail/inject_fault__rosidl_typesupport_introspection_c.h
[0.339s] -- Up-to-date symlink: /home/luiso/auv_ftc_ws/install/auv_control/include/auv_control/auv_control/srv/detail/inject_fault__rosidl_typesupport_introspection_cpp.hpp
[0.339s] -- Up-to-date symlink: /home/luiso/auv_ftc_ws/install/auv_control/share/auv_control/environment/pythonpath.sh
[0.339s] -- Up-to-date symlink: /home/luiso/auv_ftc_ws/install/auv_control/share/auv_control/environment/pythonpath.dsv
[0.340s] -- Up-to-date symlink: /home/luiso/auv_ftc_ws/install/auv_control/local/lib/python3.10/dist-packages/auv_control-0.1.0-py3.10.egg-info/PKG-INFO
[0.340s] -- Up-to-date symlink: /home/luiso/auv_ftc_ws/install/auv_control/local/lib/python3.10/dist-packages/auv_control-0.1.0-py3.10.egg-info/SOURCES.txt
[0.340s] -- Up-to-date symlink: /home/luiso/auv_ftc_ws/install/auv_control/local/lib/python3.10/dist-packages/auv_control-0.1.0-py3.10.egg-info/dependency_links.txt
[0.340s] -- Up-to-date symlink: /home/luiso/auv_ftc_ws/install/auv_control/local/lib/python3.10/dist-packages/auv_control-0.1.0-py3.10.egg-info/top_level.txt
[0.341s] -- Up-to-date symlink: /home/luiso/auv_ftc_ws/install/auv_control/local/lib/python3.10/dist-packages/auv_control/__init__.py
[0.341s] -- Up-to-date symlink: /home/luiso/auv_ftc_ws/install/auv_control/local/lib/python3.10/dist-packages/auv_control/_auv_control_s.ep.rosidl_typesupport_c.c
[0.341s] -- Up-to-date symlink: /home/luiso/auv_ftc_ws/install/auv_control/local/lib/python3.10/dist-packages/auv_control/_auv_control_s.ep.rosidl_typesupport_fastrtps_c.c
[0.341s] -- Up-to-date symlink: /home/luiso/auv_ftc_ws/install/auv_control/local/lib/python3.10/dist-packages/auv_control/_auv_control_s.ep.rosidl_typesupport_introspection_c.c
[0.341s] -- Up-to-date symlink: /home/luiso/auv_ftc_ws/install/auv_control/local/lib/python3.10/dist-packages/auv_control/auv_control_s__rosidl_typesupport_c.cpython-310-x86_64-linux-gnu.so
[0.341s] -- Up-to-date symlink: /home/luiso/auv_ftc_ws/install/auv_control/local/lib/python3.10/dist-packages/auv_control/auv_control_s__rosidl_typesupport_fastrtps_c.cpython-310-x86_64-linux-gnu.so
[0.342s] -- Up-to-date symlink: /home/luiso/auv_ftc_ws/install/auv_control/local/lib/python3.10/dist-packages/auv_control/auv_control_s__rosidl_typesupport_introspection_c.cpython-310-x86_64-linux-gnu.so
[0.342s] -- Up-to-date symlink: /home/luiso/auv_ftc_ws/install/auv_control/local/lib/python3.10/dist-packages/auv_control/libauv_control__rosidl_generator_py.so
[0.342s] -- Up-to-date symlink: /home/luiso/auv_ftc_ws/install/auv_control/local/lib/python3.10/dist-packages/auv_control/srv/__init__.py
[0.342s] -- Up-to-date symlink: /home/luiso/auv_ftc_ws/install/auv_control/local/lib/python3.10/dist-packages/auv_control/srv/_inject_fault.py
[0.342s] -- Up-to-date symlink: /home/luiso/auv_ftc_ws/install/auv_control/local/lib/python3.10/dist-packages/auv_control/srv/_inject_fault_s.c
[0.342s] -- Up-to-date symlink: /home/luiso/auv_ftc_ws/install/auv_control/local/lib/python3.10/dist-packages/auv_control/auv_control_s__rosidl_typesupport_fastrtps_c.cpython-310-x86_64-linux-gnu.so
[0.342s] -- Up-to-date symlink: /home/luiso/auv_ftc_ws/install/auv_control/local/lib/python3.10/dist-packages/auv_control/auv_control_s__rosidl_typesupport_introspection_c.cpython-310-x86_64-linux-gnu.so
[0.342s] -- Up-to-date symlink: /home/luiso/auv_ftc_ws/install/auv_control/local/lib/python3.10/dist-packages/auv_control/auv_control_s__rosidl_typesupport_c.cpython-310-x86_64-linux-gnu.so
[0.343s] -- Up-to-date symlink: /home/luiso/auv_ftc_ws/install/auv_control/share/auv_control/srv/InjectFault.idl
[0.343s] -- Up-to-date symlink: /home/luiso/auv_ftc_ws/install/auv_control/share/auv_control/srv/InjectFault.srv
[0.343s] -- Up-to-date symlink: /home/luiso/auv_ftc_ws/install/auv_control/share/auv_control/srv/InjectFault_Request.msg
[0.343s] -- Up-to-date symlink: /home/luiso/auv_ftc_ws/install/auv_control/share/auv_control/srv/InjectFault_Response.msg
[0.343s] -- Up-to-date symlink: /home/luiso/auv_ftc_ws/install/auv_control/lib/libauv_control_core.so
[0.344s] -- Up-to-date symlink: /home/luiso/auv_ftc_ws/install/auv_control/lib/auv_control/auv_controller_node
[0.344s] -- Up-to-date symlink: /home/luiso/auv_ftc_ws/install/auv_control/lib/auv_control/reference_generator_node
[0.344s] -- Up-to-date symlink: /home/luiso/auv_ftc_ws/install/auv_control/lib/auv_control/test_allocator
[0.344s] -- Up-to-date symlink: /home/luiso/auv_ftc_ws/install/auv_control/include/auv_control/auv_params.hpp
[0.344s] -- Up-to-date symlink: /home/luiso/auv_ftc_ws/install/auv_control/include/auv_control/thrust_allocator.hpp
[0.344s] -- Up-to-date symlink: /home/luiso/auv_ftc_ws/install/auv_control/include/auv_control/ts_fuzzy.hpp
[0.344s] -- Up-to-date symlink: /home/luiso/auv_ftc_ws/install/auv_control/share/auv_control/launch/controller.launch.py
[0.345s] -- Up-to-date symlink: /home/luiso/auv_ftc_ws/install/auv_control/share/auv_control/config/controller.yaml
[0.345s] -- Up-to-date symlink: /home/luiso/auv_ftc_ws/install/auv_control/share/auv_control/config/controller_rexrov.yaml
[0.345s] -- Up-to-date symlink: /home/luiso/auv_ftc_ws/install/auv_control/lib/auv_control/inject_fault_cli.py
[0.345s] -- Up-to-date symlink: /home/luiso/auv_ftc_ws/install/auv_control/lib/auv_control/scenario_runner.py
[0.345s] -- Up-to-date symlink: /home/luiso/auv_ftc_ws/install/auv_control/lib/auv_control/plot_from_bag.py
[0.345s] -- Up-to-date symlink: /home/luiso/auv_ftc_ws/install/auv_control/share/ament_index/resource_index/package_run_dependencies/auv_control
[0.345s] -- Up-to-date symlink: /home/luiso/auv_ftc_ws/install/auv_control/share/ament_index/resource_index/parent_prefix_path/auv_control
[0.346s] -- Up-to-date symlink: /home/luiso/auv_ftc_ws/install/auv_control/share/auv_control/environment/ament_prefix_path.sh
[0.346s] -- Up-to-date symlink: /home/luiso/auv_ftc_ws/install/auv_control/share/auv_control/environment/ament_prefix_path.dsv
[0.346s] -- Up-to-date symlink: /home/luiso/auv_ftc_ws/install/auv_control/share/auv_control/environment/path.sh
[0.346s] -- Up-to-date symlink: /home/luiso/auv_ftc_ws/install/auv_control/share/auv_control/environment/path.dsv
[0.346s] -- Up-to-date symlink: /home/luiso/auv_ftc_ws/install/auv_control/share/auv_control/local_setup.bash
[0.346s] -- Up-to-date symlink: /home/luiso/auv_ftc_ws/install/auv_control/share/auv_control/local_setup.sh
[0.346s] -- Up-to-date symlink: /home/luiso/auv_ftc_ws/install/auv_control/share/auv_control/local_setup.zsh
[0.347s] -- Up-to-date symlink: /home/luiso/auv_ftc_ws/install/auv_control/share/auv_control/local_setup.dsv
[0.347s] -- Symlinking: /home/luiso/auv_ftc_ws/install/auv_control/share/auv_control/package.dsv
[0.355s] -- Up-to-date symlink: /home/luiso/auv_ftc_ws/install/auv_control/share/ament_index/resource_index/packages/auv_control
[0.355s] -- Up-to-date symlink: /home/luiso/auv_ftc_ws/install/auv_control/share/auv_control/cmake/rosidl_cmake-extras.cmake
[0.355s] -- Up-to-date symlink: /home/luiso/auv_ftc_ws/install/auv_control/share/auv_control/cmake/ament_cmake_export_dependencies-extras.cmake
[0.355s] -- Up-to-date symlink: /home/luiso/auv_ftc_ws/install/auv_control/share/auv_control/cmake/ament_cmake_export_include_directories-extras.cmake
[0.355s] -- Up-to-date symlink: /home/luiso/auv_ftc_ws/install/auv_control/share/auv_control/cmake/ament_cmake_export_libraries-extras.cmake
[0.356s] -- Up-to-date symlink: /home/luiso/auv_ftc_ws/install/auv_control/share/auv_control/cmake/ament_cmake_export_targets-extras.cmake
[0.356s] -- Up-to-date symlink: /home/luiso/auv_ftc_ws/install/auv_control/share/auv_control/cmake/rosidl_cmake_export_typesupport_targets-extras.cmake
[0.356s] -- Up-to-date symlink: /home/luiso/auv_ftc_ws/install/auv_control/share/auv_control/cmake/rosidl_cmake_export_typesupport_libraries-extras.cmake
[0.356s] -- Up-to-date symlink: /home/luiso/auv_ftc_ws/install/auv_control/share/auv_control/cmake/auv_controlConfig.cmake
[0.356s] -- Up-to-date symlink: /home/luiso/auv_ftc_ws/install/auv_control/share/auv_control/cmake/auv_controlConfig-version.cmake
[0.357s] -- Up-to-date symlink: /home/luiso/auv_ftc_ws/install/auv_control/share/auv_control/package.xml
[0.357s] -- Up-to-date: /home/luiso/auv_ftc_ws/install/auv_control/lib/libauv_control__rosidl_generator_c.so
[0.357s] -- Up-to-date: /home/luiso/auv_ftc_ws/install/auv_control/lib/libauv_control__rosidl_typesupport_fastrtps_c.so
[0.357s] -- Up-to-date: /home/luiso/auv_ftc_ws/install/auv_control/lib/libauv_control__rosidl_typesupport_fastrtps_cpp.so
[0.357s] -- Up-to-date: /home/luiso/auv_ftc_ws/install/auv_control/lib/libauv_control__rosidl_typesupport_introspection_c.so
[0.358s] -- Up-to-date: /home/luiso/auv_ftc_ws/install/auv_control/lib/libauv_control__rosidl_typesupport_c.so
[0.358s] -- Up-to-date: /home/luiso/auv_ftc_ws/install/auv_control/lib/libauv_control__rosidl_typesupport_introspection_cpp.so
[0.358s] -- Up-to-date: /home/luiso/auv_ftc_ws/install/auv_control/lib/libauv_control__rosidl_typesupport_cpp.so
[0.387s] Listing '/home/luiso/auv_ftc_ws/install/auv_control/local/lib/python3.10/dist-packages/auv_control'...
[0.388s] Listing '/home/luiso/auv_ftc_ws/install/auv_control/local/lib/python3.10/dist-packages/auv_control/srv'...
[0.392s] -- Up-to-date: /home/luiso/auv_ftc_ws/install/auv_control/lib/libauv_control__rosidl_generator_py.so
[0.392s] -- Up-to-date: /home/luiso/auv_ftc_ws/install/auv_control/share/auv_control/cmake/export_auv_control__rosidl_generator_cExport.cmake
[0.392s] -- Up-to-date: /home/luiso/auv_ftc_ws/install/auv_control/share/auv_control/cmake/export_auv_control__rosidl_generator_cExport-noconfig.cmake
[0.392s] -- Up-to-date: /home/luiso/auv_ftc_ws/install/auv_control/share/auv_control/cmake/export_auv_control__rosidl_typesupport_fastrtps_cExport.cmake
[0.392s] -- Up-to-date: /home/luiso/auv_ftc_ws/install/auv_control/share/auv_control/cmake/export_auv_control__rosidl_typesupport_fastrtps_cExport-noconfig.cmake
[0.393s] -- Up-to-date: /home/luiso/auv_ftc_ws/install/auv_control/share/auv_control/cmake/export_auv_control__rosidl_generator_cppExport.cmake
[0.393s] -- Up-to-date: /home/luiso/auv_ftc_ws/install/auv_control/share/auv_control/cmake/export_auv_control__rosidl_typesupport_fastrtps_cppExport.cmake
[0.393s] -- Up-to-date: /home/luiso/auv_ftc_ws/install/auv_control/share/auv_control/cmake/export_auv_control__rosidl_typesupport_fastrtps_cppExport-noconfig.cmake
[0.393s] -- Up-to-date: /home/luiso/auv_ftc_ws/install/auv_control/share/auv_control/cmake/auv_control__rosidl_typesupport_introspection_cExport.cmake
[0.393s] -- Up-to-date: /home/luiso/auv_ftc_ws/install/auv_control/share/auv_control/cmake/auv_control__rosidl_typesupport_introspection_cExport-noconfig.cmake
[0.393s] -- Up-to-date: /home/luiso/auv_ftc_ws/install/auv_control/share/auv_control/cmake/auv_control__rosidl_typesupport_cExport.cmake
[0.393s] -- Up-to-date: /home/luiso/auv_ftc_ws/install/auv_control/share/auv_control/cmake/auv_control__rosidl_typesupport_cExport-noconfig.cmake
[0.393s] -- Up-to-date: /home/luiso/auv_ftc_ws/install/auv_control/share/auv_control/cmake/auv_control__rosidl_typesupport_introspection_cppExport.cmake
[0.393s] -- Up-to-date: /home/luiso/auv_ftc_ws/install/auv_control/share/auv_control/cmake/auv_control__rosidl_typesupport_introspection_cppExport-noconfig.cmake
[0.393s] -- Up-to-date: /home/luiso/auv_ftc_ws/install/auv_control/share/auv_control/cmake/auv_control__rosidl_typesupport_cppExport.cmake
[0.393s] -- Up-to-date: /home/luiso/auv_ftc_ws/install/auv_control/share/auv_control/cmake/auv_control__rosidl_typesupport_cppExport-noconfig.cmake
[0.393s] -- Up-to-date: /home/luiso/auv_ftc_ws/install/auv_control/share/auv_control/cmake/export_auv_control__rosidl_generator_pyExport.cmake
[0.393s] -- Up-to-date: /home/luiso/auv_ftc_ws/install/auv_control/share/auv_control/cmake/export_auv_control__rosidl_generator_pyExport-noconfig.cmake
[0.395s] Invoked command in '/home/luiso/auv_ftc_ws/build/auv_control' returned '0': CMAKE_PREFIX_PATH=${CMAKE_PREFIX_PATH}:/home/luiso/dev_ws/install/uf_ros_lib:/home/luiso/dev_ws/install/lite6_move:/opt/ros/humble /usr/bin/cmake --install /home/luiso/auv_ftc_ws/build/auv_control
