[0.429s] Invoking command in '/home/luiso/auv_ftc_ws/build/auv_bringup': AMENT_PREFIX_PATH=/home/luiso/auv_ftc_ws/install/auv_gazebo:/home/luiso/auv_ftc_ws/install/auv_description:/home/luiso/auv_ftc_ws/install/auv_control:${AMENT_PREFIX_PATH} CMAKE_PREFIX_PATH=/home/luiso/auv_ftc_ws/install/auv_gazebo:/home/luiso/auv_ftc_ws/install/auv_description:/home/luiso/auv_ftc_ws/install/auv_control:/home/luiso/dev_ws/install/xarm_planner:/home/luiso/dev_ws/install/xarm_moveit_servo:/home/luiso/dev_ws/install/xarm_moveit_config:/home/luiso/dev_ws/install/xarm_gazebo:/home/luiso/dev_ws/install/xarm_controller:/home/luiso/dev_ws/install/d435i_xarm_setup:/home/luiso/dev_ws/install/xarm_api:/home/luiso/dev_ws/install/xarm_sdk:/home/luiso/dev_ws/install/xarm_msgs:/home/luiso/dev_ws/install/xarm_description:/home/luiso/dev_ws/install/realsense_gazebo_plugin:/home/luiso/dev_ws/install/pymoveit2:/home/luiso/dev_ws/install/mbot_demo:/home/luiso/dev_ws/install/uf_ros_lib:/home/luiso/dev_ws/install/lite6_move:/opt/ros/humble LD_LIBRARY_PATH=/home/luiso/auv_ftc_ws/install/auv_control/lib:${LD_LIBRARY_PATH} PYTHONPATH=/home/luiso/auv_ftc_ws/install/auv_control/local/lib/python3.10/dist-packages:${PYTHONPATH} /usr/bin/cmake /home/luiso/auv_ftc_ws/src/auv_bringup -DAMENT_CMAKE_SYMLINK_INSTALL=1 -DCMAKE_INSTALL_PREFIX=/home/luiso/auv_ftc_ws/install/auv_bringup
[0.683s] -- The C compiler identification is GNU 11.4.0
[1.922s] -- The CXX compiler identification is GNU 11.4.0
[2.996s] -- Detecting C compiler ABI info
[3.373s] -- Detecting C compiler ABI info - done
[3.380s] -- Check for working C compiler: /usr/bin/cc - skipped
[3.381s] -- Detecting C compile features
[3.381s] -- Detecting C compile features - done
[3.384s] -- Detecting CXX compiler ABI info
[3.786s] -- Detecting CXX compiler ABI info - done
[3.793s] -- Check for working CXX compiler: /usr/bin/c++ - skipped
[3.793s] -- Detecting CXX compile features
[3.793s] -- Detecting CXX compile features - done
[3.797s] -- Found ament_cmake: 1.3.13 (/opt/ros/humble/share/ament_cmake/cmake)
[3.942s] -- Found Python3: /usr/bin/python3 (found version "3.10.12") found components: Interpreter 
[4.003s] -- Override CMake install command with custom implementation using symlinks instead of copying resources
[4.099s] -- Configuring done
[4.102s] -- Generating done
[4.104s] -- Build files have been written to: /home/luiso/auv_ftc_ws/build/auv_bringup
[4.108s] Invoked command in '/home/luiso/auv_ftc_ws/build/auv_bringup' returned '0': AMENT_PREFIX_PATH=/home/luiso/auv_ftc_ws/install/auv_gazebo:/home/luiso/auv_ftc_ws/install/auv_description:/home/luiso/auv_ftc_ws/install/auv_control:${AMENT_PREFIX_PATH} CMAKE_PREFIX_PATH=/home/luiso/auv_ftc_ws/install/auv_gazebo:/home/luiso/auv_ftc_ws/install/auv_description:/home/luiso/auv_ftc_ws/install/auv_control:/home/luiso/dev_ws/install/xarm_planner:/home/luiso/dev_ws/install/xarm_moveit_servo:/home/luiso/dev_ws/install/xarm_moveit_config:/home/luiso/dev_ws/install/xarm_gazebo:/home/luiso/dev_ws/install/xarm_controller:/home/luiso/dev_ws/install/d435i_xarm_setup:/home/luiso/dev_ws/install/xarm_api:/home/luiso/dev_ws/install/xarm_sdk:/home/luiso/dev_ws/install/xarm_msgs:/home/luiso/dev_ws/install/xarm_description:/home/luiso/dev_ws/install/realsense_gazebo_plugin:/home/luiso/dev_ws/install/pymoveit2:/home/luiso/dev_ws/install/mbot_demo:/home/luiso/dev_ws/install/uf_ros_lib:/home/luiso/dev_ws/install/lite6_move:/opt/ros/humble LD_LIBRARY_PATH=/home/luiso/auv_ftc_ws/install/auv_control/lib:${LD_LIBRARY_PATH} PYTHONPATH=/home/luiso/auv_ftc_ws/install/auv_control/local/lib/python3.10/dist-packages:${PYTHONPATH} /usr/bin/cmake /home/luiso/auv_ftc_ws/src/auv_bringup -DAMENT_CMAKE_SYMLINK_INSTALL=1 -DCMAKE_INSTALL_PREFIX=/home/luiso/auv_ftc_ws/install/auv_bringup
[4.109s] Invoking command in '/home/luiso/auv_ftc_ws/build/auv_bringup': AMENT_PREFIX_PATH=/home/luiso/auv_ftc_ws/install/auv_gazebo:/home/luiso/auv_ftc_ws/install/auv_description:/home/luiso/auv_ftc_ws/install/auv_control:${AMENT_PREFIX_PATH} CMAKE_PREFIX_PATH=/home/luiso/auv_ftc_ws/install/auv_gazebo:/home/luiso/auv_ftc_ws/install/auv_description:/home/luiso/auv_ftc_ws/install/auv_control:/home/luiso/dev_ws/install/xarm_planner:/home/luiso/dev_ws/install/xarm_moveit_servo:/home/luiso/dev_ws/install/xarm_moveit_config:/home/luiso/dev_ws/install/xarm_gazebo:/home/luiso/dev_ws/install/xarm_controller:/home/luiso/dev_ws/install/d435i_xarm_setup:/home/luiso/dev_ws/install/xarm_api:/home/luiso/dev_ws/install/xarm_sdk:/home/luiso/dev_ws/install/xarm_msgs:/home/luiso/dev_ws/install/xarm_description:/home/luiso/dev_ws/install/realsense_gazebo_plugin:/home/luiso/dev_ws/install/pymoveit2:/home/luiso/dev_ws/install/mbot_demo:/home/luiso/dev_ws/install/uf_ros_lib:/home/luiso/dev_ws/install/lite6_move:/opt/ros/humble LD_LIBRARY_PATH=/home/luiso/auv_ftc_ws/install/auv_control/lib:${LD_LIBRARY_PATH} PYTHONPATH=/home/luiso/auv_ftc_ws/install/auv_control/local/lib/python3.10/dist-packages:${PYTHONPATH} /usr/bin/cmake --build /home/luiso/auv_ftc_ws/build/auv_bringup -- -j16 -l16
[4.149s] Invoked command in '/home/luiso/auv_ftc_ws/build/auv_bringup' returned '0': AMENT_PREFIX_PATH=/home/luiso/auv_ftc_ws/install/auv_gazebo:/home/luiso/auv_ftc_ws/install/auv_description:/home/luiso/auv_ftc_ws/install/auv_control:${AMENT_PREFIX_PATH} CMAKE_PREFIX_PATH=/home/luiso/auv_ftc_ws/install/auv_gazebo:/home/luiso/auv_ftc_ws/install/auv_description:/home/luiso/auv_ftc_ws/install/auv_control:/home/luiso/dev_ws/install/xarm_planner:/home/luiso/dev_ws/install/xarm_moveit_servo:/home/luiso/dev_ws/install/xarm_moveit_config:/home/luiso/dev_ws/install/xarm_gazebo:/home/luiso/dev_ws/install/xarm_controller:/home/luiso/dev_ws/install/d435i_xarm_setup:/home/luiso/dev_ws/install/xarm_api:/home/luiso/dev_ws/install/xarm_sdk:/home/luiso/dev_ws/install/xarm_msgs:/home/luiso/dev_ws/install/xarm_description:/home/luiso/dev_ws/install/realsense_gazebo_plugin:/home/luiso/dev_ws/install/pymoveit2:/home/luiso/dev_ws/install/mbot_demo:/home/luiso/dev_ws/install/uf_ros_lib:/home/luiso/dev_ws/install/lite6_move:/opt/ros/humble LD_LIBRARY_PATH=/home/luiso/auv_ftc_ws/install/auv_control/lib:${LD_LIBRARY_PATH} PYTHONPATH=/home/luiso/auv_ftc_ws/install/auv_control/local/lib/python3.10/dist-packages:${PYTHONPATH} /usr/bin/cmake --build /home/luiso/auv_ftc_ws/build/auv_bringup -- -j16 -l16
[4.151s] Invoking command in '/home/luiso/auv_ftc_ws/build/auv_bringup': AMENT_PREFIX_PATH=/home/luiso/auv_ftc_ws/install/auv_gazebo:/home/luiso/auv_ftc_ws/install/auv_description:/home/luiso/auv_ftc_ws/install/auv_control:${AMENT_PREFIX_PATH} CMAKE_PREFIX_PATH=/home/luiso/auv_ftc_ws/install/auv_gazebo:/home/luiso/auv_ftc_ws/install/auv_description:/home/luiso/auv_ftc_ws/install/auv_control:/home/luiso/dev_ws/install/xarm_planner:/home/luiso/dev_ws/install/xarm_moveit_servo:/home/luiso/dev_ws/install/xarm_moveit_config:/home/luiso/dev_ws/install/xarm_gazebo:/home/luiso/dev_ws/install/xarm_controller:/home/luiso/dev_ws/install/d435i_xarm_setup:/home/luiso/dev_ws/install/xarm_api:/home/luiso/dev_ws/install/xarm_sdk:/home/luiso/dev_ws/install/xarm_msgs:/home/luiso/dev_ws/install/xarm_description:/home/luiso/dev_ws/install/realsense_gazebo_plugin:/home/luiso/dev_ws/install/pymoveit2:/home/luiso/dev_ws/install/mbot_demo:/home/luiso/dev_ws/install/uf_ros_lib:/home/luiso/dev_ws/install/lite6_move:/opt/ros/humble LD_LIBRARY_PATH=/home/luiso/auv_ftc_ws/install/auv_control/lib:${LD_LIBRARY_PATH} PYTHONPATH=/home/luiso/auv_ftc_ws/install/auv_control/local/lib/python3.10/dist-packages:${PYTHONPATH} /usr/bin/cmake --install /home/luiso/auv_ftc_ws/build/auv_bringup
[4.158s] -- Install configuration: ""
[4.159s] -- Execute custom install script
[4.160s] -- Symlinking: /home/luiso/auv_ftc_ws/install/auv_bringup/share/auv_bringup/launch/full_simulation.launch.py
[4.169s] -- Symlinking: /home/luiso/auv_ftc_ws/install/auv_bringup/share/auv_bringup/launch/full_simulation_with_dashboard.launch.py
[4.178s] -- Symlinking: /home/luiso/auv_ftc_ws/install/auv_bringup/share/auv_bringup/launch/reproduce_paper.launch.py
[4.186s] -- Symlinking: /home/luiso/auv_ftc_ws/install/auv_bringup/share/auv_bringup/config/plot_topics.txt
[4.195s] -- Symlinking: /home/luiso/auv_ftc_ws/install/auv_bringup/share/ament_index/resource_index/package_run_dependencies/auv_bringup
[4.203s] -- Symlinking: /home/luiso/auv_ftc_ws/install/auv_bringup/share/ament_index/resource_index/parent_prefix_path/auv_bringup
[4.212s] -- Symlinking: /home/luiso/auv_ftc_ws/install/auv_bringup/share/auv_bringup/environment/ament_prefix_path.sh
[4.220s] -- Symlinking: /home/luiso/auv_ftc_ws/install/auv_bringup/share/auv_bringup/environment/ament_prefix_path.dsv
[4.228s] -- Symlinking: /home/luiso/auv_ftc_ws/install/auv_bringup/share/auv_bringup/environment/path.sh
[4.236s] -- Symlinking: /home/luiso/auv_ftc_ws/install/auv_bringup/share/auv_bringup/environment/path.dsv
[4.247s] -- Symlinking: /home/luiso/auv_ftc_ws/install/auv_bringup/share/auv_bringup/local_setup.bash
[4.255s] -- Symlinking: /home/luiso/auv_ftc_ws/install/auv_bringup/share/auv_bringup/local_setup.sh
[4.266s] -- Symlinking: /home/luiso/auv_ftc_ws/install/auv_bringup/share/auv_bringup/local_setup.zsh
[4.275s] -- Symlinking: /home/luiso/auv_ftc_ws/install/auv_bringup/share/auv_bringup/local_setup.dsv
[4.283s] -- Symlinking: /home/luiso/auv_ftc_ws/install/auv_bringup/share/auv_bringup/package.dsv
[4.292s] -- Symlinking: /home/luiso/auv_ftc_ws/install/auv_bringup/share/ament_index/resource_index/packages/auv_bringup
[4.302s] -- Symlinking: /home/luiso/auv_ftc_ws/install/auv_bringup/share/auv_bringup/cmake/auv_bringupConfig.cmake
[4.312s] -- Symlinking: /home/luiso/auv_ftc_ws/install/auv_bringup/share/auv_bringup/cmake/auv_bringupConfig-version.cmake
[4.322s] -- Symlinking: /home/luiso/auv_ftc_ws/install/auv_bringup/share/auv_bringup/package.xml
[4.331s] Invoked command in '/home/luiso/auv_ftc_ws/build/auv_bringup' returned '0': AMENT_PREFIX_PATH=/home/luiso/auv_ftc_ws/install/auv_gazebo:/home/luiso/auv_ftc_ws/install/auv_description:/home/luiso/auv_ftc_ws/install/auv_control:${AMENT_PREFIX_PATH} CMAKE_PREFIX_PATH=/home/luiso/auv_ftc_ws/install/auv_gazebo:/home/luiso/auv_ftc_ws/install/auv_description:/home/luiso/auv_ftc_ws/install/auv_control:/home/luiso/dev_ws/install/xarm_planner:/home/luiso/dev_ws/install/xarm_moveit_servo:/home/luiso/dev_ws/install/xarm_moveit_config:/home/luiso/dev_ws/install/xarm_gazebo:/home/luiso/dev_ws/install/xarm_controller:/home/luiso/dev_ws/install/d435i_xarm_setup:/home/luiso/dev_ws/install/xarm_api:/home/luiso/dev_ws/install/xarm_sdk:/home/luiso/dev_ws/install/xarm_msgs:/home/luiso/dev_ws/install/xarm_description:/home/luiso/dev_ws/install/realsense_gazebo_plugin:/home/luiso/dev_ws/install/pymoveit2:/home/luiso/dev_ws/install/mbot_demo:/home/luiso/dev_ws/install/uf_ros_lib:/home/luiso/dev_ws/install/lite6_move:/opt/ros/humble LD_LIBRARY_PATH=/home/luiso/auv_ftc_ws/install/auv_control/lib:${LD_LIBRARY_PATH} PYTHONPATH=/home/luiso/auv_ftc_ws/install/auv_control/local/lib/python3.10/dist-packages:${PYTHONPATH} /usr/bin/cmake --install /home/luiso/auv_ftc_ws/build/auv_bringup
