[0.097s] Invoking command in '/home/luiso/auv_ftc_ws/build/auv_dashboard': CMAKE_PREFIX_PATH=/home/luiso/auv_ftc_ws/install/auv_control:/home/luiso/auv_ftc_ws/install/auv_bringup:/home/luiso/auv_ftc_ws/install/auv_gazebo:/home/luiso/auv_ftc_ws/install/auv_description:/home/luiso/auv_ftc_ws/install/auv_dashboard:/home/luiso/dev_ws/install/xarm_planner:/home/luiso/dev_ws/install/xarm_moveit_servo:/home/luiso/dev_ws/install/xarm_moveit_config:/home/luiso/dev_ws/install/xarm_gazebo:/home/luiso/dev_ws/install/xarm_controller:/home/luiso/dev_ws/install/d435i_xarm_setup:/home/luiso/dev_ws/install/xarm_api:/home/luiso/dev_ws/install/xarm_sdk:/home/luiso/dev_ws/install/xarm_msgs:/home/luiso/dev_ws/install/xarm_description:/home/luiso/dev_ws/install/realsense_gazebo_plugin:/home/luiso/dev_ws/install/pymoveit2:/home/luiso/dev_ws/install/mbot_demo:/home/luiso/dev_ws/install/uf_ros_lib:/home/luiso/dev_ws/install/lite6_move:/opt/ros/humble /usr/bin/cmake --build /home/luiso/auv_ftc_ws/build/auv_dashboard -- -j16 -l16
[0.130s] Invoked command in '/home/luiso/auv_ftc_ws/build/auv_dashboard' returned '0': CMAKE_PREFIX_PATH=/home/luiso/auv_ftc_ws/install/auv_control:/home/luiso/auv_ftc_ws/install/auv_bringup:/home/luiso/auv_ftc_ws/install/auv_gazebo:/home/luiso/auv_ftc_ws/install/auv_description:/home/luiso/auv_ftc_ws/install/auv_dashboard:/home/luiso/dev_ws/install/xarm_planner:/home/luiso/dev_ws/install/xarm_moveit_servo:/home/luiso/dev_ws/install/xarm_moveit_config:/home/luiso/dev_ws/install/xarm_gazebo:/home/luiso/dev_ws/install/xarm_controller:/home/luiso/dev_ws/install/d435i_xarm_setup:/home/luiso/dev_ws/install/xarm_api:/home/luiso/dev_ws/install/xarm_sdk:/home/luiso/dev_ws/install/xarm_msgs:/home/luiso/dev_ws/install/xarm_description:/home/luiso/dev_ws/install/realsense_gazebo_plugin:/home/luiso/dev_ws/install/pymoveit2:/home/luiso/dev_ws/install/mbot_demo:/home/luiso/dev_ws/install/uf_ros_lib:/home/luiso/dev_ws/install/lite6_move:/opt/ros/humble /usr/bin/cmake --build /home/luiso/auv_ftc_ws/build/auv_dashboard -- -j16 -l16
[0.132s] Invoking command in '/home/luiso/auv_ftc_ws/build/auv_dashboard': CMAKE_PREFIX_PATH=/home/luiso/auv_ftc_ws/install/auv_control:/home/luiso/auv_ftc_ws/install/auv_bringup:/home/luiso/auv_ftc_ws/install/auv_gazebo:/home/luiso/auv_ftc_ws/install/auv_description:/home/luiso/auv_ftc_ws/install/auv_dashboard:/home/luiso/dev_ws/install/xarm_planner:/home/luiso/dev_ws/install/xarm_moveit_servo:/home/luiso/dev_ws/install/xarm_moveit_config:/home/luiso/dev_ws/install/xarm_gazebo:/home/luiso/dev_ws/install/xarm_controller:/home/luiso/dev_ws/install/d435i_xarm_setup:/home/luiso/dev_ws/install/xarm_api:/home/luiso/dev_ws/install/xarm_sdk:/home/luiso/dev_ws/install/xarm_msgs:/home/luiso/dev_ws/install/xarm_description:/home/luiso/dev_ws/install/realsense_gazebo_plugin:/home/luiso/dev_ws/install/pymoveit2:/home/luiso/dev_ws/install/mbot_demo:/home/luiso/dev_ws/install/uf_ros_lib:/home/luiso/dev_ws/install/lite6_move:/opt/ros/humble /usr/bin/cmake --install /home/luiso/auv_ftc_ws/build/auv_dashboard
[0.138s] -- Install configuration: ""
[0.139s] -- Execute custom install script
[0.140s] -- Up-to-date symlink: /home/luiso/auv_ftc_ws/install/auv_dashboard/share/auv_dashboard/launch/dashboard.launch.py
[0.140s] -- Up-to-date symlink: /home/luiso/auv_ftc_ws/install/auv_dashboard/share/auv_dashboard/web/dashboard.html
[0.141s] -- Up-to-date symlink: /home/luiso/auv_ftc_ws/install/auv_dashboard/share/ament_index/resource_index/package_run_dependencies/auv_dashboard
[0.142s] -- Up-to-date symlink: /home/luiso/auv_ftc_ws/install/auv_dashboard/share/ament_index/resource_index/parent_prefix_path/auv_dashboard
[0.142s] -- Up-to-date symlink: /home/luiso/auv_ftc_ws/install/auv_dashboard/share/auv_dashboard/environment/ament_prefix_path.sh
[0.144s] -- Up-to-date symlink: /home/luiso/auv_ftc_ws/install/auv_dashboard/share/auv_dashboard/environment/ament_prefix_path.dsv
[0.144s] -- Up-to-date symlink: /home/luiso/auv_ftc_ws/install/auv_dashboard/share/auv_dashboard/environment/path.sh
[0.144s] -- Up-to-date symlink: /home/luiso/auv_ftc_ws/install/auv_dashboard/share/auv_dashboard/environment/path.dsv
[0.144s] -- Up-to-date symlink: /home/luiso/auv_ftc_ws/install/auv_dashboard/share/auv_dashboard/local_setup.bash
[0.145s] -- Up-to-date symlink: /home/luiso/auv_ftc_ws/install/auv_dashboard/share/auv_dashboard/local_setup.sh
[0.146s] -- Up-to-date symlink: /home/luiso/auv_ftc_ws/install/auv_dashboard/share/auv_dashboard/local_setup.zsh
[0.146s] -- Up-to-date symlink: /home/luiso/auv_ftc_ws/install/auv_dashboard/share/auv_dashboard/local_setup.dsv
[0.146s] -- Symlinking: /home/luiso/auv_ftc_ws/install/auv_dashboard/share/auv_dashboard/package.dsv
[0.157s] -- Up-to-date symlink: /home/luiso/auv_ftc_ws/install/auv_dashboard/share/ament_index/resource_index/packages/auv_dashboard
[0.157s] -- Up-to-date symlink: /home/luiso/auv_ftc_ws/install/auv_dashboard/share/auv_dashboard/cmake/auv_dashboardConfig.cmake
[0.157s] -- Up-to-date symlink: /home/luiso/auv_ftc_ws/install/auv_dashboard/share/auv_dashboard/cmake/auv_dashboardConfig-version.cmake
[0.158s] -- Up-to-date symlink: /home/luiso/auv_ftc_ws/install/auv_dashboard/share/auv_dashboard/package.xml
[0.160s] Invoked command in '/home/luiso/auv_ftc_ws/build/auv_dashboard' returned '0': CMAKE_PREFIX_PATH=/home/luiso/auv_ftc_ws/install/auv_control:/home/luiso/auv_ftc_ws/install/auv_bringup:/home/luiso/auv_ftc_ws/install/auv_gazebo:/home/luiso/auv_ftc_ws/install/auv_description:/home/luiso/auv_ftc_ws/install/auv_dashboard:/home/luiso/dev_ws/install/xarm_planner:/home/luiso/dev_ws/install/xarm_moveit_servo:/home/luiso/dev_ws/install/xarm_moveit_config:/home/luiso/dev_ws/install/xarm_gazebo:/home/luiso/dev_ws/install/xarm_controller:/home/luiso/dev_ws/install/d435i_xarm_setup:/home/luiso/dev_ws/install/xarm_api:/home/luiso/dev_ws/install/xarm_sdk:/home/luiso/dev_ws/install/xarm_msgs:/home/luiso/dev_ws/install/xarm_description:/home/luiso/dev_ws/install/realsense_gazebo_plugin:/home/luiso/dev_ws/install/pymoveit2:/home/luiso/dev_ws/install/mbot_demo:/home/luiso/dev_ws/install/uf_ros_lib:/home/luiso/dev_ws/install/lite6_move:/opt/ros/humble /usr/bin/cmake --install /home/luiso/auv_ftc_ws/build/auv_dashboard
