[0.017s] Invoking command in '/home/luiso/auv_ftc_ws/build/auv_description': CMAKE_PREFIX_PATH=${CMAKE_PREFIX_PATH}:/home/luiso/dev_ws/install/uf_ros_lib:/home/luiso/dev_ws/install/lite6_move:/opt/ros/humble /usr/bin/cmake --build /home/luiso/auv_ftc_ws/build/auv_description -- -j16 -l16
[0.054s] Invoked command in '/home/luiso/auv_ftc_ws/build/auv_description' returned '0': CMAKE_PREFIX_PATH=${CMAKE_PREFIX_PATH}:/home/luiso/dev_ws/install/uf_ros_lib:/home/luiso/dev_ws/install/lite6_move:/opt/ros/humble /usr/bin/cmake --build /home/luiso/auv_ftc_ws/build/auv_description -- -j16 -l16
[0.064s] Invoking command in '/home/luiso/auv_ftc_ws/build/auv_description': CMAKE_PREFIX_PATH=${CMAKE_PREFIX_PATH}:/home/luiso/dev_ws/install/uf_ros_lib:/home/luiso/dev_ws/install/lite6_move:/opt/ros/humble /usr/bin/cmake --install /home/luiso/auv_ftc_ws/build/auv_description
[0.071s] -- Install configuration: ""
[0.072s] -- Execute custom install script
[0.073s] -- Up-to-date symlink: /home/luiso/auv_ftc_ws/install/auv_description/share/auv_description/urdf/auv.urdf.xacro
[0.073s] -- Up-to-date symlink: /home/luiso/auv_ftc_ws/install/auv_description/share/auv_description/urdf/rexrov.urdf.xacro
[0.074s] -- Up-to-date symlink: /home/luiso/auv_ftc_ws/install/auv_description/share/auv_description/launch/display.launch.py
[0.074s] -- Up-to-date symlink: /home/luiso/auv_ftc_ws/install/auv_description/share/auv_description/rviz/auv.rviz
[0.074s] -- Up-to-date symlink: /home/luiso/auv_ftc_ws/install/auv_description/share/auv_description/meshes/RexROV_no_props.stl
[0.075s] -- Up-to-date symlink: /home/luiso/auv_ftc_ws/install/auv_description/share/auv_description/meshes/prop.dae
[0.075s] -- Up-to-date symlink: /home/luiso/auv_ftc_ws/install/auv_description/share/ament_index/resource_index/package_run_dependencies/auv_description
[0.076s] -- Up-to-date symlink: /home/luiso/auv_ftc_ws/install/auv_description/share/ament_index/resource_index/parent_prefix_path/auv_description
[0.077s] -- Up-to-date symlink: /home/luiso/auv_ftc_ws/install/auv_description/share/auv_description/environment/ament_prefix_path.sh
[0.077s] -- Up-to-date symlink: /home/luiso/auv_ftc_ws/install/auv_description/share/auv_description/environment/ament_prefix_path.dsv
[0.077s] -- Up-to-date symlink: /home/luiso/auv_ftc_ws/install/auv_description/share/auv_description/environment/path.sh
[0.078s] -- Up-to-date symlink: /home/luiso/auv_ftc_ws/install/auv_description/share/auv_description/environment/path.dsv
[0.078s] -- Up-to-date symlink: /home/luiso/auv_ftc_ws/install/auv_description/share/auv_description/local_setup.bash
[0.078s] -- Up-to-date symlink: /home/luiso/auv_ftc_ws/install/auv_description/share/auv_description/local_setup.sh
[0.078s] -- Up-to-date symlink: /home/luiso/auv_ftc_ws/install/auv_description/share/auv_description/local_setup.zsh
[0.078s] -- Up-to-date symlink: /home/luiso/auv_ftc_ws/install/auv_description/share/auv_description/local_setup.dsv
[0.078s] -- Symlinking: /home/luiso/auv_ftc_ws/install/auv_description/share/auv_description/package.dsv
[0.088s] -- Up-to-date symlink: /home/luiso/auv_ftc_ws/install/auv_description/share/ament_index/resource_index/packages/auv_description
[0.088s] -- Up-to-date symlink: /home/luiso/auv_ftc_ws/install/auv_description/share/auv_description/cmake/auv_descriptionConfig.cmake
[0.088s] -- Up-to-date symlink: /home/luiso/auv_ftc_ws/install/auv_description/share/auv_description/cmake/auv_descriptionConfig-version.cmake
[0.089s] -- Up-to-date symlink: /home/luiso/auv_ftc_ws/install/auv_description/share/auv_description/package.xml
[0.092s] Invoked command in '/home/luiso/auv_ftc_ws/build/auv_description' returned '0': CMAKE_PREFIX_PATH=${CMAKE_PREFIX_PATH}:/home/luiso/dev_ws/install/uf_ros_lib:/home/luiso/dev_ws/install/lite6_move:/opt/ros/humble /usr/bin/cmake --install /home/luiso/auv_ftc_ws/build/auv_description
