[0.027s] Invoking command in '/home/luiso/auv_ftc_ws/build/auv_control': CMAKE_PREFIX_PATH=${CMAKE_PREFIX_PATH}:/home/luiso/dev_ws/install/uf_ros_lib:/home/luiso/dev_ws/install/lite6_move:/opt/ros/humble /usr/bin/cmake /home/luiso/auv_ftc_ws/src/auv_control -DAMENT_CMAKE_SYMLINK_INSTALL=1 -DCMAKE_INSTALL_PREFIX=/home/luiso/auv_ftc_ws/install/auv_control
[0.425s] -- The C compiler identification is GNU 11.4.0
[1.553s] -- The CXX compiler identification is GNU 11.4.0
[2.528s] -- Detecting C compiler ABI info
[2.794s] -- Detecting C compiler ABI info - done
[2.800s] -- Check for working C compiler: /usr/bin/cc - skipped
[2.801s] -- Detecting C compile features
[2.802s] -- Detecting C compile features - done
[2.809s] -- Detecting CXX compiler ABI info
[3.073s] -- Detecting CXX compiler ABI info - done
[3.082s] -- Check for working CXX compiler: /usr/bin/c++ - skipped
[3.082s] -- Detecting CXX compile features
[3.082s] -- Detecting CXX compile features - done
[3.091s] -- Found ament_cmake: 1.3.13 (/opt/ros/humble/share/ament_cmake/cmake)
[3.246s] -- Found Python3: /usr/bin/python3 (found version "3.10.12") found components: Interpreter 
[3.318s] -- Override CMake install command with custom implementation using symlinks instead of copying resources
[3.386s] -- Found rclcpp: 16.0.18 (/opt/ros/humble/share/rclcpp/cmake)
[3.859s] -- Found rosidl_generator_c: 3.1.8 (/opt/ros/humble/share/rosidl_generator_c/cmake)
[3.871s] -- Found rosidl_adapter: 3.1.8 (/opt/ros/humble/share/rosidl_adapter/cmake)
[3.891s] -- Found rosidl_generator_cpp: 3.1.8 (/opt/ros/humble/share/rosidl_generator_cpp/cmake)
[3.913s] -- Using all available rosidl_typesupport_c: rosidl_typesupport_fastrtps_c;rosidl_typesupport_introspection_c
[3.942s] -- Using all available rosidl_typesupport_cpp: rosidl_typesupport_fastrtps_cpp;rosidl_typesupport_introspection_cpp
[4.020s] -- Found rmw_implementation_cmake: 6.1.2 (/opt/ros/humble/share/rmw_implementation_cmake/cmake)
[4.028s] -- Found rmw_fastrtps_cpp: 6.2.10 (/opt/ros/humble/share/rmw_fastrtps_cpp/cmake)
[8.333s] -- Found OpenSSL: /usr/lib/x86_64-linux-gnu/libcrypto.so (found version "3.0.2")  
[13.004s] -- Found FastRTPS: /opt/ros/humble/include  
