[0.542s] DEBUG:colcon:Command line arguments: ['/usr/bin/colcon', 'build', '--symlink-install']
[0.542s] DEBUG:colcon:Parsed command line arguments: Namespace(log_base=None, log_level=None, verb_name='build', build_base='build', install_base='install', merge_install=False, symlink_install=True, test_result_base=None, continue_on_error=False, executor='parallel', parallel_workers=16, event_handlers=None, ignore_user_meta=False, metas=['./colcon.meta'], base_paths=['.'], packages_ignore=None, packages_ignore_regex=None, paths=None, packages_up_to=None, packages_up_to_regex=None, packages_above=None, packages_above_and_dependencies=None, packages_above_depth=None, packages_select_by_dep=None, packages_skip_by_dep=None, packages_skip_up_to=None, packages_select_build_failed=False, packages_skip_build_finished=False, packages_select_test_failures=False, packages_skip_test_passed=False, packages_select=None, packages_skip=None, packages_select_regex=None, packages_skip_regex=None, packages_start=None, packages_end=None, allow_overriding=[], cmake_args=None, cmake_target=None, cmake_target_skip_unavailable=False, cmake_clean_cache=False, cmake_clean_first=False, cmake_force_configure=False, ament_cmake_args=None, catkin_cmake_args=None, catkin_skip_building_tests=False, verb_parser=<colcon_defaults.argument_parser.defaults.DefaultArgumentsDecorator object at 0x7bc86b955d20>, verb_extension=<colcon_core.verb.build.BuildVerb object at 0x7bc86b9558d0>, main=<bound method BuildVerb.main of <colcon_core.verb.build.BuildVerb object at 0x7bc86b9558d0>>)
[0.680s] Level 1:colcon.colcon_core.package_discovery:discover_packages(colcon_meta) check parameters
[0.680s] Level 1:colcon.colcon_core.package_discovery:discover_packages(recursive) check parameters
[0.680s] Level 1:colcon.colcon_core.package_discovery:discover_packages(ignore) check parameters
[0.680s] Level 1:colcon.colcon_core.package_discovery:discover_packages(path) check parameters
[0.680s] Level 1:colcon.colcon_core.package_discovery:discover_packages(colcon_meta) discover
[0.680s] Level 1:colcon.colcon_core.package_discovery:discover_packages(recursive) discover
[0.681s] INFO:colcon.colcon_core.package_discovery:Crawling recursively for packages in '/home/luiso/auv_ftc_ws'
[0.681s] Level 1:colcon.colcon_core.package_identification:_identify(.) by extensions ['ignore', 'ignore_ament_install']
[0.681s] Level 1:colcon.colcon_core.package_identification:_identify(.) by extension 'ignore'
[0.681s] Level 1:colcon.colcon_core.package_identification:_identify(.) by extension 'ignore_ament_install'
[0.681s] Level 1:colcon.colcon_core.package_identification:_identify(.) by extensions ['colcon_pkg']
[0.681s] Level 1:colcon.colcon_core.package_identification:_identify(.) by extension 'colcon_pkg'
[0.681s] Level 1:colcon.colcon_core.package_identification:_identify(.) by extensions ['colcon_meta']
[0.681s] Level 1:colcon.colcon_core.package_identification:_identify(.) by extension 'colcon_meta'
[0.681s] Level 1:colcon.colcon_core.package_identification:_identify(.) by extensions ['ros']
[0.681s] Level 1:colcon.colcon_core.package_identification:_identify(.) by extension 'ros'
[0.692s] Level 1:colcon.colcon_core.package_identification:_identify(.) by extensions ['cmake', 'python']
[0.692s] Level 1:colcon.colcon_core.package_identification:_identify(.) by extension 'cmake'
[0.692s] Level 1:colcon.colcon_core.package_identification:_identify(.) by extension 'python'
[0.692s] Level 1:colcon.colcon_core.package_identification:_identify(.) by extensions ['python_setup_py']
[0.692s] Level 1:colcon.colcon_core.package_identification:_identify(.) by extension 'python_setup_py'
[0.692s] Level 1:colcon.colcon_core.package_identification:_identify(build) by extensions ['ignore', 'ignore_ament_install']
[0.693s] Level 1:colcon.colcon_core.package_identification:_identify(build) by extension 'ignore'
[0.693s] Level 1:colcon.colcon_core.package_identification:_identify(build) ignored
[0.693s] Level 1:colcon.colcon_core.package_identification:_identify(install) by extensions ['ignore', 'ignore_ament_install']
[0.693s] Level 1:colcon.colcon_core.package_identification:_identify(install) by extension 'ignore'
[0.693s] Level 1:colcon.colcon_core.package_identification:_identify(install) ignored
[0.693s] Level 1:colcon.colcon_core.package_identification:_identify(log) by extensions ['ignore', 'ignore_ament_install']
[0.693s] Level 1:colcon.colcon_core.package_identification:_identify(log) by extension 'ignore'
[0.693s] Level 1:colcon.colcon_core.package_identification:_identify(log) ignored
[0.693s] Level 1:colcon.colcon_core.package_identification:_identify(src) by extensions ['ignore', 'ignore_ament_install']
[0.693s] Level 1:colcon.colcon_core.package_identification:_identify(src) by extension 'ignore'
[0.693s] Level 1:colcon.colcon_core.package_identification:_identify(src) by extension 'ignore_ament_install'
[0.693s] Level 1:colcon.colcon_core.package_identification:_identify(src) by extensions ['colcon_pkg']
[0.693s] Level 1:colcon.colcon_core.package_identification:_identify(src) by extension 'colcon_pkg'
[0.694s] Level 1:colcon.colcon_core.package_identification:_identify(src) by extensions ['colcon_meta']
[0.694s] Level 1:colcon.colcon_core.package_identification:_identify(src) by extension 'colcon_meta'
[0.694s] Level 1:colcon.colcon_core.package_identification:_identify(src) by extensions ['ros']
[0.694s] Level 1:colcon.colcon_core.package_identification:_identify(src) by extension 'ros'
[0.694s] Level 1:colcon.colcon_core.package_identification:_identify(src) by extensions ['cmake', 'python']
[0.694s] Level 1:colcon.colcon_core.package_identification:_identify(src) by extension 'cmake'
[0.694s] Level 1:colcon.colcon_core.package_identification:_identify(src) by extension 'python'
[0.694s] Level 1:colcon.colcon_core.package_identification:_identify(src) by extensions ['python_setup_py']
[0.694s] Level 1:colcon.colcon_core.package_identification:_identify(src) by extension 'python_setup_py'
[0.694s] Level 1:colcon.colcon_core.package_identification:_identify(src/auv_bringup) by extensions ['ignore', 'ignore_ament_install']
[0.694s] Level 1:colcon.colcon_core.package_identification:_identify(src/auv_bringup) by extension 'ignore'
[0.694s] Level 1:colcon.colcon_core.package_identification:_identify(src/auv_bringup) by extension 'ignore_ament_install'
[0.694s] Level 1:colcon.colcon_core.package_identification:_identify(src/auv_bringup) by extensions ['colcon_pkg']
[0.694s] Level 1:colcon.colcon_core.package_identification:_identify(src/auv_bringup) by extension 'colcon_pkg'
[0.694s] Level 1:colcon.colcon_core.package_identification:_identify(src/auv_bringup) by extensions ['colcon_meta']
[0.694s] Level 1:colcon.colcon_core.package_identification:_identify(src/auv_bringup) by extension 'colcon_meta'
[0.694s] Level 1:colcon.colcon_core.package_identification:_identify(src/auv_bringup) by extensions ['ros']
[0.694s] Level 1:colcon.colcon_core.package_identification:_identify(src/auv_bringup) by extension 'ros'
[0.696s] DEBUG:colcon.colcon_core.package_identification:Package 'src/auv_bringup' with type 'ros.ament_cmake' and name 'auv_bringup'
[0.697s] Level 1:colcon.colcon_core.package_identification:_identify(src/auv_control) by extensions ['ignore', 'ignore_ament_install']
[0.697s] Level 1:colcon.colcon_core.package_identification:_identify(src/auv_control) by extension 'ignore'
[0.697s] Level 1:colcon.colcon_core.package_identification:_identify(src/auv_control) by extension 'ignore_ament_install'
[0.697s] Level 1:colcon.colcon_core.package_identification:_identify(src/auv_control) by extensions ['colcon_pkg']
[0.697s] Level 1:colcon.colcon_core.package_identification:_identify(src/auv_control) by extension 'colcon_pkg'
[0.697s] Level 1:colcon.colcon_core.package_identification:_identify(src/auv_control) by extensions ['colcon_meta']
[0.697s] Level 1:colcon.colcon_core.package_identification:_identify(src/auv_control) by extension 'colcon_meta'
[0.697s] Level 1:colcon.colcon_core.package_identification:_identify(src/auv_control) by extensions ['ros']
[0.697s] Level 1:colcon.colcon_core.package_identification:_identify(src/auv_control) by extension 'ros'
[0.698s] DEBUG:colcon.colcon_core.package_identification:Package 'src/auv_control' with type 'ros.ament_cmake' and name 'auv_control'
[0.698s] Level 1:colcon.colcon_core.package_identification:_identify(src/auv_dashboard) by extensions ['ignore', 'ignore_ament_install']
[0.698s] Level 1:colcon.colcon_core.package_identification:_identify(src/auv_dashboard) by extension 'ignore'
[0.698s] Level 1:colcon.colcon_core.package_identification:_identify(src/auv_dashboard) by extension 'ignore_ament_install'
[0.698s] Level 1:colcon.colcon_core.package_identification:_identify(src/auv_dashboard) by extensions ['colcon_pkg']
[0.699s] Level 1:colcon.colcon_core.package_identification:_identify(src/auv_dashboard) by extension 'colcon_pkg'
[0.699s] Level 1:colcon.colcon_core.package_identification:_identify(src/auv_dashboard) by extensions ['colcon_meta']
[0.699s] Level 1:colcon.colcon_core.package_identification:_identify(src/auv_dashboard) by extension 'colcon_meta'
[0.699s] Level 1:colcon.colcon_core.package_identification:_identify(src/auv_dashboard) by extensions ['ros']
[0.699s] Level 1:colcon.colcon_core.package_identification:_identify(src/auv_dashboard) by extension 'ros'
[0.699s] DEBUG:colcon.colcon_core.package_identification:Package 'src/auv_dashboard' with type 'ros.ament_cmake' and name 'auv_dashboard'
[0.699s] Level 1:colcon.colcon_core.package_identification:_identify(src/auv_description) by extensions ['ignore', 'ignore_ament_install']
[0.699s] Level 1:colcon.colcon_core.package_identification:_identify(src/auv_description) by extension 'ignore'
[0.699s] Level 1:colcon.colcon_core.package_identification:_identify(src/auv_description) by extension 'ignore_ament_install'
[0.699s] Level 1:colcon.colcon_core.package_identification:_identify(src/auv_description) by extensions ['colcon_pkg']
[0.699s] Level 1:colcon.colcon_core.package_identification:_identify(src/auv_description) by extension 'colcon_pkg'
[0.699s] Level 1:colcon.colcon_core.package_identification:_identify(src/auv_description) by extensions ['colcon_meta']
[0.700s] Level 1:colcon.colcon_core.package_identification:_identify(src/auv_description) by extension 'colcon_meta'
[0.700s] Level 1:colcon.colcon_core.package_identification:_identify(src/auv_description) by extensions ['ros']
[0.700s] Level 1:colcon.colcon_core.package_identification:_identify(src/auv_description) by extension 'ros'
[0.700s] DEBUG:colcon.colcon_core.package_identification:Package 'src/auv_description' with type 'ros.ament_cmake' and name 'auv_description'
[0.700s] Level 1:colcon.colcon_core.package_identification:_identify(src/auv_gazebo) by extensions ['ignore', 'ignore_ament_install']
[0.700s] Level 1:colcon.colcon_core.package_identification:_identify(src/auv_gazebo) by extension 'ignore'
[0.700s] Level 1:colcon.colcon_core.package_identification:_identify(src/auv_gazebo) by extension 'ignore_ament_install'
[0.700s] Level 1:colcon.colcon_core.package_identification:_identify(src/auv_gazebo) by extensions ['colcon_pkg']
[0.700s] Level 1:colcon.colcon_core.package_identification:_identify(src/auv_gazebo) by extension 'colcon_pkg'
[0.700s] Level 1:colcon.colcon_core.package_identification:_identify(src/auv_gazebo) by extensions ['colcon_meta']
[0.701s] Level 1:colcon.colcon_core.package_identification:_identify(src/auv_gazebo) by extension 'colcon_meta'
[0.701s] Level 1:colcon.colcon_core.package_identification:_identify(src/auv_gazebo) by extensions ['ros']
[0.701s] Level 1:colcon.colcon_core.package_identification:_identify(src/auv_gazebo) by extension 'ros'
[0.701s] DEBUG:colcon.colcon_core.package_identification:Package 'src/auv_gazebo' with type 'ros.ament_cmake' and name 'auv_gazebo'
[0.701s] Level 1:colcon.colcon_core.package_discovery:discover_packages(recursive) using defaults
[0.701s] Level 1:colcon.colcon_core.package_discovery:discover_packages(ignore) discover
[0.701s] Level 1:colcon.colcon_core.package_discovery:discover_packages(ignore) using defaults
[0.701s] Level 1:colcon.colcon_core.package_discovery:discover_packages(path) discover
[0.701s] Level 1:colcon.colcon_core.package_discovery:discover_packages(path) using defaults
[0.729s] Level 1:colcon.colcon_core.package_discovery:discover_packages(prefix_path) check parameters
[0.729s] Level 1:colcon.colcon_core.package_discovery:discover_packages(prefix_path) discover
[0.732s] DEBUG:colcon.colcon_installed_package_information.package_discovery:Found 15 installed packages in /home/luiso/dev_ws/install
[0.733s] DEBUG:colcon.colcon_installed_package_information.package_discovery:Found 346 installed packages in /opt/ros/humble
[0.734s] Level 1:colcon.colcon_core.package_discovery:discover_packages(prefix_path) using defaults
[0.771s] Level 5:colcon.colcon_core.verb:set package 'auv_control' build argument 'cmake_args' from command line to 'None'
[0.771s] Level 5:colcon.colcon_core.verb:set package 'auv_control' build argument 'cmake_target' from command line to 'None'
[0.771s] Level 5:colcon.colcon_core.verb:set package 'auv_control' build argument 'cmake_target_skip_unavailable' from command line to 'False'
[0.771s] Level 5:colcon.colcon_core.verb:set package 'auv_control' build argument 'cmake_clean_cache' from command line to 'False'
[0.771s] Level 5:colcon.colcon_core.verb:set package 'auv_control' build argument 'cmake_clean_first' from command line to 'False'
[0.771s] Level 5:colcon.colcon_core.verb:set package 'auv_control' build argument 'cmake_force_configure' from command line to 'False'
[0.771s] Level 5:colcon.colcon_core.verb:set package 'auv_control' build argument 'ament_cmake_args' from command line to 'None'
[0.771s] Level 5:colcon.colcon_core.verb:set package 'auv_control' build argument 'catkin_cmake_args' from command line to 'None'
[0.771s] Level 5:colcon.colcon_core.verb:set package 'auv_control' build argument 'catkin_skip_building_tests' from command line to 'False'
[0.771s] DEBUG:colcon.colcon_core.verb:Building package 'auv_control' with the following arguments: {'ament_cmake_args': None, 'build_base': '/home/luiso/auv_ftc_ws/build/auv_control', 'catkin_cmake_args': None, 'catkin_skip_building_tests': False, 'cmake_args': None, 'cmake_clean_cache': False, 'cmake_clean_first': False, 'cmake_force_configure': False, 'cmake_target': None, 'cmake_target_skip_unavailable': False, 'install_base': '/home/luiso/auv_ftc_ws/install/auv_control', 'merge_install': False, 'path': '/home/luiso/auv_ftc_ws/src/auv_control', 'symlink_install': True, 'test_result_base': None}
[0.772s] Level 5:colcon.colcon_core.verb:set package 'auv_description' build argument 'cmake_args' from command line to 'None'
[0.772s] Level 5:colcon.colcon_core.verb:set package 'auv_description' build argument 'cmake_target' from command line to 'None'
[0.772s] Level 5:colcon.colcon_core.verb:set package 'auv_description' build argument 'cmake_target_skip_unavailable' from command line to 'False'
[0.772s] Level 5:colcon.colcon_core.verb:set package 'auv_description' build argument 'cmake_clean_cache' from command line to 'False'
[0.772s] Level 5:colcon.colcon_core.verb:set package 'auv_description' build argument 'cmake_clean_first' from command line to 'False'
[0.772s] Level 5:colcon.colcon_core.verb:set package 'auv_description' build argument 'cmake_force_configure' from command line to 'False'
[0.772s] Level 5:colcon.colcon_core.verb:set package 'auv_description' build argument 'ament_cmake_args' from command line to 'None'
[0.772s] Level 5:colcon.colcon_core.verb:set package 'auv_description' build argument 'catkin_cmake_args' from command line to 'None'
[0.772s] Level 5:colcon.colcon_core.verb:set package 'auv_description' build argument 'catkin_skip_building_tests' from command line to 'False'
[0.772s] DEBUG:colcon.colcon_core.verb:Building package 'auv_description' with the following arguments: {'ament_cmake_args': None, 'build_base': '/home/luiso/auv_ftc_ws/build/auv_description', 'catkin_cmake_args': None, 'catkin_skip_building_tests': False, 'cmake_args': None, 'cmake_clean_cache': False, 'cmake_clean_first': False, 'cmake_force_configure': False, 'cmake_target': None, 'cmake_target_skip_unavailable': False, 'install_base': '/home/luiso/auv_ftc_ws/install/auv_description', 'merge_install': False, 'path': '/home/luiso/auv_ftc_ws/src/auv_description', 'symlink_install': True, 'test_result_base': None}
[0.772s] Level 5:colcon.colcon_core.verb:set package 'auv_dashboard' build argument 'cmake_args' from command line to 'None'
[0.772s] Level 5:colcon.colcon_core.verb:set package 'auv_dashboard' build argument 'cmake_target' from command line to 'None'
[0.772s] Level 5:colcon.colcon_core.verb:set package 'auv_dashboard' build argument 'cmake_target_skip_unavailable' from command line to 'False'
[0.772s] Level 5:colcon.colcon_core.verb:set package 'auv_dashboard' build argument 'cmake_clean_cache' from command line to 'False'
[0.772s] Level 5:colcon.colcon_core.verb:set package 'auv_dashboard' build argument 'cmake_clean_first' from command line to 'False'
[0.772s] Level 5:colcon.colcon_core.verb:set package 'auv_dashboard' build argument 'cmake_force_configure' from command line to 'False'
[0.772s] Level 5:colcon.colcon_core.verb:set package 'auv_dashboard' build argument 'ament_cmake_args' from command line to 'None'
[0.772s] Level 5:colcon.colcon_core.verb:set package 'auv_dashboard' build argument 'catkin_cmake_args' from command line to 'None'
[0.772s] Level 5:colcon.colcon_core.verb:set package 'auv_dashboard' build argument 'catkin_skip_building_tests' from command line to 'False'
[0.772s] DEBUG:colcon.colcon_core.verb:Building package 'auv_dashboard' with the following arguments: {'ament_cmake_args': None, 'build_base': '/home/luiso/auv_ftc_ws/build/auv_dashboard', 'catkin_cmake_args': None, 'catkin_skip_building_tests': False, 'cmake_args': None, 'cmake_clean_cache': False, 'cmake_clean_first': False, 'cmake_force_configure': False, 'cmake_target': None, 'cmake_target_skip_unavailable': False, 'install_base': '/home/luiso/auv_ftc_ws/install/auv_dashboard', 'merge_install': False, 'path': '/home/luiso/auv_ftc_ws/src/auv_dashboard', 'symlink_install': True, 'test_result_base': None}
[0.772s] Level 5:colcon.colcon_core.verb:set package 'auv_gazebo' build argument 'cmake_args' from command line to 'None'
[0.773s] Level 5:colcon.colcon_core.verb:set package 'auv_gazebo' build argument 'cmake_target' from command line to 'None'
[0.773s] Level 5:colcon.colcon_core.verb:set package 'auv_gazebo' build argument 'cmake_target_skip_unavailable' from command line to 'False'
[0.773s] Level 5:colcon.colcon_core.verb:set package 'auv_gazebo' build argument 'cmake_clean_cache' from command line to 'False'
[0.773s] Level 5:colcon.colcon_core.verb:set package 'auv_gazebo' build argument 'cmake_clean_first' from command line to 'False'
[0.773s] Level 5:colcon.colcon_core.verb:set package 'auv_gazebo' build argument 'cmake_force_configure' from command line to 'False'
[0.773s] Level 5:colcon.colcon_core.verb:set package 'auv_gazebo' build argument 'ament_cmake_args' from command line to 'None'
[0.773s] Level 5:colcon.colcon_core.verb:set package 'auv_gazebo' build argument 'catkin_cmake_args' from command line to 'None'
[0.773s] Level 5:colcon.colcon_core.verb:set package 'auv_gazebo' build argument 'catkin_skip_building_tests' from command line to 'False'
[0.773s] DEBUG:colcon.colcon_core.verb:Building package 'auv_gazebo' with the following arguments: {'ament_cmake_args': None, 'build_base': '/home/luiso/auv_ftc_ws/build/auv_gazebo', 'catkin_cmake_args': None, 'catkin_skip_building_tests': False, 'cmake_args': None, 'cmake_clean_cache': False, 'cmake_clean_first': False, 'cmake_force_configure': False, 'cmake_target': None, 'cmake_target_skip_unavailable': False, 'install_base': '/home/luiso/auv_ftc_ws/install/auv_gazebo', 'merge_install': False, 'path': '/home/luiso/auv_ftc_ws/src/auv_gazebo', 'symlink_install': True, 'test_result_base': None}
[0.773s] Level 5:colcon.colcon_core.verb:set package 'auv_bringup' build argument 'cmake_args' from command line to 'None'
[0.773s] Level 5:colcon.colcon_core.verb:set package 'auv_bringup' build argument 'cmake_target' from command line to 'None'
[0.773s] Level 5:colcon.colcon_core.verb:set package 'auv_bringup' build argument 'cmake_target_skip_unavailable' from command line to 'False'
[0.773s] Level 5:colcon.colcon_core.verb:set package 'auv_bringup' build argument 'cmake_clean_cache' from command line to 'False'
[0.773s] Level 5:colcon.colcon_core.verb:set package 'auv_bringup' build argument 'cmake_clean_first' from command line to 'False'
[0.773s] Level 5:colcon.colcon_core.verb:set package 'auv_bringup' build argument 'cmake_force_configure' from command line to 'False'
[0.773s] Level 5:colcon.colcon_core.verb:set package 'auv_bringup' build argument 'ament_cmake_args' from command line to 'None'
[0.773s] Level 5:colcon.colcon_core.verb:set package 'auv_bringup' build argument 'catkin_cmake_args' from command line to 'None'
[0.773s] Level 5:colcon.colcon_core.verb:set package 'auv_bringup' build argument 'catkin_skip_building_tests' from command line to 'False'
[0.773s] DEBUG:colcon.colcon_core.verb:Building package 'auv_bringup' with the following arguments: {'ament_cmake_args': None, 'build_base': '/home/luiso/auv_ftc_ws/build/auv_bringup', 'catkin_cmake_args': None, 'catkin_skip_building_tests': False, 'cmake_args': None, 'cmake_clean_cache': False, 'cmake_clean_first': False, 'cmake_force_configure': False, 'cmake_target': None, 'cmake_target_skip_unavailable': False, 'install_base': '/home/luiso/auv_ftc_ws/install/auv_bringup', 'merge_install': False, 'path': '/home/luiso/auv_ftc_ws/src/auv_bringup', 'symlink_install': True, 'test_result_base': None}
[0.773s] INFO:colcon.colcon_core.executor:Executing jobs using 'parallel' executor
[0.775s] DEBUG:colcon.colcon_parallel_executor.executor.parallel:run_until_complete
[0.775s] INFO:colcon.colcon_ros.task.ament_cmake.build:Building ROS package in '/home/luiso/auv_ftc_ws/src/auv_control' with build type 'ament_cmake'
[0.775s] INFO:colcon.colcon_cmake.task.cmake.build:Building CMake package in '/home/luiso/auv_ftc_ws/src/auv_control'
[0.777s] INFO:colcon.colcon_core.plugin_system:Skipping extension 'colcon_core.shell.bat': Not used on non-Windows systems
[0.778s] INFO:colcon.colcon_core.shell:Skip shell extension 'powershell' for command environment: Not usable outside of PowerShell
[0.778s] DEBUG:colcon.colcon_core.shell:Skip shell extension 'dsv' for command environment
[0.781s] INFO:colcon.colcon_ros.task.ament_cmake.build:Building ROS package in '/home/luiso/auv_ftc_ws/src/auv_description' with build type 'ament_cmake'
[0.782s] INFO:colcon.colcon_cmake.task.cmake.build:Building CMake package in '/home/luiso/auv_ftc_ws/src/auv_description'
[0.782s] INFO:colcon.colcon_core.shell:Skip shell extension 'powershell' for command environment: Not usable outside of PowerShell
[0.782s] DEBUG:colcon.colcon_core.shell:Skip shell extension 'dsv' for command environment
[0.791s] DEBUG:colcon.colcon_core.event_handler.log_command:Invoking command in '/home/luiso/auv_ftc_ws/build/auv_control': CMAKE_PREFIX_PATH=${CMAKE_PREFIX_PATH}:/home/luiso/dev_ws/install/uf_ros_lib:/home/luiso/dev_ws/install/lite6_move:/opt/ros/humble /usr/bin/cmake /home/luiso/auv_ftc_ws/src/auv_control -DAMENT_CMAKE_SYMLINK_INSTALL=1 -DCMAKE_INSTALL_PREFIX=/home/luiso/auv_ftc_ws/install/auv_control
[0.797s] DEBUG:colcon.colcon_core.event_handler.log_command:Invoking command in '/home/luiso/auv_ftc_ws/build/auv_description': CMAKE_PREFIX_PATH=${CMAKE_PREFIX_PATH}:/home/luiso/dev_ws/install/uf_ros_lib:/home/luiso/dev_ws/install/lite6_move:/opt/ros/humble /usr/bin/cmake --build /home/luiso/auv_ftc_ws/build/auv_description -- -j16 -l16
[0.833s] DEBUG:colcon.colcon_core.event_handler.log_command:Invoked command in '/home/luiso/auv_ftc_ws/build/auv_description' returned '0': CMAKE_PREFIX_PATH=${CMAKE_PREFIX_PATH}:/home/luiso/dev_ws/install/uf_ros_lib:/home/luiso/dev_ws/install/lite6_move:/opt/ros/humble /usr/bin/cmake --build /home/luiso/auv_ftc_ws/build/auv_description -- -j16 -l16
[0.842s] DEBUG:colcon.colcon_core.event_handler.log_command:Invoking command in '/home/luiso/auv_ftc_ws/build/auv_description': CMAKE_PREFIX_PATH=${CMAKE_PREFIX_PATH}:/home/luiso/dev_ws/install/uf_ros_lib:/home/luiso/dev_ws/install/lite6_move:/opt/ros/humble /usr/bin/cmake --install /home/luiso/auv_ftc_ws/build/auv_description
[0.861s] Level 1:colcon.colcon_core.environment:create_environment_scripts_only(auv_description)
[0.862s] DEBUG:colcon.colcon_core.event_handler.log_command:Invoked command in '/home/luiso/auv_ftc_ws/build/auv_description' returned '0': CMAKE_PREFIX_PATH=${CMAKE_PREFIX_PATH}:/home/luiso/dev_ws/install/uf_ros_lib:/home/luiso/dev_ws/install/lite6_move:/opt/ros/humble /usr/bin/cmake --install /home/luiso/auv_ftc_ws/build/auv_description
[0.864s] Level 1:colcon.colcon_core.environment:checking '/home/luiso/auv_ftc_ws/install/auv_description' for CMake module files
[0.864s] Level 1:colcon.colcon_core.environment:checking '/home/luiso/auv_ftc_ws/install/auv_description' for CMake config files
[0.864s] Level 1:colcon.colcon_core.shell:create_environment_hook('auv_description', 'cmake_prefix_path')
[0.865s] INFO:colcon.colcon_core.shell:Creating environment hook '/home/luiso/auv_ftc_ws/install/auv_description/share/auv_description/hook/cmake_prefix_path.ps1'
[0.866s] INFO:colcon.colcon_core.shell:Creating environment descriptor '/home/luiso/auv_ftc_ws/install/auv_description/share/auv_description/hook/cmake_prefix_path.dsv'
[0.866s] INFO:colcon.colcon_core.shell:Creating environment hook '/home/luiso/auv_ftc_ws/install/auv_description/share/auv_description/hook/cmake_prefix_path.sh'
[0.867s] Level 1:colcon.colcon_core.environment:checking '/home/luiso/auv_ftc_ws/install/auv_description/bin'
[0.867s] Level 1:colcon.colcon_core.environment:checking '/home/luiso/auv_ftc_ws/install/auv_description/lib/pkgconfig/auv_description.pc'
[0.867s] Level 1:colcon.colcon_core.environment:checking '/home/luiso/auv_ftc_ws/install/auv_description/lib/python3.10/site-packages'
[0.867s] Level 1:colcon.colcon_core.environment:checking '/home/luiso/auv_ftc_ws/install/auv_description/bin'
[0.868s] INFO:colcon.colcon_core.shell:Creating package script '/home/luiso/auv_ftc_ws/install/auv_description/share/auv_description/package.ps1'
[0.868s] INFO:colcon.colcon_core.shell:Creating package descriptor '/home/luiso/auv_ftc_ws/install/auv_description/share/auv_description/package.dsv'
[0.869s] INFO:colcon.colcon_core.shell:Creating package script '/home/luiso/auv_ftc_ws/install/auv_description/share/auv_description/package.sh'
[0.869s] INFO:colcon.colcon_core.shell:Creating package script '/home/luiso/auv_ftc_ws/install/auv_description/share/auv_description/package.bash'
[0.870s] INFO:colcon.colcon_core.shell:Creating package script '/home/luiso/auv_ftc_ws/install/auv_description/share/auv_description/package.zsh'
[0.871s] Level 1:colcon.colcon_core.environment:create_file_with_runtime_dependencies(/home/luiso/auv_ftc_ws/install/auv_description/share/colcon-core/packages/auv_description)
[0.871s] Level 1:colcon.colcon_core.environment:create_environment_scripts_only(auv_description)
[0.871s] Level 1:colcon.colcon_core.environment:checking '/home/luiso/auv_ftc_ws/install/auv_description' for CMake module files
[0.872s] Level 1:colcon.colcon_core.environment:checking '/home/luiso/auv_ftc_ws/install/auv_description' for CMake config files
[0.872s] Level 1:colcon.colcon_core.shell:create_environment_hook('auv_description', 'cmake_prefix_path')
[0.872s] INFO:colcon.colcon_core.shell:Creating environment hook '/home/luiso/auv_ftc_ws/install/auv_description/share/auv_description/hook/cmake_prefix_path.ps1'
[0.872s] INFO:colcon.colcon_core.shell:Creating environment descriptor '/home/luiso/auv_ftc_ws/install/auv_description/share/auv_description/hook/cmake_prefix_path.dsv'
[0.873s] INFO:colcon.colcon_core.shell:Creating environment hook '/home/luiso/auv_ftc_ws/install/auv_description/share/auv_description/hook/cmake_prefix_path.sh'
[0.873s] Level 1:colcon.colcon_core.environment:checking '/home/luiso/auv_ftc_ws/install/auv_description/bin'
[0.873s] Level 1:colcon.colcon_core.environment:checking '/home/luiso/auv_ftc_ws/install/auv_description/lib/pkgconfig/auv_description.pc'
[0.873s] Level 1:colcon.colcon_core.environment:checking '/home/luiso/auv_ftc_ws/install/auv_description/lib/python3.10/site-packages'
[0.874s] Level 1:colcon.colcon_core.environment:checking '/home/luiso/auv_ftc_ws/install/auv_description/bin'
[0.874s] INFO:colcon.colcon_core.shell:Creating package script '/home/luiso/auv_ftc_ws/install/auv_description/share/auv_description/package.ps1'
[0.875s] INFO:colcon.colcon_core.shell:Creating package descriptor '/home/luiso/auv_ftc_ws/install/auv_description/share/auv_description/package.dsv'
[0.875s] INFO:colcon.colcon_core.shell:Creating package script '/home/luiso/auv_ftc_ws/install/auv_description/share/auv_description/package.sh'
[0.876s] INFO:colcon.colcon_core.shell:Creating package script '/home/luiso/auv_ftc_ws/install/auv_description/share/auv_description/package.bash'
[0.876s] INFO:colcon.colcon_core.shell:Creating package script '/home/luiso/auv_ftc_ws/install/auv_description/share/auv_description/package.zsh'
[0.876s] Level 1:colcon.colcon_core.environment:create_file_with_runtime_dependencies(/home/luiso/auv_ftc_ws/install/auv_description/share/colcon-core/packages/auv_description)
[0.877s] INFO:colcon.colcon_ros.task.ament_cmake.build:Building ROS package in '/home/luiso/auv_ftc_ws/src/auv_gazebo' with build type 'ament_cmake'
[0.877s] INFO:colcon.colcon_cmake.task.cmake.build:Building CMake package in '/home/luiso/auv_ftc_ws/src/auv_gazebo'
[0.877s] INFO:colcon.colcon_core.shell:Skip shell extension 'powershell' for command environment: Not usable outside of PowerShell
[0.877s] DEBUG:colcon.colcon_core.shell:Skip shell extension 'dsv' for command environment
[1.007s] DEBUG:colcon.colcon_core.event_handler.log_command:Invoking command in '/home/luiso/auv_ftc_ws/build/auv_gazebo': AMENT_PREFIX_PATH=/home/luiso/auv_ftc_ws/install/auv_description:${AMENT_PREFIX_PATH} CMAKE_PREFIX_PATH=/home/luiso/auv_ftc_ws/install/auv_description:/home/luiso/dev_ws/install/xarm_planner:/home/luiso/dev_ws/install/xarm_moveit_servo:/home/luiso/dev_ws/install/xarm_moveit_config:/home/luiso/dev_ws/install/xarm_gazebo:/home/luiso/dev_ws/install/xarm_controller:/home/luiso/dev_ws/install/d435i_xarm_setup:/home/luiso/dev_ws/install/xarm_api:/home/luiso/dev_ws/install/xarm_sdk:/home/luiso/dev_ws/install/xarm_msgs:/home/luiso/dev_ws/install/xarm_description:/home/luiso/dev_ws/install/realsense_gazebo_plugin:/home/luiso/dev_ws/install/pymoveit2:/home/luiso/dev_ws/install/mbot_demo:/home/luiso/dev_ws/install/uf_ros_lib:/home/luiso/dev_ws/install/lite6_move:/opt/ros/humble /usr/bin/cmake --build /home/luiso/auv_ftc_ws/build/auv_gazebo -- -j16 -l16
[1.044s] DEBUG:colcon.colcon_core.event_handler.log_command:Invoked command in '/home/luiso/auv_ftc_ws/build/auv_gazebo' returned '0': AMENT_PREFIX_PATH=/home/luiso/auv_ftc_ws/install/auv_description:${AMENT_PREFIX_PATH} CMAKE_PREFIX_PATH=/home/luiso/auv_ftc_ws/install/auv_description:/home/luiso/dev_ws/install/xarm_planner:/home/luiso/dev_ws/install/xarm_moveit_servo:/home/luiso/dev_ws/install/xarm_moveit_config:/home/luiso/dev_ws/install/xarm_gazebo:/home/luiso/dev_ws/install/xarm_controller:/home/luiso/dev_ws/install/d435i_xarm_setup:/home/luiso/dev_ws/install/xarm_api:/home/luiso/dev_ws/install/xarm_sdk:/home/luiso/dev_ws/install/xarm_msgs:/home/luiso/dev_ws/install/xarm_description:/home/luiso/dev_ws/install/realsense_gazebo_plugin:/home/luiso/dev_ws/install/pymoveit2:/home/luiso/dev_ws/install/mbot_demo:/home/luiso/dev_ws/install/uf_ros_lib:/home/luiso/dev_ws/install/lite6_move:/opt/ros/humble /usr/bin/cmake --build /home/luiso/auv_ftc_ws/build/auv_gazebo -- -j16 -l16
[1.048s] DEBUG:colcon.colcon_core.event_handler.log_command:Invoking command in '/home/luiso/auv_ftc_ws/build/auv_gazebo': AMENT_PREFIX_PATH=/home/luiso/auv_ftc_ws/install/auv_description:${AMENT_PREFIX_PATH} CMAKE_PREFIX_PATH=/home/luiso/auv_ftc_ws/install/auv_description:/home/luiso/dev_ws/install/xarm_planner:/home/luiso/dev_ws/install/xarm_moveit_servo:/home/luiso/dev_ws/install/xarm_moveit_config:/home/luiso/dev_ws/install/xarm_gazebo:/home/luiso/dev_ws/install/xarm_controller:/home/luiso/dev_ws/install/d435i_xarm_setup:/home/luiso/dev_ws/install/xarm_api:/home/luiso/dev_ws/install/xarm_sdk:/home/luiso/dev_ws/install/xarm_msgs:/home/luiso/dev_ws/install/xarm_description:/home/luiso/dev_ws/install/realsense_gazebo_plugin:/home/luiso/dev_ws/install/pymoveit2:/home/luiso/dev_ws/install/mbot_demo:/home/luiso/dev_ws/install/uf_ros_lib:/home/luiso/dev_ws/install/lite6_move:/opt/ros/humble /usr/bin/cmake --install /home/luiso/auv_ftc_ws/build/auv_gazebo
[1.189s] Level 1:colcon.colcon_core.environment:create_environment_scripts_only(auv_gazebo)
[1.190s] Level 1:colcon.colcon_core.environment:checking '/home/luiso/auv_ftc_ws/install/auv_gazebo' for CMake module files
[1.190s] DEBUG:colcon.colcon_core.event_handler.log_command:Invoked command in '/home/luiso/auv_ftc_ws/build/auv_gazebo' returned '0': AMENT_PREFIX_PATH=/home/luiso/auv_ftc_ws/install/auv_description:${AMENT_PREFIX_PATH} CMAKE_PREFIX_PATH=/home/luiso/auv_ftc_ws/install/auv_description:/home/luiso/dev_ws/install/xarm_planner:/home/luiso/dev_ws/install/xarm_moveit_servo:/home/luiso/dev_ws/install/xarm_moveit_config:/home/luiso/dev_ws/install/xarm_gazebo:/home/luiso/dev_ws/install/xarm_controller:/home/luiso/dev_ws/install/d435i_xarm_setup:/home/luiso/dev_ws/install/xarm_api:/home/luiso/dev_ws/install/xarm_sdk:/home/luiso/dev_ws/install/xarm_msgs:/home/luiso/dev_ws/install/xarm_description:/home/luiso/dev_ws/install/realsense_gazebo_plugin:/home/luiso/dev_ws/install/pymoveit2:/home/luiso/dev_ws/install/mbot_demo:/home/luiso/dev_ws/install/uf_ros_lib:/home/luiso/dev_ws/install/lite6_move:/opt/ros/humble /usr/bin/cmake --install /home/luiso/auv_ftc_ws/build/auv_gazebo
[1.191s] Level 1:colcon.colcon_core.environment:checking '/home/luiso/auv_ftc_ws/install/auv_gazebo' for CMake config files
[1.191s] Level 1:colcon.colcon_core.shell:create_environment_hook('auv_gazebo', 'cmake_prefix_path')
[1.191s] INFO:colcon.colcon_core.shell:Creating environment hook '/home/luiso/auv_ftc_ws/install/auv_gazebo/share/auv_gazebo/hook/cmake_prefix_path.ps1'
[1.192s] INFO:colcon.colcon_core.shell:Creating environment descriptor '/home/luiso/auv_ftc_ws/install/auv_gazebo/share/auv_gazebo/hook/cmake_prefix_path.dsv'
[1.193s] INFO:colcon.colcon_core.shell:Creating environment hook '/home/luiso/auv_ftc_ws/install/auv_gazebo/share/auv_gazebo/hook/cmake_prefix_path.sh'
[1.193s] Level 1:colcon.colcon_core.environment:checking '/home/luiso/auv_ftc_ws/install/auv_gazebo/bin'
[1.193s] Level 1:colcon.colcon_core.environment:checking '/home/luiso/auv_ftc_ws/install/auv_gazebo/lib/pkgconfig/auv_gazebo.pc'
[1.194s] Level 1:colcon.colcon_core.environment:checking '/home/luiso/auv_ftc_ws/install/auv_gazebo/lib/python3.10/site-packages'
[1.194s] Level 1:colcon.colcon_core.environment:checking '/home/luiso/auv_ftc_ws/install/auv_gazebo/bin'
[1.194s] INFO:colcon.colcon_core.shell:Creating package script '/home/luiso/auv_ftc_ws/install/auv_gazebo/share/auv_gazebo/package.ps1'
[1.195s] INFO:colcon.colcon_core.shell:Creating package descriptor '/home/luiso/auv_ftc_ws/install/auv_gazebo/share/auv_gazebo/package.dsv'
[1.195s] INFO:colcon.colcon_core.shell:Creating package script '/home/luiso/auv_ftc_ws/install/auv_gazebo/share/auv_gazebo/package.sh'
[1.195s] INFO:colcon.colcon_core.shell:Creating package script '/home/luiso/auv_ftc_ws/install/auv_gazebo/share/auv_gazebo/package.bash'
[1.196s] INFO:colcon.colcon_core.shell:Creating package script '/home/luiso/auv_ftc_ws/install/auv_gazebo/share/auv_gazebo/package.zsh'
[1.196s] Level 1:colcon.colcon_core.environment:create_file_with_runtime_dependencies(/home/luiso/auv_ftc_ws/install/auv_gazebo/share/colcon-core/packages/auv_gazebo)
[1.197s] Level 1:colcon.colcon_core.environment:create_environment_scripts_only(auv_gazebo)
[1.197s] Level 1:colcon.colcon_core.environment:checking '/home/luiso/auv_ftc_ws/install/auv_gazebo' for CMake module files
[1.197s] Level 1:colcon.colcon_core.environment:checking '/home/luiso/auv_ftc_ws/install/auv_gazebo' for CMake config files
[1.198s] Level 1:colcon.colcon_core.shell:create_environment_hook('auv_gazebo', 'cmake_prefix_path')
[1.198s] INFO:colcon.colcon_core.shell:Creating environment hook '/home/luiso/auv_ftc_ws/install/auv_gazebo/share/auv_gazebo/hook/cmake_prefix_path.ps1'
[1.198s] INFO:colcon.colcon_core.shell:Creating environment descriptor '/home/luiso/auv_ftc_ws/install/auv_gazebo/share/auv_gazebo/hook/cmake_prefix_path.dsv'
[1.199s] INFO:colcon.colcon_core.shell:Creating environment hook '/home/luiso/auv_ftc_ws/install/auv_gazebo/share/auv_gazebo/hook/cmake_prefix_path.sh'
[1.199s] Level 1:colcon.colcon_core.environment:checking '/home/luiso/auv_ftc_ws/install/auv_gazebo/bin'
[1.199s] Level 1:colcon.colcon_core.environment:checking '/home/luiso/auv_ftc_ws/install/auv_gazebo/lib/pkgconfig/auv_gazebo.pc'
[1.200s] Level 1:colcon.colcon_core.environment:checking '/home/luiso/auv_ftc_ws/install/auv_gazebo/lib/python3.10/site-packages'
[1.200s] Level 1:colcon.colcon_core.environment:checking '/home/luiso/auv_ftc_ws/install/auv_gazebo/bin'
[1.200s] INFO:colcon.colcon_core.shell:Creating package script '/home/luiso/auv_ftc_ws/install/auv_gazebo/share/auv_gazebo/package.ps1'
[1.201s] INFO:colcon.colcon_core.shell:Creating package descriptor '/home/luiso/auv_ftc_ws/install/auv_gazebo/share/auv_gazebo/package.dsv'
[1.201s] INFO:colcon.colcon_core.shell:Creating package script '/home/luiso/auv_ftc_ws/install/auv_gazebo/share/auv_gazebo/package.sh'
[1.202s] INFO:colcon.colcon_core.shell:Creating package script '/home/luiso/auv_ftc_ws/install/auv_gazebo/share/auv_gazebo/package.bash'
[1.202s] INFO:colcon.colcon_core.shell:Creating package script '/home/luiso/auv_ftc_ws/install/auv_gazebo/share/auv_gazebo/package.zsh'
[1.202s] Level 1:colcon.colcon_core.environment:create_file_with_runtime_dependencies(/home/luiso/auv_ftc_ws/install/auv_gazebo/share/colcon-core/packages/auv_gazebo)
[33.256s] DEBUG:colcon.colcon_core.event_handler.log_command:Invoked command in '/home/luiso/auv_ftc_ws/build/auv_control' returned '0': CMAKE_PREFIX_PATH=${CMAKE_PREFIX_PATH}:/home/luiso/dev_ws/install/uf_ros_lib:/home/luiso/dev_ws/install/lite6_move:/opt/ros/humble /usr/bin/cmake /home/luiso/auv_ftc_ws/src/auv_control -DAMENT_CMAKE_SYMLINK_INSTALL=1 -DCMAKE_INSTALL_PREFIX=/home/luiso/auv_ftc_ws/install/auv_control
[33.257s] DEBUG:colcon.colcon_core.event_handler.log_command:Invoking command in '/home/luiso/auv_ftc_ws/build/auv_control': CMAKE_PREFIX_PATH=${CMAKE_PREFIX_PATH}:/home/luiso/dev_ws/install/uf_ros_lib:/home/luiso/dev_ws/install/lite6_move:/opt/ros/humble /usr/bin/cmake --build /home/luiso/auv_ftc_ws/build/auv_control -- -j16 -l16
[56.842s] DEBUG:colcon.colcon_core.event_handler.log_command:Invoked command in '/home/luiso/auv_ftc_ws/build/auv_control' returned '0': CMAKE_PREFIX_PATH=${CMAKE_PREFIX_PATH}:/home/luiso/dev_ws/install/uf_ros_lib:/home/luiso/dev_ws/install/lite6_move:/opt/ros/humble /usr/bin/cmake --build /home/luiso/auv_ftc_ws/build/auv_control -- -j16 -l16
[56.845s] DEBUG:colcon.colcon_core.event_handler.log_command:Invoking command in '/home/luiso/auv_ftc_ws/build/auv_control': CMAKE_PREFIX_PATH=${CMAKE_PREFIX_PATH}:/home/luiso/dev_ws/install/uf_ros_lib:/home/luiso/dev_ws/install/lite6_move:/opt/ros/humble /usr/bin/cmake --install /home/luiso/auv_ftc_ws/build/auv_control
[57.569s] Level 1:colcon.colcon_core.environment:create_environment_scripts_only(auv_control)
[57.570s] Level 1:colcon.colcon_core.environment:checking '/home/luiso/auv_ftc_ws/install/auv_control' for CMake module files
[57.571s] DEBUG:colcon.colcon_core.event_handler.log_command:Invoked command in '/home/luiso/auv_ftc_ws/build/auv_control' returned '0': CMAKE_PREFIX_PATH=${CMAKE_PREFIX_PATH}:/home/luiso/dev_ws/install/uf_ros_lib:/home/luiso/dev_ws/install/lite6_move:/opt/ros/humble /usr/bin/cmake --install /home/luiso/auv_ftc_ws/build/auv_control
[57.571s] Level 1:colcon.colcon_core.environment:checking '/home/luiso/auv_ftc_ws/install/auv_control' for CMake config files
[57.571s] Level 1:colcon.colcon_core.shell:create_environment_hook('auv_control', 'cmake_prefix_path')
[57.572s] INFO:colcon.colcon_core.shell:Creating environment hook '/home/luiso/auv_ftc_ws/install/auv_control/share/auv_control/hook/cmake_prefix_path.ps1'
[57.573s] INFO:colcon.colcon_core.shell:Creating environment descriptor '/home/luiso/auv_ftc_ws/install/auv_control/share/auv_control/hook/cmake_prefix_path.dsv'
[57.573s] INFO:colcon.colcon_core.shell:Creating environment hook '/home/luiso/auv_ftc_ws/install/auv_control/share/auv_control/hook/cmake_prefix_path.sh'
[57.574s] Level 1:colcon.colcon_core.environment:checking '/home/luiso/auv_ftc_ws/install/auv_control/lib'
[57.574s] Level 1:colcon.colcon_core.shell:create_environment_hook('auv_control', 'ld_library_path_lib')
[57.574s] INFO:colcon.colcon_core.shell:Creating environment hook '/home/luiso/auv_ftc_ws/install/auv_control/share/auv_control/hook/ld_library_path_lib.ps1'
[57.575s] INFO:colcon.colcon_core.shell:Creating environment descriptor '/home/luiso/auv_ftc_ws/install/auv_control/share/auv_control/hook/ld_library_path_lib.dsv'
[57.575s] INFO:colcon.colcon_core.shell:Creating environment hook '/home/luiso/auv_ftc_ws/install/auv_control/share/auv_control/hook/ld_library_path_lib.sh'
[57.575s] Level 1:colcon.colcon_core.environment:checking '/home/luiso/auv_ftc_ws/install/auv_control/bin'
[57.575s] Level 1:colcon.colcon_core.environment:checking '/home/luiso/auv_ftc_ws/install/auv_control/lib/pkgconfig/auv_control.pc'
[57.576s] Level 1:colcon.colcon_core.environment:checking '/home/luiso/auv_ftc_ws/install/auv_control/lib/python3.10/site-packages'
[57.576s] Level 1:colcon.colcon_core.environment:checking '/home/luiso/auv_ftc_ws/install/auv_control/bin'
[57.576s] INFO:colcon.colcon_core.shell:Creating package script '/home/luiso/auv_ftc_ws/install/auv_control/share/auv_control/package.ps1'
[57.577s] INFO:colcon.colcon_core.shell:Creating package descriptor '/home/luiso/auv_ftc_ws/install/auv_control/share/auv_control/package.dsv'
[57.577s] INFO:colcon.colcon_core.shell:Creating package script '/home/luiso/auv_ftc_ws/install/auv_control/share/auv_control/package.sh'
[57.578s] INFO:colcon.colcon_core.shell:Creating package script '/home/luiso/auv_ftc_ws/install/auv_control/share/auv_control/package.bash'
[57.578s] INFO:colcon.colcon_core.shell:Creating package script '/home/luiso/auv_ftc_ws/install/auv_control/share/auv_control/package.zsh'
[57.578s] Level 1:colcon.colcon_core.environment:create_file_with_runtime_dependencies(/home/luiso/auv_ftc_ws/install/auv_control/share/colcon-core/packages/auv_control)
[57.579s] Level 1:colcon.colcon_core.environment:create_environment_scripts_only(auv_control)
[57.580s] Level 1:colcon.colcon_core.environment:checking '/home/luiso/auv_ftc_ws/install/auv_control' for CMake module files
[57.580s] Level 1:colcon.colcon_core.environment:checking '/home/luiso/auv_ftc_ws/install/auv_control' for CMake config files
[57.580s] Level 1:colcon.colcon_core.shell:create_environment_hook('auv_control', 'cmake_prefix_path')
[57.581s] INFO:colcon.colcon_core.shell:Creating environment hook '/home/luiso/auv_ftc_ws/install/auv_control/share/auv_control/hook/cmake_prefix_path.ps1'
[57.581s] INFO:colcon.colcon_core.shell:Creating environment descriptor '/home/luiso/auv_ftc_ws/install/auv_control/share/auv_control/hook/cmake_prefix_path.dsv'
[57.581s] INFO:colcon.colcon_core.shell:Creating environment hook '/home/luiso/auv_ftc_ws/install/auv_control/share/auv_control/hook/cmake_prefix_path.sh'
[57.582s] Level 1:colcon.colcon_core.environment:checking '/home/luiso/auv_ftc_ws/install/auv_control/lib'
[57.582s] Level 1:colcon.colcon_core.shell:create_environment_hook('auv_control', 'ld_library_path_lib')
[57.582s] INFO:colcon.colcon_core.shell:Creating environment hook '/home/luiso/auv_ftc_ws/install/auv_control/share/auv_control/hook/ld_library_path_lib.ps1'
[57.583s] INFO:colcon.colcon_core.shell:Creating environment descriptor '/home/luiso/auv_ftc_ws/install/auv_control/share/auv_control/hook/ld_library_path_lib.dsv'
[57.583s] INFO:colcon.colcon_core.shell:Creating environment hook '/home/luiso/auv_ftc_ws/install/auv_control/share/auv_control/hook/ld_library_path_lib.sh'
[57.583s] Level 1:colcon.colcon_core.environment:checking '/home/luiso/auv_ftc_ws/install/auv_control/bin'
[57.583s] Level 1:colcon.colcon_core.environment:checking '/home/luiso/auv_ftc_ws/install/auv_control/lib/pkgconfig/auv_control.pc'
[57.583s] Level 1:colcon.colcon_core.environment:checking '/home/luiso/auv_ftc_ws/install/auv_control/lib/python3.10/site-packages'
[57.584s] Level 1:colcon.colcon_core.environment:checking '/home/luiso/auv_ftc_ws/install/auv_control/bin'
[57.584s] INFO:colcon.colcon_core.shell:Creating package script '/home/luiso/auv_ftc_ws/install/auv_control/share/auv_control/package.ps1'
[57.584s] INFO:colcon.colcon_core.shell:Creating package descriptor '/home/luiso/auv_ftc_ws/install/auv_control/share/auv_control/package.dsv'
[57.585s] INFO:colcon.colcon_core.shell:Creating package script '/home/luiso/auv_ftc_ws/install/auv_control/share/auv_control/package.sh'
[57.585s] INFO:colcon.colcon_core.shell:Creating package script '/home/luiso/auv_ftc_ws/install/auv_control/share/auv_control/package.bash'
[57.586s] INFO:colcon.colcon_core.shell:Creating package script '/home/luiso/auv_ftc_ws/install/auv_control/share/auv_control/package.zsh'
[57.586s] Level 1:colcon.colcon_core.environment:create_file_with_runtime_dependencies(/home/luiso/auv_ftc_ws/install/auv_control/share/colcon-core/packages/auv_control)
[57.587s] INFO:colcon.colcon_ros.task.ament_cmake.build:Building ROS package in '/home/luiso/auv_ftc_ws/src/auv_dashboard' with build type 'ament_cmake'
[57.587s] INFO:colcon.colcon_cmake.task.cmake.build:Building CMake package in '/home/luiso/auv_ftc_ws/src/auv_dashboard'
[57.587s] INFO:colcon.colcon_core.shell:Skip shell extension 'powershell' for command environment: Not usable outside of PowerShell
[57.587s] DEBUG:colcon.colcon_core.shell:Skip shell extension 'dsv' for command environment
[57.592s] INFO:colcon.colcon_ros.task.ament_cmake.build:Building ROS package in '/home/luiso/auv_ftc_ws/src/auv_bringup' with build type 'ament_cmake'
[57.593s] INFO:colcon.colcon_cmake.task.cmake.build:Building CMake package in '/home/luiso/auv_ftc_ws/src/auv_bringup'
[57.593s] INFO:colcon.colcon_core.shell:Skip shell extension 'powershell' for command environment: Not usable outside of PowerShell
[57.593s] DEBUG:colcon.colcon_core.shell:Skip shell extension 'dsv' for command environment
[57.791s] DEBUG:colcon.colcon_core.event_handler.log_command:Invoking command in '/home/luiso/auv_ftc_ws/build/auv_dashboard': AMENT_PREFIX_PATH=/home/luiso/auv_ftc_ws/install/auv_control:${AMENT_PREFIX_PATH} CMAKE_PREFIX_PATH=/home/luiso/auv_ftc_ws/install/auv_control:/home/luiso/dev_ws/install/xarm_planner:/home/luiso/dev_ws/install/xarm_moveit_servo:/home/luiso/dev_ws/install/xarm_moveit_config:/home/luiso/dev_ws/install/xarm_gazebo:/home/luiso/dev_ws/install/xarm_controller:/home/luiso/dev_ws/install/d435i_xarm_setup:/home/luiso/dev_ws/install/xarm_api:/home/luiso/dev_ws/install/xarm_sdk:/home/luiso/dev_ws/install/xarm_msgs:/home/luiso/dev_ws/install/xarm_description:/home/luiso/dev_ws/install/realsense_gazebo_plugin:/home/luiso/dev_ws/install/pymoveit2:/home/luiso/dev_ws/install/mbot_demo:/home/luiso/dev_ws/install/uf_ros_lib:/home/luiso/dev_ws/install/lite6_move:/opt/ros/humble LD_LIBRARY_PATH=/home/luiso/auv_ftc_ws/install/auv_control/lib:${LD_LIBRARY_PATH} PYTHONPATH=/home/luiso/auv_ftc_ws/install/auv_control/local/lib/python3.10/dist-packages:${PYTHONPATH} /usr/bin/cmake /home/luiso/auv_ftc_ws/src/auv_dashboard -DAMENT_CMAKE_SYMLINK_INSTALL=1 -DCMAKE_INSTALL_PREFIX=/home/luiso/auv_ftc_ws/install/auv_dashboard
[58.021s] DEBUG:colcon.colcon_core.event_handler.log_command:Invoking command in '/home/luiso/auv_ftc_ws/build/auv_bringup': AMENT_PREFIX_PATH=/home/luiso/auv_ftc_ws/install/auv_gazebo:/home/luiso/auv_ftc_ws/install/auv_description:/home/luiso/auv_ftc_ws/install/auv_control:${AMENT_PREFIX_PATH} CMAKE_PREFIX_PATH=/home/luiso/auv_ftc_ws/install/auv_gazebo:/home/luiso/auv_ftc_ws/install/auv_description:/home/luiso/auv_ftc_ws/install/auv_control:/home/luiso/dev_ws/install/xarm_planner:/home/luiso/dev_ws/install/xarm_moveit_servo:/home/luiso/dev_ws/install/xarm_moveit_config:/home/luiso/dev_ws/install/xarm_gazebo:/home/luiso/dev_ws/install/xarm_controller:/home/luiso/dev_ws/install/d435i_xarm_setup:/home/luiso/dev_ws/install/xarm_api:/home/luiso/dev_ws/install/xarm_sdk:/home/luiso/dev_ws/install/xarm_msgs:/home/luiso/dev_ws/install/xarm_description:/home/luiso/dev_ws/install/realsense_gazebo_plugin:/home/luiso/dev_ws/install/pymoveit2:/home/luiso/dev_ws/install/mbot_demo:/home/luiso/dev_ws/install/uf_ros_lib:/home/luiso/dev_ws/install/lite6_move:/opt/ros/humble LD_LIBRARY_PATH=/home/luiso/auv_ftc_ws/install/auv_control/lib:${LD_LIBRARY_PATH} PYTHONPATH=/home/luiso/auv_ftc_ws/install/auv_control/local/lib/python3.10/dist-packages:${PYTHONPATH} /usr/bin/cmake /home/luiso/auv_ftc_ws/src/auv_bringup -DAMENT_CMAKE_SYMLINK_INSTALL=1 -DCMAKE_INSTALL_PREFIX=/home/luiso/auv_ftc_ws/install/auv_bringup
[61.434s] DEBUG:colcon.colcon_core.event_handler.log_command:Invoked command in '/home/luiso/auv_ftc_ws/build/auv_dashboard' returned '0': AMENT_PREFIX_PATH=/home/luiso/auv_ftc_ws/install/auv_control:${AMENT_PREFIX_PATH} CMAKE_PREFIX_PATH=/home/luiso/auv_ftc_ws/install/auv_control:/home/luiso/dev_ws/install/xarm_planner:/home/luiso/dev_ws/install/xarm_moveit_servo:/home/luiso/dev_ws/install/xarm_moveit_config:/home/luiso/dev_ws/install/xarm_gazebo:/home/luiso/dev_ws/install/xarm_controller:/home/luiso/dev_ws/install/d435i_xarm_setup:/home/luiso/dev_ws/install/xarm_api:/home/luiso/dev_ws/install/xarm_sdk:/home/luiso/dev_ws/install/xarm_msgs:/home/luiso/dev_ws/install/xarm_description:/home/luiso/dev_ws/install/realsense_gazebo_plugin:/home/luiso/dev_ws/install/pymoveit2:/home/luiso/dev_ws/install/mbot_demo:/home/luiso/dev_ws/install/uf_ros_lib:/home/luiso/dev_ws/install/lite6_move:/opt/ros/humble LD_LIBRARY_PATH=/home/luiso/auv_ftc_ws/install/auv_control/lib:${LD_LIBRARY_PATH} PYTHONPATH=/home/luiso/auv_ftc_ws/install/auv_control/local/lib/python3.10/dist-packages:${PYTHONPATH} /usr/bin/cmake /home/luiso/auv_ftc_ws/src/auv_dashboard -DAMENT_CMAKE_SYMLINK_INSTALL=1 -DCMAKE_INSTALL_PREFIX=/home/luiso/auv_ftc_ws/install/auv_dashboard
[61.435s] DEBUG:colcon.colcon_core.event_handler.log_command:Invoking command in '/home/luiso/auv_ftc_ws/build/auv_dashboard': AMENT_PREFIX_PATH=/home/luiso/auv_ftc_ws/install/auv_control:${AMENT_PREFIX_PATH} CMAKE_PREFIX_PATH=/home/luiso/auv_ftc_ws/install/auv_control:/home/luiso/dev_ws/install/xarm_planner:/home/luiso/dev_ws/install/xarm_moveit_servo:/home/luiso/dev_ws/install/xarm_moveit_config:/home/luiso/dev_ws/install/xarm_gazebo:/home/luiso/dev_ws/install/xarm_controller:/home/luiso/dev_ws/install/d435i_xarm_setup:/home/luiso/dev_ws/install/xarm_api:/home/luiso/dev_ws/install/xarm_sdk:/home/luiso/dev_ws/install/xarm_msgs:/home/luiso/dev_ws/install/xarm_description:/home/luiso/dev_ws/install/realsense_gazebo_plugin:/home/luiso/dev_ws/install/pymoveit2:/home/luiso/dev_ws/install/mbot_demo:/home/luiso/dev_ws/install/uf_ros_lib:/home/luiso/dev_ws/install/lite6_move:/opt/ros/humble LD_LIBRARY_PATH=/home/luiso/auv_ftc_ws/install/auv_control/lib:${LD_LIBRARY_PATH} PYTHONPATH=/home/luiso/auv_ftc_ws/install/auv_control/local/lib/python3.10/dist-packages:${PYTHONPATH} /usr/bin/cmake --build /home/luiso/auv_ftc_ws/build/auv_dashboard -- -j16 -l16
[61.468s] DEBUG:colcon.colcon_core.event_handler.log_command:Invoked command in '/home/luiso/auv_ftc_ws/build/auv_dashboard' returned '0': AMENT_PREFIX_PATH=/home/luiso/auv_ftc_ws/install/auv_control:${AMENT_PREFIX_PATH} CMAKE_PREFIX_PATH=/home/luiso/auv_ftc_ws/install/auv_control:/home/luiso/dev_ws/install/xarm_planner:/home/luiso/dev_ws/install/xarm_moveit_servo:/home/luiso/dev_ws/install/xarm_moveit_config:/home/luiso/dev_ws/install/xarm_gazebo:/home/luiso/dev_ws/install/xarm_controller:/home/luiso/dev_ws/install/d435i_xarm_setup:/home/luiso/dev_ws/install/xarm_api:/home/luiso/dev_ws/install/xarm_sdk:/home/luiso/dev_ws/install/xarm_msgs:/home/luiso/dev_ws/install/xarm_description:/home/luiso/dev_ws/install/realsense_gazebo_plugin:/home/luiso/dev_ws/install/pymoveit2:/home/luiso/dev_ws/install/mbot_demo:/home/luiso/dev_ws/install/uf_ros_lib:/home/luiso/dev_ws/install/lite6_move:/opt/ros/humble LD_LIBRARY_PATH=/home/luiso/auv_ftc_ws/install/auv_control/lib:${LD_LIBRARY_PATH} PYTHONPATH=/home/luiso/auv_ftc_ws/install/auv_control/local/lib/python3.10/dist-packages:${PYTHONPATH} /usr/bin/cmake --build /home/luiso/auv_ftc_ws/build/auv_dashboard -- -j16 -l16
[61.470s] DEBUG:colcon.colcon_core.event_handler.log_command:Invoking command in '/home/luiso/auv_ftc_ws/build/auv_dashboard': AMENT_PREFIX_PATH=/home/luiso/auv_ftc_ws/install/auv_control:${AMENT_PREFIX_PATH} CMAKE_PREFIX_PATH=/home/luiso/auv_ftc_ws/install/auv_control:/home/luiso/dev_ws/install/xarm_planner:/home/luiso/dev_ws/install/xarm_moveit_servo:/home/luiso/dev_ws/install/xarm_moveit_config:/home/luiso/dev_ws/install/xarm_gazebo:/home/luiso/dev_ws/install/xarm_controller:/home/luiso/dev_ws/install/d435i_xarm_setup:/home/luiso/dev_ws/install/xarm_api:/home/luiso/dev_ws/install/xarm_sdk:/home/luiso/dev_ws/install/xarm_msgs:/home/luiso/dev_ws/install/xarm_description:/home/luiso/dev_ws/install/realsense_gazebo_plugin:/home/luiso/dev_ws/install/pymoveit2:/home/luiso/dev_ws/install/mbot_demo:/home/luiso/dev_ws/install/uf_ros_lib:/home/luiso/dev_ws/install/lite6_move:/opt/ros/humble LD_LIBRARY_PATH=/home/luiso/auv_ftc_ws/install/auv_control/lib:${LD_LIBRARY_PATH} PYTHONPATH=/home/luiso/auv_ftc_ws/install/auv_control/local/lib/python3.10/dist-packages:${PYTHONPATH} /usr/bin/cmake --install /home/luiso/auv_ftc_ws/build/auv_dashboard
[61.613s] Level 1:colcon.colcon_core.environment:create_environment_scripts_only(auv_dashboard)
[61.614s] Level 1:colcon.colcon_core.environment:checking '/home/luiso/auv_ftc_ws/install/auv_dashboard' for CMake module files
[61.614s] DEBUG:colcon.colcon_core.event_handler.log_command:Invoked command in '/home/luiso/auv_ftc_ws/build/auv_dashboard' returned '0': AMENT_PREFIX_PATH=/home/luiso/auv_ftc_ws/install/auv_control:${AMENT_PREFIX_PATH} CMAKE_PREFIX_PATH=/home/luiso/auv_ftc_ws/install/auv_control:/home/luiso/dev_ws/install/xarm_planner:/home/luiso/dev_ws/install/xarm_moveit_servo:/home/luiso/dev_ws/install/xarm_moveit_config:/home/luiso/dev_ws/install/xarm_gazebo:/home/luiso/dev_ws/install/xarm_controller:/home/luiso/dev_ws/install/d435i_xarm_setup:/home/luiso/dev_ws/install/xarm_api:/home/luiso/dev_ws/install/xarm_sdk:/home/luiso/dev_ws/install/xarm_msgs:/home/luiso/dev_ws/install/xarm_description:/home/luiso/dev_ws/install/realsense_gazebo_plugin:/home/luiso/dev_ws/install/pymoveit2:/home/luiso/dev_ws/install/mbot_demo:/home/luiso/dev_ws/install/uf_ros_lib:/home/luiso/dev_ws/install/lite6_move:/opt/ros/humble LD_LIBRARY_PATH=/home/luiso/auv_ftc_ws/install/auv_control/lib:${LD_LIBRARY_PATH} PYTHONPATH=/home/luiso/auv_ftc_ws/install/auv_control/local/lib/python3.10/dist-packages:${PYTHONPATH} /usr/bin/cmake --install /home/luiso/auv_ftc_ws/build/auv_dashboard
[61.614s] Level 1:colcon.colcon_core.environment:checking '/home/luiso/auv_ftc_ws/install/auv_dashboard' for CMake config files
[61.615s] Level 1:colcon.colcon_core.shell:create_environment_hook('auv_dashboard', 'cmake_prefix_path')
[61.615s] INFO:colcon.colcon_core.shell:Creating environment hook '/home/luiso/auv_ftc_ws/install/auv_dashboard/share/auv_dashboard/hook/cmake_prefix_path.ps1'
[61.615s] INFO:colcon.colcon_core.shell:Creating environment descriptor '/home/luiso/auv_ftc_ws/install/auv_dashboard/share/auv_dashboard/hook/cmake_prefix_path.dsv'
[61.616s] INFO:colcon.colcon_core.shell:Creating environment hook '/home/luiso/auv_ftc_ws/install/auv_dashboard/share/auv_dashboard/hook/cmake_prefix_path.sh'
[61.616s] Level 1:colcon.colcon_core.environment:checking '/home/luiso/auv_ftc_ws/install/auv_dashboard/bin'
[61.616s] Level 1:colcon.colcon_core.environment:checking '/home/luiso/auv_ftc_ws/install/auv_dashboard/lib/pkgconfig/auv_dashboard.pc'
[61.616s] Level 1:colcon.colcon_core.environment:checking '/home/luiso/auv_ftc_ws/install/auv_dashboard/lib/python3.10/site-packages'
[61.617s] Level 1:colcon.colcon_core.environment:checking '/home/luiso/auv_ftc_ws/install/auv_dashboard/bin'
[61.617s] INFO:colcon.colcon_core.shell:Creating package script '/home/luiso/auv_ftc_ws/install/auv_dashboard/share/auv_dashboard/package.ps1'
[61.617s] INFO:colcon.colcon_core.shell:Creating package descriptor '/home/luiso/auv_ftc_ws/install/auv_dashboard/share/auv_dashboard/package.dsv'
[61.618s] INFO:colcon.colcon_core.shell:Creating package script '/home/luiso/auv_ftc_ws/install/auv_dashboard/share/auv_dashboard/package.sh'
[61.618s] INFO:colcon.colcon_core.shell:Creating package script '/home/luiso/auv_ftc_ws/install/auv_dashboard/share/auv_dashboard/package.bash'
[61.618s] INFO:colcon.colcon_core.shell:Creating package script '/home/luiso/auv_ftc_ws/install/auv_dashboard/share/auv_dashboard/package.zsh'
[61.619s] Level 1:colcon.colcon_core.environment:create_file_with_runtime_dependencies(/home/luiso/auv_ftc_ws/install/auv_dashboard/share/colcon-core/packages/auv_dashboard)
[61.619s] Level 1:colcon.colcon_core.environment:create_environment_scripts_only(auv_dashboard)
[61.619s] Level 1:colcon.colcon_core.environment:checking '/home/luiso/auv_ftc_ws/install/auv_dashboard' for CMake module files
[61.620s] Level 1:colcon.colcon_core.environment:checking '/home/luiso/auv_ftc_ws/install/auv_dashboard' for CMake config files
[61.620s] Level 1:colcon.colcon_core.shell:create_environment_hook('auv_dashboard', 'cmake_prefix_path')
[61.620s] INFO:colcon.colcon_core.shell:Creating environment hook '/home/luiso/auv_ftc_ws/install/auv_dashboard/share/auv_dashboard/hook/cmake_prefix_path.ps1'
[61.620s] INFO:colcon.colcon_core.shell:Creating environment descriptor '/home/luiso/auv_ftc_ws/install/auv_dashboard/share/auv_dashboard/hook/cmake_prefix_path.dsv'
[61.621s] INFO:colcon.colcon_core.shell:Creating environment hook '/home/luiso/auv_ftc_ws/install/auv_dashboard/share/auv_dashboard/hook/cmake_prefix_path.sh'
[61.621s] Level 1:colcon.colcon_core.environment:checking '/home/luiso/auv_ftc_ws/install/auv_dashboard/bin'
[61.621s] Level 1:colcon.colcon_core.environment:checking '/home/luiso/auv_ftc_ws/install/auv_dashboard/lib/pkgconfig/auv_dashboard.pc'
[61.621s] Level 1:colcon.colcon_core.environment:checking '/home/luiso/auv_ftc_ws/install/auv_dashboard/lib/python3.10/site-packages'
[61.622s] Level 1:colcon.colcon_core.environment:checking '/home/luiso/auv_ftc_ws/install/auv_dashboard/bin'
[61.622s] INFO:colcon.colcon_core.shell:Creating package script '/home/luiso/auv_ftc_ws/install/auv_dashboard/share/auv_dashboard/package.ps1'
[61.622s] INFO:colcon.colcon_core.shell:Creating package descriptor '/home/luiso/auv_ftc_ws/install/auv_dashboard/share/auv_dashboard/package.dsv'
[61.623s] INFO:colcon.colcon_core.shell:Creating package script '/home/luiso/auv_ftc_ws/install/auv_dashboard/share/auv_dashboard/package.sh'
[61.623s] INFO:colcon.colcon_core.shell:Creating package script '/home/luiso/auv_ftc_ws/install/auv_dashboard/share/auv_dashboard/package.bash'
[61.624s] INFO:colcon.colcon_core.shell:Creating package script '/home/luiso/auv_ftc_ws/install/auv_dashboard/share/auv_dashboard/package.zsh'
[61.624s] Level 1:colcon.colcon_core.environment:create_file_with_runtime_dependencies(/home/luiso/auv_ftc_ws/install/auv_dashboard/share/colcon-core/packages/auv_dashboard)
[61.701s] DEBUG:colcon.colcon_core.event_handler.log_command:Invoked command in '/home/luiso/auv_ftc_ws/build/auv_bringup' returned '0': AMENT_PREFIX_PATH=/home/luiso/auv_ftc_ws/install/auv_gazebo:/home/luiso/auv_ftc_ws/install/auv_description:/home/luiso/auv_ftc_ws/install/auv_control:${AMENT_PREFIX_PATH} CMAKE_PREFIX_PATH=/home/luiso/auv_ftc_ws/install/auv_gazebo:/home/luiso/auv_ftc_ws/install/auv_description:/home/luiso/auv_ftc_ws/install/auv_control:/home/luiso/dev_ws/install/xarm_planner:/home/luiso/dev_ws/install/xarm_moveit_servo:/home/luiso/dev_ws/install/xarm_moveit_config:/home/luiso/dev_ws/install/xarm_gazebo:/home/luiso/dev_ws/install/xarm_controller:/home/luiso/dev_ws/install/d435i_xarm_setup:/home/luiso/dev_ws/install/xarm_api:/home/luiso/dev_ws/install/xarm_sdk:/home/luiso/dev_ws/install/xarm_msgs:/home/luiso/dev_ws/install/xarm_description:/home/luiso/dev_ws/install/realsense_gazebo_plugin:/home/luiso/dev_ws/install/pymoveit2:/home/luiso/dev_ws/install/mbot_demo:/home/luiso/dev_ws/install/uf_ros_lib:/home/luiso/dev_ws/install/lite6_move:/opt/ros/humble LD_LIBRARY_PATH=/home/luiso/auv_ftc_ws/install/auv_control/lib:${LD_LIBRARY_PATH} PYTHONPATH=/home/luiso/auv_ftc_ws/install/auv_control/local/lib/python3.10/dist-packages:${PYTHONPATH} /usr/bin/cmake /home/luiso/auv_ftc_ws/src/auv_bringup -DAMENT_CMAKE_SYMLINK_INSTALL=1 -DCMAKE_INSTALL_PREFIX=/home/luiso/auv_ftc_ws/install/auv_bringup
[61.703s] DEBUG:colcon.colcon_core.event_handler.log_command:Invoking command in '/home/luiso/auv_ftc_ws/build/auv_bringup': AMENT_PREFIX_PATH=/home/luiso/auv_ftc_ws/install/auv_gazebo:/home/luiso/auv_ftc_ws/install/auv_description:/home/luiso/auv_ftc_ws/install/auv_control:${AMENT_PREFIX_PATH} CMAKE_PREFIX_PATH=/home/luiso/auv_ftc_ws/install/auv_gazebo:/home/luiso/auv_ftc_ws/install/auv_description:/home/luiso/auv_ftc_ws/install/auv_control:/home/luiso/dev_ws/install/xarm_planner:/home/luiso/dev_ws/install/xarm_moveit_servo:/home/luiso/dev_ws/install/xarm_moveit_config:/home/luiso/dev_ws/install/xarm_gazebo:/home/luiso/dev_ws/install/xarm_controller:/home/luiso/dev_ws/install/d435i_xarm_setup:/home/luiso/dev_ws/install/xarm_api:/home/luiso/dev_ws/install/xarm_sdk:/home/luiso/dev_ws/install/xarm_msgs:/home/luiso/dev_ws/install/xarm_description:/home/luiso/dev_ws/install/realsense_gazebo_plugin:/home/luiso/dev_ws/install/pymoveit2:/home/luiso/dev_ws/install/mbot_demo:/home/luiso/dev_ws/install/uf_ros_lib:/home/luiso/dev_ws/install/lite6_move:/opt/ros/humble LD_LIBRARY_PATH=/home/luiso/auv_ftc_ws/install/auv_control/lib:${LD_LIBRARY_PATH} PYTHONPATH=/home/luiso/auv_ftc_ws/install/auv_control/local/lib/python3.10/dist-packages:${PYTHONPATH} /usr/bin/cmake --build /home/luiso/auv_ftc_ws/build/auv_bringup -- -j16 -l16
[61.741s] DEBUG:colcon.colcon_core.event_handler.log_command:Invoked command in '/home/luiso/auv_ftc_ws/build/auv_bringup' returned '0': AMENT_PREFIX_PATH=/home/luiso/auv_ftc_ws/install/auv_gazebo:/home/luiso/auv_ftc_ws/install/auv_description:/home/luiso/auv_ftc_ws/install/auv_control:${AMENT_PREFIX_PATH} CMAKE_PREFIX_PATH=/home/luiso/auv_ftc_ws/install/auv_gazebo:/home/luiso/auv_ftc_ws/install/auv_description:/home/luiso/auv_ftc_ws/install/auv_control:/home/luiso/dev_ws/install/xarm_planner:/home/luiso/dev_ws/install/xarm_moveit_servo:/home/luiso/dev_ws/install/xarm_moveit_config:/home/luiso/dev_ws/install/xarm_gazebo:/home/luiso/dev_ws/install/xarm_controller:/home/luiso/dev_ws/install/d435i_xarm_setup:/home/luiso/dev_ws/install/xarm_api:/home/luiso/dev_ws/install/xarm_sdk:/home/luiso/dev_ws/install/xarm_msgs:/home/luiso/dev_ws/install/xarm_description:/home/luiso/dev_ws/install/realsense_gazebo_plugin:/home/luiso/dev_ws/install/pymoveit2:/home/luiso/dev_ws/install/mbot_demo:/home/luiso/dev_ws/install/uf_ros_lib:/home/luiso/dev_ws/install/lite6_move:/opt/ros/humble LD_LIBRARY_PATH=/home/luiso/auv_ftc_ws/install/auv_control/lib:${LD_LIBRARY_PATH} PYTHONPATH=/home/luiso/auv_ftc_ws/install/auv_control/local/lib/python3.10/dist-packages:${PYTHONPATH} /usr/bin/cmake --build /home/luiso/auv_ftc_ws/build/auv_bringup -- -j16 -l16
[61.744s] DEBUG:colcon.colcon_core.event_handler.log_command:Invoking command in '/home/luiso/auv_ftc_ws/build/auv_bringup': AMENT_PREFIX_PATH=/home/luiso/auv_ftc_ws/install/auv_gazebo:/home/luiso/auv_ftc_ws/install/auv_description:/home/luiso/auv_ftc_ws/install/auv_control:${AMENT_PREFIX_PATH} CMAKE_PREFIX_PATH=/home/luiso/auv_ftc_ws/install/auv_gazebo:/home/luiso/auv_ftc_ws/install/auv_description:/home/luiso/auv_ftc_ws/install/auv_control:/home/luiso/dev_ws/install/xarm_planner:/home/luiso/dev_ws/install/xarm_moveit_servo:/home/luiso/dev_ws/install/xarm_moveit_config:/home/luiso/dev_ws/install/xarm_gazebo:/home/luiso/dev_ws/install/xarm_controller:/home/luiso/dev_ws/install/d435i_xarm_setup:/home/luiso/dev_ws/install/xarm_api:/home/luiso/dev_ws/install/xarm_sdk:/home/luiso/dev_ws/install/xarm_msgs:/home/luiso/dev_ws/install/xarm_description:/home/luiso/dev_ws/install/realsense_gazebo_plugin:/home/luiso/dev_ws/install/pymoveit2:/home/luiso/dev_ws/install/mbot_demo:/home/luiso/dev_ws/install/uf_ros_lib:/home/luiso/dev_ws/install/lite6_move:/opt/ros/humble LD_LIBRARY_PATH=/home/luiso/auv_ftc_ws/install/auv_control/lib:${LD_LIBRARY_PATH} PYTHONPATH=/home/luiso/auv_ftc_ws/install/auv_control/local/lib/python3.10/dist-packages:${PYTHONPATH} /usr/bin/cmake --install /home/luiso/auv_ftc_ws/build/auv_bringup
[61.923s] Level 1:colcon.colcon_core.environment:create_environment_scripts_only(auv_bringup)
[61.923s] Level 1:colcon.colcon_core.environment:checking '/home/luiso/auv_ftc_ws/install/auv_bringup' for CMake module files
[61.924s] DEBUG:colcon.colcon_core.event_handler.log_command:Invoked command in '/home/luiso/auv_ftc_ws/build/auv_bringup' returned '0': AMENT_PREFIX_PATH=/home/luiso/auv_ftc_ws/install/auv_gazebo:/home/luiso/auv_ftc_ws/install/auv_description:/home/luiso/auv_ftc_ws/install/auv_control:${AMENT_PREFIX_PATH} CMAKE_PREFIX_PATH=/home/luiso/auv_ftc_ws/install/auv_gazebo:/home/luiso/auv_ftc_ws/install/auv_description:/home/luiso/auv_ftc_ws/install/auv_control:/home/luiso/dev_ws/install/xarm_planner:/home/luiso/dev_ws/install/xarm_moveit_servo:/home/luiso/dev_ws/install/xarm_moveit_config:/home/luiso/dev_ws/install/xarm_gazebo:/home/luiso/dev_ws/install/xarm_controller:/home/luiso/dev_ws/install/d435i_xarm_setup:/home/luiso/dev_ws/install/xarm_api:/home/luiso/dev_ws/install/xarm_sdk:/home/luiso/dev_ws/install/xarm_msgs:/home/luiso/dev_ws/install/xarm_description:/home/luiso/dev_ws/install/realsense_gazebo_plugin:/home/luiso/dev_ws/install/pymoveit2:/home/luiso/dev_ws/install/mbot_demo:/home/luiso/dev_ws/install/uf_ros_lib:/home/luiso/dev_ws/install/lite6_move:/opt/ros/humble LD_LIBRARY_PATH=/home/luiso/auv_ftc_ws/install/auv_control/lib:${LD_LIBRARY_PATH} PYTHONPATH=/home/luiso/auv_ftc_ws/install/auv_control/local/lib/python3.10/dist-packages:${PYTHONPATH} /usr/bin/cmake --install /home/luiso/auv_ftc_ws/build/auv_bringup
[61.924s] Level 1:colcon.colcon_core.environment:checking '/home/luiso/auv_ftc_ws/install/auv_bringup' for CMake config files
[61.925s] Level 1:colcon.colcon_core.shell:create_environment_hook('auv_bringup', 'cmake_prefix_path')
[61.925s] INFO:colcon.colcon_core.shell:Creating environment hook '/home/luiso/auv_ftc_ws/install/auv_bringup/share/auv_bringup/hook/cmake_prefix_path.ps1'
[61.925s] INFO:colcon.colcon_core.shell:Creating environment descriptor '/home/luiso/auv_ftc_ws/install/auv_bringup/share/auv_bringup/hook/cmake_prefix_path.dsv'
[61.926s] INFO:colcon.colcon_core.shell:Creating environment hook '/home/luiso/auv_ftc_ws/install/auv_bringup/share/auv_bringup/hook/cmake_prefix_path.sh'
[61.926s] Level 1:colcon.colcon_core.environment:checking '/home/luiso/auv_ftc_ws/install/auv_bringup/bin'
[61.926s] Level 1:colcon.colcon_core.environment:checking '/home/luiso/auv_ftc_ws/install/auv_bringup/lib/pkgconfig/auv_bringup.pc'
[61.927s] Level 1:colcon.colcon_core.environment:checking '/home/luiso/auv_ftc_ws/install/auv_bringup/lib/python3.10/site-packages'
[61.927s] Level 1:colcon.colcon_core.environment:checking '/home/luiso/auv_ftc_ws/install/auv_bringup/bin'
[61.927s] INFO:colcon.colcon_core.shell:Creating package script '/home/luiso/auv_ftc_ws/install/auv_bringup/share/auv_bringup/package.ps1'
[61.928s] INFO:colcon.colcon_core.shell:Creating package descriptor '/home/luiso/auv_ftc_ws/install/auv_bringup/share/auv_bringup/package.dsv'
[61.928s] INFO:colcon.colcon_core.shell:Creating package script '/home/luiso/auv_ftc_ws/install/auv_bringup/share/auv_bringup/package.sh'
[61.928s] INFO:colcon.colcon_core.shell:Creating package script '/home/luiso/auv_ftc_ws/install/auv_bringup/share/auv_bringup/package.bash'
[61.929s] INFO:colcon.colcon_core.shell:Creating package script '/home/luiso/auv_ftc_ws/install/auv_bringup/share/auv_bringup/package.zsh'
[61.929s] Level 1:colcon.colcon_core.environment:create_file_with_runtime_dependencies(/home/luiso/auv_ftc_ws/install/auv_bringup/share/colcon-core/packages/auv_bringup)
[61.930s] Level 1:colcon.colcon_core.environment:create_environment_scripts_only(auv_bringup)
[61.930s] Level 1:colcon.colcon_core.environment:checking '/home/luiso/auv_ftc_ws/install/auv_bringup' for CMake module files
[61.930s] Level 1:colcon.colcon_core.environment:checking '/home/luiso/auv_ftc_ws/install/auv_bringup' for CMake config files
[61.930s] Level 1:colcon.colcon_core.shell:create_environment_hook('auv_bringup', 'cmake_prefix_path')
[61.931s] INFO:colcon.colcon_core.shell:Creating environment hook '/home/luiso/auv_ftc_ws/install/auv_bringup/share/auv_bringup/hook/cmake_prefix_path.ps1'
[61.931s] INFO:colcon.colcon_core.shell:Creating environment descriptor '/home/luiso/auv_ftc_ws/install/auv_bringup/share/auv_bringup/hook/cmake_prefix_path.dsv'
[61.931s] INFO:colcon.colcon_core.shell:Creating environment hook '/home/luiso/auv_ftc_ws/install/auv_bringup/share/auv_bringup/hook/cmake_prefix_path.sh'
[61.932s] Level 1:colcon.colcon_core.environment:checking '/home/luiso/auv_ftc_ws/install/auv_bringup/bin'
[61.932s] Level 1:colcon.colcon_core.environment:checking '/home/luiso/auv_ftc_ws/install/auv_bringup/lib/pkgconfig/auv_bringup.pc'
[61.932s] Level 1:colcon.colcon_core.environment:checking '/home/luiso/auv_ftc_ws/install/auv_bringup/lib/python3.10/site-packages'
[61.932s] Level 1:colcon.colcon_core.environment:checking '/home/luiso/auv_ftc_ws/install/auv_bringup/bin'
[61.932s] INFO:colcon.colcon_core.shell:Creating package script '/home/luiso/auv_ftc_ws/install/auv_bringup/share/auv_bringup/package.ps1'
[61.933s] INFO:colcon.colcon_core.shell:Creating package descriptor '/home/luiso/auv_ftc_ws/install/auv_bringup/share/auv_bringup/package.dsv'
[61.933s] INFO:colcon.colcon_core.shell:Creating package script '/home/luiso/auv_ftc_ws/install/auv_bringup/share/auv_bringup/package.sh'
[61.934s] INFO:colcon.colcon_core.shell:Creating package script '/home/luiso/auv_ftc_ws/install/auv_bringup/share/auv_bringup/package.bash'
[61.934s] INFO:colcon.colcon_core.shell:Creating package script '/home/luiso/auv_ftc_ws/install/auv_bringup/share/auv_bringup/package.zsh'
[61.934s] Level 1:colcon.colcon_core.environment:create_file_with_runtime_dependencies(/home/luiso/auv_ftc_ws/install/auv_bringup/share/colcon-core/packages/auv_bringup)
[61.935s] DEBUG:colcon.colcon_parallel_executor.executor.parallel:closing loop
[61.935s] DEBUG:colcon.colcon_parallel_executor.executor.parallel:loop closed
[61.936s] DEBUG:colcon.colcon_parallel_executor.executor.parallel:run_until_complete finished with '0'
[61.936s] DEBUG:colcon.colcon_core.event_reactor:joining thread
[62.095s] INFO:colcon.colcon_core.plugin_system:Skipping extension 'colcon_notification.desktop_notification.notify_send': Could not find 'notify-send'
[62.096s] INFO:colcon.colcon_core.plugin_system:Skipping extension 'colcon_notification.desktop_notification.terminal_notifier': Not used on non-Darwin systems
[62.096s] INFO:colcon.colcon_core.plugin_system:Skipping extension 'colcon_notification.desktop_notification.win32': Not used on non-Windows systems
[62.096s] INFO:colcon.colcon_notification.desktop_notification:Sending desktop notification using 'notify2'
[62.096s] DEBUG:colcon.colcon_notification.desktop_notification.notify2:Failed to initialize notify2: org.freedesktop.DBus.Error.FileNotFound: Failed to connect to socket /run/user/1000/bus: No such file or directory
[62.097s] DEBUG:colcon.colcon_core.event_reactor:joined thread
[62.098s] INFO:colcon.colcon_core.shell:Creating prefix script '/home/luiso/auv_ftc_ws/install/local_setup.ps1'
[62.100s] INFO:colcon.colcon_core.shell:Creating prefix util module '/home/luiso/auv_ftc_ws/install/_local_setup_util_ps1.py'
[62.101s] INFO:colcon.colcon_core.shell:Creating prefix chain script '/home/luiso/auv_ftc_ws/install/setup.ps1'
[62.102s] INFO:colcon.colcon_core.shell:Creating prefix script '/home/luiso/auv_ftc_ws/install/local_setup.sh'
[62.103s] INFO:colcon.colcon_core.shell:Creating prefix util module '/home/luiso/auv_ftc_ws/install/_local_setup_util_sh.py'
[62.104s] INFO:colcon.colcon_core.shell:Creating prefix chain script '/home/luiso/auv_ftc_ws/install/setup.sh'
[62.106s] INFO:colcon.colcon_core.shell:Creating prefix script '/home/luiso/auv_ftc_ws/install/local_setup.bash'
[62.106s] INFO:colcon.colcon_core.shell:Creating prefix chain script '/home/luiso/auv_ftc_ws/install/setup.bash'
[62.110s] INFO:colcon.colcon_core.shell:Creating prefix script '/home/luiso/auv_ftc_ws/install/local_setup.zsh'
[62.111s] INFO:colcon.colcon_core.shell:Creating prefix chain script '/home/luiso/auv_ftc_ws/install/setup.zsh'
