[0.020s] Invoking command in '/home/luiso/auv_ftc_ws/build/auv_control': CMAKE_PREFIX_PATH=${CMAKE_PREFIX_PATH}:/home/luiso/dev_ws/install/uf_ros_lib:/home/luiso/dev_ws/install/lite6_move:/opt/ros/humble /usr/bin/cmake --build /home/luiso/auv_ftc_ws/build/auv_control -- -j16 -l16
[0.078s] [  2%] Built target auv_control__cpp
[0.081s] [  7%] Built target reference_generator_node
[0.082s] [ 15%] Built target auv_control__rosidl_generator_c
[0.084s] [ 15%] Built target ament_cmake_python_symlink_auv_control
[0.085s] [ 17%] [32mBuilding CXX object CMakeFiles/auv_control_core.dir/src/ts_fuzzy.cpp.o[0m
[0.108s] [ 27%] Built target auv_control__rosidl_typesupport_introspection_cpp
[0.108s] [ 32%] Built target auv_control__rosidl_typesupport_c
[0.113s] [ 50%] Built target auv_control__rosidl_typesupport_cpp
[0.113s] [ 55%] Built target auv_control__rosidl_typesupport_fastrtps_c
[0.114s] [ 55%] Built target auv_control__rosidl_typesupport_fastrtps_cpp
[0.116s] [ 62%] Built target auv_control__rosidl_typesupport_introspection_c
[0.138s] [ 62%] Built target auv_control
[0.159s] [ 65%] Built target auv_control__py
[0.182s] [ 70%] Built target auv_control__rosidl_generator_py
[0.203s] [ 80%] Built target auv_control__rosidl_typesupport_fastrtps_c__pyext
[0.203s] [ 80%] Built target auv_control__rosidl_typesupport_c__pyext
[0.204s] [ 85%] Built target auv_control__rosidl_typesupport_introspection_c__pyext
[0.317s] running egg_info
[0.318s] writing auv_control.egg-info/PKG-INFO
[0.318s] writing dependency_links to auv_control.egg-info/dependency_links.txt
[0.319s] writing top-level names to auv_control.egg-info/top_level.txt
[0.320s] reading manifest file 'auv_control.egg-info/SOURCES.txt'
[0.321s] writing manifest file 'auv_control.egg-info/SOURCES.txt'
[0.344s] [ 85%] Built target ament_cmake_python_build_auv_control_egg
[1.432s] [ 87%] [32m[1mLinking CXX shared library libauv_control_core.so[0m
[1.767s] [ 90%] Built target auv_control_core
[1.789s] [ 92%] [32m[1mLinking CXX executable test_allocator[0m
[1.791s] [ 95%] [32m[1mLinking CXX executable auv_controller_node[0m
[2.093s] [ 97%] Built target test_allocator
[2.632s] [100%] Built target auv_controller_node
[2.642s] Invoked command in '/home/luiso/auv_ftc_ws/build/auv_control' returned '0': CMAKE_PREFIX_PATH=${CMAKE_PREFIX_PATH}:/home/luiso/dev_ws/install/uf_ros_lib:/home/luiso/dev_ws/install/lite6_move:/opt/ros/humble /usr/bin/cmake --build /home/luiso/auv_ftc_ws/build/auv_control -- -j16 -l16
[2.644s] Invoking command in '/home/luiso/auv_ftc_ws/build/auv_control': CMAKE_PREFIX_PATH=${CMAKE_PREFIX_PATH}:/home/luiso/dev_ws/install/uf_ros_lib:/home/luiso/dev_ws/install/lite6_move:/opt/ros/humble /usr/bin/cmake --install /home/luiso/auv_ftc_ws/build/auv_control
[2.651s] -- Install configuration: ""
[2.652s] -- Execute custom install script
[2.652s] -- Up-to-date symlink: /home/luiso/auv_ftc_ws/install/auv_control/share/ament_index/resource_index/rosidl_interfaces/auv_control
[2.652s] -- Up-to-date symlink: /home/luiso/auv_ftc_ws/install/auv_control/include/auv_control/auv_control/msg/rosidl_generator_c__visibility_control.h
[2.652s] -- Up-to-date symlink: /home/luiso/auv_ftc_ws/install/auv_control/include/auv_control/auv_control/srv/detail/inject_fault__functions.h
[2.652s] -- Up-to-date symlink: /home/luiso/auv_ftc_ws/install/auv_control/include/auv_control/auv_control/srv/detail/inject_fault__struct.h
[2.652s] -- Up-to-date symlink: /home/luiso/auv_ftc_ws/install/auv_control/include/auv_control/auv_control/srv/detail/inject_fault__type_support.h
[2.653s] -- Up-to-date symlink: /home/luiso/auv_ftc_ws/install/auv_control/include/auv_control/auv_control/srv/inject_fault.h
[2.653s] -- Up-to-date symlink: /home/luiso/auv_ftc_ws/install/auv_control/share/auv_control/environment/library_path.sh
[2.653s] -- Up-to-date symlink: /home/luiso/auv_ftc_ws/install/auv_control/share/auv_control/environment/library_path.dsv
[2.653s] -- Up-to-date symlink: /home/luiso/auv_ftc_ws/install/auv_control/include/auv_control/auv_control/msg/rosidl_typesupport_fastrtps_c__visibility_control.h
[2.653s] -- Up-to-date symlink: /home/luiso/auv_ftc_ws/install/auv_control/include/auv_control/auv_control/srv/detail/inject_fault__rosidl_typesupport_fastrtps_c.h
[2.653s] -- Up-to-date symlink: /home/luiso/auv_ftc_ws/install/auv_control/include/auv_control/auv_control/msg/rosidl_generator_cpp__visibility_control.hpp
[2.653s] -- Up-to-date symlink: /home/luiso/auv_ftc_ws/install/auv_control/include/auv_control/auv_control/srv/detail/inject_fault__builder.hpp
[2.654s] -- Up-to-date symlink: /home/luiso/auv_ftc_ws/install/auv_control/include/auv_control/auv_control/srv/detail/inject_fault__struct.hpp
[2.654s] -- Up-to-date symlink: /home/luiso/auv_ftc_ws/install/auv_control/include/auv_control/auv_control/srv/detail/inject_fault__traits.hpp
[2.654s] -- Up-to-date symlink: /home/luiso/auv_ftc_ws/install/auv_control/include/auv_control/auv_control/srv/detail/inject_fault__type_support.hpp
[2.654s] -- Up-to-date symlink: /home/luiso/auv_ftc_ws/install/auv_control/include/auv_control/auv_control/srv/inject_fault.hpp
[2.654s] -- Up-to-date symlink: /home/luiso/auv_ftc_ws/install/auv_control/include/auv_control/auv_control/msg/rosidl_typesupport_fastrtps_cpp__visibility_control.h
[2.654s] -- Up-to-date symlink: /home/luiso/auv_ftc_ws/install/auv_control/include/auv_control/auv_control/srv/detail/inject_fault__rosidl_typesupport_fastrtps_cpp.hpp
[2.654s] -- Up-to-date symlink: /home/luiso/auv_ftc_ws/install/auv_control/include/auv_control/auv_control/msg/rosidl_typesupport_introspection_c__visibility_control.h
[2.654s] -- Up-to-date symlink: /home/luiso/auv_ftc_ws/install/auv_control/include/auv_control/auv_control/srv/detail/inject_fault__rosidl_typesupport_introspection_c.h
[2.655s] -- Up-to-date symlink: /home/luiso/auv_ftc_ws/install/auv_control/include/auv_control/auv_control/srv/detail/inject_fault__rosidl_typesupport_introspection_cpp.hpp
[2.655s] -- Up-to-date symlink: /home/luiso/auv_ftc_ws/install/auv_control/share/auv_control/environment/pythonpath.sh
[2.655s] -- Up-to-date symlink: /home/luiso/auv_ftc_ws/install/auv_control/share/auv_control/environment/pythonpath.dsv
[2.655s] -- Up-to-date symlink: /home/luiso/auv_ftc_ws/install/auv_control/local/lib/python3.10/dist-packages/auv_control-0.1.0-py3.10.egg-info/PKG-INFO
[2.655s] -- Up-to-date symlink: /home/luiso/auv_ftc_ws/install/auv_control/local/lib/python3.10/dist-packages/auv_control-0.1.0-py3.10.egg-info/SOURCES.txt
[2.655s] -- Up-to-date symlink: /home/luiso/auv_ftc_ws/install/auv_control/local/lib/python3.10/dist-packages/auv_control-0.1.0-py3.10.egg-info/dependency_links.txt
[2.656s] -- Up-to-date symlink: /home/luiso/auv_ftc_ws/install/auv_control/local/lib/python3.10/dist-packages/auv_control-0.1.0-py3.10.egg-info/top_level.txt
[2.656s] -- Up-to-date symlink: /home/luiso/auv_ftc_ws/install/auv_control/local/lib/python3.10/dist-packages/auv_control/__init__.py
[2.656s] -- Up-to-date symlink: /home/luiso/auv_ftc_ws/install/auv_control/local/lib/python3.10/dist-packages/auv_control/_auv_control_s.ep.rosidl_typesupport_c.c
[2.656s] -- Up-to-date symlink: /home/luiso/auv_ftc_ws/install/auv_control/local/lib/python3.10/dist-packages/auv_control/_auv_control_s.ep.rosidl_typesupport_fastrtps_c.c
[2.656s] -- Up-to-date symlink: /home/luiso/auv_ftc_ws/install/auv_control/local/lib/python3.10/dist-packages/auv_control/_auv_control_s.ep.rosidl_typesupport_introspection_c.c
[2.657s] -- Up-to-date symlink: /home/luiso/auv_ftc_ws/install/auv_control/local/lib/python3.10/dist-packages/auv_control/auv_control_s__rosidl_typesupport_c.cpython-310-x86_64-linux-gnu.so
[2.657s] -- Up-to-date symlink: /home/luiso/auv_ftc_ws/install/auv_control/local/lib/python3.10/dist-packages/auv_control/auv_control_s__rosidl_typesupport_fastrtps_c.cpython-310-x86_64-linux-gnu.so
[2.657s] -- Up-to-date symlink: /home/luiso/auv_ftc_ws/install/auv_control/local/lib/python3.10/dist-packages/auv_control/auv_control_s__rosidl_typesupport_introspection_c.cpython-310-x86_64-linux-gnu.so
[2.657s] -- Up-to-date symlink: /home/luiso/auv_ftc_ws/install/auv_control/local/lib/python3.10/dist-packages/auv_control/libauv_control__rosidl_generator_py.so
[2.657s] -- Up-to-date symlink: /home/luiso/auv_ftc_ws/install/auv_control/local/lib/python3.10/dist-packages/auv_control/srv/__init__.py
[2.657s] -- Up-to-date symlink: /home/luiso/auv_ftc_ws/install/auv_control/local/lib/python3.10/dist-packages/auv_control/srv/_inject_fault.py
[2.657s] -- Up-to-date symlink: /home/luiso/auv_ftc_ws/install/auv_control/local/lib/python3.10/dist-packages/auv_control/srv/_inject_fault_s.c
[2.657s] -- Up-to-date symlink: /home/luiso/auv_ftc_ws/install/auv_control/local/lib/python3.10/dist-packages/auv_control/auv_control_s__rosidl_typesupport_fastrtps_c.cpython-310-x86_64-linux-gnu.so
[2.657s] -- Up-to-date symlink: /home/luiso/auv_ftc_ws/install/auv_control/local/lib/python3.10/dist-packages/auv_control/auv_control_s__rosidl_typesupport_introspection_c.cpython-310-x86_64-linux-gnu.so
[2.658s] -- Up-to-date symlink: /home/luiso/auv_ftc_ws/install/auv_control/local/lib/python3.10/dist-packages/auv_control/auv_control_s__rosidl_typesupport_c.cpython-310-x86_64-linux-gnu.so
[2.658s] -- Up-to-date symlink: /home/luiso/auv_ftc_ws/install/auv_control/share/auv_control/srv/InjectFault.idl
[2.658s] -- Up-to-date symlink: /home/luiso/auv_ftc_ws/install/auv_control/share/auv_control/srv/InjectFault.srv
[2.658s] -- Up-to-date symlink: /home/luiso/auv_ftc_ws/install/auv_control/share/auv_control/srv/InjectFault_Request.msg
[2.658s] -- Up-to-date symlink: /home/luiso/auv_ftc_ws/install/auv_control/share/auv_control/srv/InjectFault_Response.msg
[2.658s] -- Up-to-date symlink: /home/luiso/auv_ftc_ws/install/auv_control/lib/libauv_control_core.so
[2.659s] -- Up-to-date symlink: /home/luiso/auv_ftc_ws/install/auv_control/lib/auv_control/auv_controller_node
[2.659s] -- Up-to-date symlink: /home/luiso/auv_ftc_ws/install/auv_control/lib/auv_control/reference_generator_node
[2.659s] -- Up-to-date symlink: /home/luiso/auv_ftc_ws/install/auv_control/lib/auv_control/test_allocator
[2.659s] -- Up-to-date symlink: /home/luiso/auv_ftc_ws/install/auv_control/include/auv_control/auv_params.hpp
[2.659s] -- Up-to-date symlink: /home/luiso/auv_ftc_ws/install/auv_control/include/auv_control/thrust_allocator.hpp
[2.659s] -- Up-to-date symlink: /home/luiso/auv_ftc_ws/install/auv_control/include/auv_control/ts_fuzzy.hpp
[2.660s] -- Up-to-date symlink: /home/luiso/auv_ftc_ws/install/auv_control/share/auv_control/launch/controller.launch.py
[2.660s] -- Up-to-date symlink: /home/luiso/auv_ftc_ws/install/auv_control/share/auv_control/config/controller.yaml
[2.660s] -- Up-to-date symlink: /home/luiso/auv_ftc_ws/install/auv_control/share/auv_control/config/controller_rexrov.yaml
[2.660s] -- Up-to-date symlink: /home/luiso/auv_ftc_ws/install/auv_control/lib/auv_control/inject_fault_cli.py
[2.660s] -- Up-to-date symlink: /home/luiso/auv_ftc_ws/install/auv_control/lib/auv_control/scenario_runner.py
[2.660s] -- Up-to-date symlink: /home/luiso/auv_ftc_ws/install/auv_control/lib/auv_control/plot_from_bag.py
[2.661s] -- Up-to-date symlink: /home/luiso/auv_ftc_ws/install/auv_control/share/ament_index/resource_index/package_run_dependencies/auv_control
[2.661s] -- Up-to-date symlink: /home/luiso/auv_ftc_ws/install/auv_control/share/ament_index/resource_index/parent_prefix_path/auv_control
[2.661s] -- Up-to-date symlink: /home/luiso/auv_ftc_ws/install/auv_control/share/auv_control/environment/ament_prefix_path.sh
[2.661s] -- Up-to-date symlink: /home/luiso/auv_ftc_ws/install/auv_control/share/auv_control/environment/ament_prefix_path.dsv
[2.661s] -- Up-to-date symlink: /home/luiso/auv_ftc_ws/install/auv_control/share/auv_control/environment/path.sh
[2.661s] -- Up-to-date symlink: /home/luiso/auv_ftc_ws/install/auv_control/share/auv_control/environment/path.dsv
[2.661s] -- Up-to-date symlink: /home/luiso/auv_ftc_ws/install/auv_control/share/auv_control/local_setup.bash
[2.661s] -- Up-to-date symlink: /home/luiso/auv_ftc_ws/install/auv_control/share/auv_control/local_setup.sh
[2.662s] -- Up-to-date symlink: /home/luiso/auv_ftc_ws/install/auv_control/share/auv_control/local_setup.zsh
[2.662s] -- Up-to-date symlink: /home/luiso/auv_ftc_ws/install/auv_control/share/auv_control/local_setup.dsv
[2.662s] -- Symlinking: /home/luiso/auv_ftc_ws/install/auv_control/share/auv_control/package.dsv
[2.670s] -- Up-to-date symlink: /home/luiso/auv_ftc_ws/install/auv_control/share/ament_index/resource_index/packages/auv_control
[2.670s] -- Up-to-date symlink: /home/luiso/auv_ftc_ws/install/auv_control/share/auv_control/cmake/rosidl_cmake-extras.cmake
[2.670s] -- Up-to-date symlink: /home/luiso/auv_ftc_ws/install/auv_control/share/auv_control/cmake/ament_cmake_export_dependencies-extras.cmake
[2.670s] -- Up-to-date symlink: /home/luiso/auv_ftc_ws/install/auv_control/share/auv_control/cmake/ament_cmake_export_include_directories-extras.cmake
[2.670s] -- Up-to-date symlink: /home/luiso/auv_ftc_ws/install/auv_control/share/auv_control/cmake/ament_cmake_export_libraries-extras.cmake
[2.670s] -- Up-to-date symlink: /home/luiso/auv_ftc_ws/install/auv_control/share/auv_control/cmake/ament_cmake_export_targets-extras.cmake
[2.670s] -- Up-to-date symlink: /home/luiso/auv_ftc_ws/install/auv_control/share/auv_control/cmake/rosidl_cmake_export_typesupport_targets-extras.cmake
[2.671s] -- Up-to-date symlink: /home/luiso/auv_ftc_ws/install/auv_control/share/auv_control/cmake/rosidl_cmake_export_typesupport_libraries-extras.cmake
[2.671s] -- Up-to-date symlink: /home/luiso/auv_ftc_ws/install/auv_control/share/auv_control/cmake/auv_controlConfig.cmake
[2.671s] -- Up-to-date symlink: /home/luiso/auv_ftc_ws/install/auv_control/share/auv_control/cmake/auv_controlConfig-version.cmake
[2.671s] -- Up-to-date symlink: /home/luiso/auv_ftc_ws/install/auv_control/share/auv_control/package.xml
[2.671s] -- Up-to-date: /home/luiso/auv_ftc_ws/install/auv_control/lib/libauv_control__rosidl_generator_c.so
[2.671s] -- Up-to-date: /home/luiso/auv_ftc_ws/install/auv_control/lib/libauv_control__rosidl_typesupport_fastrtps_c.so
[2.672s] -- Up-to-date: /home/luiso/auv_ftc_ws/install/auv_control/lib/libauv_control__rosidl_typesupport_fastrtps_cpp.so
[2.672s] -- Up-to-date: /home/luiso/auv_ftc_ws/install/auv_control/lib/libauv_control__rosidl_typesupport_introspection_c.so
[2.672s] -- Up-to-date: /home/luiso/auv_ftc_ws/install/auv_control/lib/libauv_control__rosidl_typesupport_c.so
[2.672s] -- Up-to-date: /home/luiso/auv_ftc_ws/install/auv_control/lib/libauv_control__rosidl_typesupport_introspection_cpp.so
[2.672s] -- Up-to-date: /home/luiso/auv_ftc_ws/install/auv_control/lib/libauv_control__rosidl_typesupport_cpp.so
[2.703s] Listing '/home/luiso/auv_ftc_ws/install/auv_control/local/lib/python3.10/dist-packages/auv_control'...
[2.703s] Listing '/home/luiso/auv_ftc_ws/install/auv_control/local/lib/python3.10/dist-packages/auv_control/srv'...
[2.706s] -- Up-to-date: /home/luiso/auv_ftc_ws/install/auv_control/lib/libauv_control__rosidl_generator_py.so
[2.707s] -- Up-to-date: /home/luiso/auv_ftc_ws/install/auv_control/share/auv_control/cmake/export_auv_control__rosidl_generator_cExport.cmake
[2.707s] -- Up-to-date: /home/luiso/auv_ftc_ws/install/auv_control/share/auv_control/cmake/export_auv_control__rosidl_generator_cExport-noconfig.cmake
[2.707s] -- Up-to-date: /home/luiso/auv_ftc_ws/install/auv_control/share/auv_control/cmake/export_auv_control__rosidl_typesupport_fastrtps_cExport.cmake
[2.708s] -- Up-to-date: /home/luiso/auv_ftc_ws/install/auv_control/share/auv_control/cmake/export_auv_control__rosidl_typesupport_fastrtps_cExport-noconfig.cmake
[2.708s] -- Up-to-date: /home/luiso/auv_ftc_ws/install/auv_control/share/auv_control/cmake/export_auv_control__rosidl_generator_cppExport.cmake
[2.708s] -- Up-to-date: /home/luiso/auv_ftc_ws/install/auv_control/share/auv_control/cmake/export_auv_control__rosidl_typesupport_fastrtps_cppExport.cmake
[2.708s] -- Up-to-date: /home/luiso/auv_ftc_ws/install/auv_control/share/auv_control/cmake/export_auv_control__rosidl_typesupport_fastrtps_cppExport-noconfig.cmake
[2.708s] -- Up-to-date: /home/luiso/auv_ftc_ws/install/auv_control/share/auv_control/cmake/auv_control__rosidl_typesupport_introspection_cExport.cmake
[2.708s] -- Up-to-date: /home/luiso/auv_ftc_ws/install/auv_control/share/auv_control/cmake/auv_control__rosidl_typesupport_introspection_cExport-noconfig.cmake
[2.708s] -- Up-to-date: /home/luiso/auv_ftc_ws/install/auv_control/share/auv_control/cmake/auv_control__rosidl_typesupport_cExport.cmake
[2.708s] -- Up-to-date: /home/luiso/auv_ftc_ws/install/auv_control/share/auv_control/cmake/auv_control__rosidl_typesupport_cExport-noconfig.cmake
[2.708s] -- Up-to-date: /home/luiso/auv_ftc_ws/install/auv_control/share/auv_control/cmake/auv_control__rosidl_typesupport_introspection_cppExport.cmake
[2.708s] -- Up-to-date: /home/luiso/auv_ftc_ws/install/auv_control/share/auv_control/cmake/auv_control__rosidl_typesupport_introspection_cppExport-noconfig.cmake
[2.708s] -- Up-to-date: /home/luiso/auv_ftc_ws/install/auv_control/share/auv_control/cmake/auv_control__rosidl_typesupport_cppExport.cmake
[2.708s] -- Up-to-date: /home/luiso/auv_ftc_ws/install/auv_control/share/auv_control/cmake/auv_control__rosidl_typesupport_cppExport-noconfig.cmake
[2.708s] -- Up-to-date: /home/luiso/auv_ftc_ws/install/auv_control/share/auv_control/cmake/export_auv_control__rosidl_generator_pyExport.cmake
[2.708s] -- Up-to-date: /home/luiso/auv_ftc_ws/install/auv_control/share/auv_control/cmake/export_auv_control__rosidl_generator_pyExport-noconfig.cmake
[2.710s] Invoked command in '/home/luiso/auv_ftc_ws/build/auv_control' returned '0': CMAKE_PREFIX_PATH=${CMAKE_PREFIX_PATH}:/home/luiso/dev_ws/install/uf_ros_lib:/home/luiso/dev_ws/install/lite6_move:/opt/ros/humble /usr/bin/cmake --install /home/luiso/auv_ftc_ws/build/auv_control
