[0.657s] DEBUG:colcon:Command line arguments: ['/usr/bin/colcon', 'build', '--symlink-install']
[0.657s] DEBUG:colcon:Parsed command line arguments: Namespace(log_base=None, log_level=None, verb_name='build', build_base='build', install_base='install', merge_install=False, symlink_install=True, test_result_base=None, continue_on_error=False, executor='parallel', parallel_workers=16, event_handlers=None, ignore_user_meta=False, metas=['./colcon.meta'], base_paths=['.'], packages_ignore=None, packages_ignore_regex=None, paths=None, packages_up_to=None, packages_up_to_regex=None, packages_above=None, packages_above_and_dependencies=None, packages_above_depth=None, packages_select_by_dep=None, packages_skip_by_dep=None, packages_skip_up_to=None, packages_select_build_failed=False, packages_skip_build_finished=False, packages_select_test_failures=False, packages_skip_test_passed=False, packages_select=None, packages_skip=None, packages_select_regex=None, packages_skip_regex=None, packages_start=None, packages_end=None, allow_overriding=[], cmake_args=None, cmake_target=None, cmake_target_skip_unavailable=False, cmake_clean_cache=False, cmake_clean_first=False, cmake_force_configure=False, ament_cmake_args=None, catkin_cmake_args=None, catkin_skip_building_tests=False, verb_parser=<colcon_defaults.argument_parser.defaults.DefaultArgumentsDecorator object at 0x781254469f90>, verb_extension=<colcon_core.verb.build.BuildVerb object at 0x781254469b40>, main=<bound method BuildVerb.main of <colcon_core.verb.build.BuildVerb object at 0x781254469b40>>)
[0.795s] Level 1:colcon.colcon_core.package_discovery:discover_packages(colcon_meta) check parameters
[0.796s] Level 1:colcon.colcon_core.package_discovery:discover_packages(recursive) check parameters
[0.796s] Level 1:colcon.colcon_core.package_discovery:discover_packages(ignore) check parameters
[0.796s] Level 1:colcon.colcon_core.package_discovery:discover_packages(path) check parameters
[0.796s] Level 1:colcon.colcon_core.package_discovery:discover_packages(colcon_meta) discover
[0.796s] Level 1:colcon.colcon_core.package_discovery:discover_packages(recursive) discover
[0.796s] INFO:colcon.colcon_core.package_discovery:Crawling recursively for packages in '/home/luiso/auv_ftc_ws'
[0.796s] Level 1:colcon.colcon_core.package_identification:_identify(.) by extensions ['ignore', 'ignore_ament_install']
[0.796s] Level 1:colcon.colcon_core.package_identification:_identify(.) by extension 'ignore'
[0.796s] Level 1:colcon.colcon_core.package_identification:_identify(.) by extension 'ignore_ament_install'
[0.796s] Level 1:colcon.colcon_core.package_identification:_identify(.) by extensions ['colcon_pkg']
[0.796s] Level 1:colcon.colcon_core.package_identification:_identify(.) by extension 'colcon_pkg'
[0.796s] Level 1:colcon.colcon_core.package_identification:_identify(.) by extensions ['colcon_meta']
[0.796s] Level 1:colcon.colcon_core.package_identification:_identify(.) by extension 'colcon_meta'
[0.796s] Level 1:colcon.colcon_core.package_identification:_identify(.) by extensions ['ros']
[0.796s] Level 1:colcon.colcon_core.package_identification:_identify(.) by extension 'ros'
[0.807s] Level 1:colcon.colcon_core.package_identification:_identify(.) by extensions ['cmake', 'python']
[0.807s] Level 1:colcon.colcon_core.package_identification:_identify(.) by extension 'cmake'
[0.808s] Level 1:colcon.colcon_core.package_identification:_identify(.) by extension 'python'
[0.808s] Level 1:colcon.colcon_core.package_identification:_identify(.) by extensions ['python_setup_py']
[0.808s] Level 1:colcon.colcon_core.package_identification:_identify(.) by extension 'python_setup_py'
[0.808s] Level 1:colcon.colcon_core.package_identification:_identify(build) by extensions ['ignore', 'ignore_ament_install']
[0.808s] Level 1:colcon.colcon_core.package_identification:_identify(build) by extension 'ignore'
[0.808s] Level 1:colcon.colcon_core.package_identification:_identify(build) ignored
[0.808s] Level 1:colcon.colcon_core.package_identification:_identify(install) by extensions ['ignore', 'ignore_ament_install']
[0.809s] Level 1:colcon.colcon_core.package_identification:_identify(install) by extension 'ignore'
[0.809s] Level 1:colcon.colcon_core.package_identification:_identify(install) ignored
[0.809s] Level 1:colcon.colcon_core.package_identification:_identify(log) by extensions ['ignore', 'ignore_ament_install']
[0.809s] Level 1:colcon.colcon_core.package_identification:_identify(log) by extension 'ignore'
[0.809s] Level 1:colcon.colcon_core.package_identification:_identify(log) ignored
[0.809s] Level 1:colcon.colcon_core.package_identification:_identify(src) by extensions ['ignore', 'ignore_ament_install']
[0.809s] Level 1:colcon.colcon_core.package_identification:_identify(src) by extension 'ignore'
[0.809s] Level 1:colcon.colcon_core.package_identification:_identify(src) by extension 'ignore_ament_install'
[0.809s] Level 1:colcon.colcon_core.package_identification:_identify(src) by extensions ['colcon_pkg']
[0.809s] Level 1:colcon.colcon_core.package_identification:_identify(src) by extension 'colcon_pkg'
[0.809s] Level 1:colcon.colcon_core.package_identification:_identify(src) by extensions ['colcon_meta']
[0.809s] Level 1:colcon.colcon_core.package_identification:_identify(src) by extension 'colcon_meta'
[0.809s] Level 1:colcon.colcon_core.package_identification:_identify(src) by extensions ['ros']
[0.809s] Level 1:colcon.colcon_core.package_identification:_identify(src) by extension 'ros'
[0.810s] Level 1:colcon.colcon_core.package_identification:_identify(src) by extensions ['cmake', 'python']
[0.810s] Level 1:colcon.colcon_core.package_identification:_identify(src) by extension 'cmake'
[0.810s] Level 1:colcon.colcon_core.package_identification:_identify(src) by extension 'python'
[0.810s] Level 1:colcon.colcon_core.package_identification:_identify(src) by extensions ['python_setup_py']
[0.810s] Level 1:colcon.colcon_core.package_identification:_identify(src) by extension 'python_setup_py'
[0.810s] Level 1:colcon.colcon_core.package_identification:_identify(src/auv_bringup) by extensions ['ignore', 'ignore_ament_install']
[0.810s] Level 1:colcon.colcon_core.package_identification:_identify(src/auv_bringup) by extension 'ignore'
[0.810s] Level 1:colcon.colcon_core.package_identification:_identify(src/auv_bringup) by extension 'ignore_ament_install'
[0.810s] Level 1:colcon.colcon_core.package_identification:_identify(src/auv_bringup) by extensions ['colcon_pkg']
[0.810s] Level 1:colcon.colcon_core.package_identification:_identify(src/auv_bringup) by extension 'colcon_pkg'
[0.810s] Level 1:colcon.colcon_core.package_identification:_identify(src/auv_bringup) by extensions ['colcon_meta']
[0.810s] Level 1:colcon.colcon_core.package_identification:_identify(src/auv_bringup) by extension 'colcon_meta'
[0.811s] Level 1:colcon.colcon_core.package_identification:_identify(src/auv_bringup) by extensions ['ros']
[0.811s] Level 1:colcon.colcon_core.package_identification:_identify(src/auv_bringup) by extension 'ros'
[0.813s] DEBUG:colcon.colcon_core.package_identification:Package 'src/auv_bringup' with type 'ros.ament_cmake' and name 'auv_bringup'
[0.813s] Level 1:colcon.colcon_core.package_identification:_identify(src/auv_control) by extensions ['ignore', 'ignore_ament_install']
[0.813s] Level 1:colcon.colcon_core.package_identification:_identify(src/auv_control) by extension 'ignore'
[0.813s] Level 1:colcon.colcon_core.package_identification:_identify(src/auv_control) by extension 'ignore_ament_install'
[0.813s] Level 1:colcon.colcon_core.package_identification:_identify(src/auv_control) by extensions ['colcon_pkg']
[0.814s] Level 1:colcon.colcon_core.package_identification:_identify(src/auv_control) by extension 'colcon_pkg'
[0.814s] Level 1:colcon.colcon_core.package_identification:_identify(src/auv_control) by extensions ['colcon_meta']
[0.814s] Level 1:colcon.colcon_core.package_identification:_identify(src/auv_control) by extension 'colcon_meta'
[0.814s] Level 1:colcon.colcon_core.package_identification:_identify(src/auv_control) by extensions ['ros']
[0.814s] Level 1:colcon.colcon_core.package_identification:_identify(src/auv_control) by extension 'ros'
[0.815s] DEBUG:colcon.colcon_core.package_identification:Package 'src/auv_control' with type 'ros.ament_cmake' and name 'auv_control'
[0.815s] Level 1:colcon.colcon_core.package_identification:_identify(src/auv_dashboard) by extensions ['ignore', 'ignore_ament_install']
[0.815s] Level 1:colcon.colcon_core.package_identification:_identify(src/auv_dashboard) by extension 'ignore'
[0.815s] Level 1:colcon.colcon_core.package_identification:_identify(src/auv_dashboard) by extension 'ignore_ament_install'
[0.815s] Level 1:colcon.colcon_core.package_identification:_identify(src/auv_dashboard) by extensions ['colcon_pkg']
[0.815s] Level 1:colcon.colcon_core.package_identification:_identify(src/auv_dashboard) by extension 'colcon_pkg'
[0.815s] Level 1:colcon.colcon_core.package_identification:_identify(src/auv_dashboard) by extensions ['colcon_meta']
[0.815s] Level 1:colcon.colcon_core.package_identification:_identify(src/auv_dashboard) by extension 'colcon_meta'
[0.815s] Level 1:colcon.colcon_core.package_identification:_identify(src/auv_dashboard) by extensions ['ros']
[0.815s] Level 1:colcon.colcon_core.package_identification:_identify(src/auv_dashboard) by extension 'ros'
[0.816s] DEBUG:colcon.colcon_core.package_identification:Package 'src/auv_dashboard' with type 'ros.ament_cmake' and name 'auv_dashboard'
[0.816s] Level 1:colcon.colcon_core.package_identification:_identify(src/auv_description) by extensions ['ignore', 'ignore_ament_install']
[0.816s] Level 1:colcon.colcon_core.package_identification:_identify(src/auv_description) by extension 'ignore'
[0.816s] Level 1:colcon.colcon_core.package_identification:_identify(src/auv_description) by extension 'ignore_ament_install'
[0.816s] Level 1:colcon.colcon_core.package_identification:_identify(src/auv_description) by extensions ['colcon_pkg']
[0.816s] Level 1:colcon.colcon_core.package_identification:_identify(src/auv_description) by extension 'colcon_pkg'
[0.816s] Level 1:colcon.colcon_core.package_identification:_identify(src/auv_description) by extensions ['colcon_meta']
[0.816s] Level 1:colcon.colcon_core.package_identification:_identify(src/auv_description) by extension 'colcon_meta'
[0.816s] Level 1:colcon.colcon_core.package_identification:_identify(src/auv_description) by extensions ['ros']
[0.816s] Level 1:colcon.colcon_core.package_identification:_identify(src/auv_description) by extension 'ros'
[0.817s] DEBUG:colcon.colcon_core.package_identification:Package 'src/auv_description' with type 'ros.ament_cmake' and name 'auv_description'
[0.817s] Level 1:colcon.colcon_core.package_identification:_identify(src/auv_gazebo) by extensions ['ignore', 'ignore_ament_install']
[0.817s] Level 1:colcon.colcon_core.package_identification:_identify(src/auv_gazebo) by extension 'ignore'
[0.817s] Level 1:colcon.colcon_core.package_identification:_identify(src/auv_gazebo) by extension 'ignore_ament_install'
[0.817s] Level 1:colcon.colcon_core.package_identification:_identify(src/auv_gazebo) by extensions ['colcon_pkg']
[0.817s] Level 1:colcon.colcon_core.package_identification:_identify(src/auv_gazebo) by extension 'colcon_pkg'
[0.817s] Level 1:colcon.colcon_core.package_identification:_identify(src/auv_gazebo) by extensions ['colcon_meta']
[0.817s] Level 1:colcon.colcon_core.package_identification:_identify(src/auv_gazebo) by extension 'colcon_meta'
[0.817s] Level 1:colcon.colcon_core.package_identification:_identify(src/auv_gazebo) by extensions ['ros']
[0.817s] Level 1:colcon.colcon_core.package_identification:_identify(src/auv_gazebo) by extension 'ros'
[0.818s] DEBUG:colcon.colcon_core.package_identification:Package 'src/auv_gazebo' with type 'ros.ament_cmake' and name 'auv_gazebo'
[0.818s] Level 1:colcon.colcon_core.package_discovery:discover_packages(recursive) using defaults
[0.818s] Level 1:colcon.colcon_core.package_discovery:discover_packages(ignore) discover
[0.818s] Level 1:colcon.colcon_core.package_discovery:discover_packages(ignore) using defaults
[0.818s] Level 1:colcon.colcon_core.package_discovery:discover_packages(path) discover
[0.818s] Level 1:colcon.colcon_core.package_discovery:discover_packages(path) using defaults
[0.851s] Level 1:colcon.colcon_core.package_discovery:discover_packages(prefix_path) check parameters
[0.851s] Level 1:colcon.colcon_core.package_discovery:discover_packages(prefix_path) discover
[0.853s] DEBUG:colcon.colcon_installed_package_information.package_discovery:Found 5 installed packages in /home/luiso/auv_ftc_ws/install
[0.854s] DEBUG:colcon.colcon_installed_package_information.package_discovery:Found 15 installed packages in /home/luiso/dev_ws/install
[0.855s] DEBUG:colcon.colcon_installed_package_information.package_discovery:Found 346 installed packages in /opt/ros/humble
[0.856s] Level 1:colcon.colcon_core.package_discovery:discover_packages(prefix_path) using defaults
[0.894s] Level 5:colcon.colcon_core.verb:set package 'auv_control' build argument 'cmake_args' from command line to 'None'
[0.894s] Level 5:colcon.colcon_core.verb:set package 'auv_control' build argument 'cmake_target' from command line to 'None'
[0.894s] Level 5:colcon.colcon_core.verb:set package 'auv_control' build argument 'cmake_target_skip_unavailable' from command line to 'False'
[0.894s] Level 5:colcon.colcon_core.verb:set package 'auv_control' build argument 'cmake_clean_cache' from command line to 'False'
[0.894s] Level 5:colcon.colcon_core.verb:set package 'auv_control' build argument 'cmake_clean_first' from command line to 'False'
[0.894s] Level 5:colcon.colcon_core.verb:set package 'auv_control' build argument 'cmake_force_configure' from command line to 'False'
[0.894s] Level 5:colcon.colcon_core.verb:set package 'auv_control' build argument 'ament_cmake_args' from command line to 'None'
[0.894s] Level 5:colcon.colcon_core.verb:set package 'auv_control' build argument 'catkin_cmake_args' from command line to 'None'
[0.894s] Level 5:colcon.colcon_core.verb:set package 'auv_control' build argument 'catkin_skip_building_tests' from command line to 'False'
[0.894s] DEBUG:colcon.colcon_core.verb:Building package 'auv_control' with the following arguments: {'ament_cmake_args': None, 'build_base': '/home/luiso/auv_ftc_ws/build/auv_control', 'catkin_cmake_args': None, 'catkin_skip_building_tests': False, 'cmake_args': None, 'cmake_clean_cache': False, 'cmake_clean_first': False, 'cmake_force_configure': False, 'cmake_target': None, 'cmake_target_skip_unavailable': False, 'install_base': '/home/luiso/auv_ftc_ws/install/auv_control', 'merge_install': False, 'path': '/home/luiso/auv_ftc_ws/src/auv_control', 'symlink_install': True, 'test_result_base': None}
[0.894s] Level 5:colcon.colcon_core.verb:set package 'auv_description' build argument 'cmake_args' from command line to 'None'
[0.894s] Level 5:colcon.colcon_core.verb:set package 'auv_description' build argument 'cmake_target' from command line to 'None'
[0.894s] Level 5:colcon.colcon_core.verb:set package 'auv_description' build argument 'cmake_target_skip_unavailable' from command line to 'False'
[0.894s] Level 5:colcon.colcon_core.verb:set package 'auv_description' build argument 'cmake_clean_cache' from command line to 'False'
[0.894s] Level 5:colcon.colcon_core.verb:set package 'auv_description' build argument 'cmake_clean_first' from command line to 'False'
[0.894s] Level 5:colcon.colcon_core.verb:set package 'auv_description' build argument 'cmake_force_configure' from command line to 'False'
[0.894s] Level 5:colcon.colcon_core.verb:set package 'auv_description' build argument 'ament_cmake_args' from command line to 'None'
[0.894s] Level 5:colcon.colcon_core.verb:set package 'auv_description' build argument 'catkin_cmake_args' from command line to 'None'
[0.894s] Level 5:colcon.colcon_core.verb:set package 'auv_description' build argument 'catkin_skip_building_tests' from command line to 'False'
[0.894s] DEBUG:colcon.colcon_core.verb:Building package 'auv_description' with the following arguments: {'ament_cmake_args': None, 'build_base': '/home/luiso/auv_ftc_ws/build/auv_description', 'catkin_cmake_args': None, 'catkin_skip_building_tests': False, 'cmake_args': None, 'cmake_clean_cache': False, 'cmake_clean_first': False, 'cmake_force_configure': False, 'cmake_target': None, 'cmake_target_skip_unavailable': False, 'install_base': '/home/luiso/auv_ftc_ws/install/auv_description', 'merge_install': False, 'path': '/home/luiso/auv_ftc_ws/src/auv_description', 'symlink_install': True, 'test_result_base': None}
[0.895s] Level 5:colcon.colcon_core.verb:set package 'auv_dashboard' build argument 'cmake_args' from command line to 'None'
[0.895s] Level 5:colcon.colcon_core.verb:set package 'auv_dashboard' build argument 'cmake_target' from command line to 'None'
[0.895s] Level 5:colcon.colcon_core.verb:set package 'auv_dashboard' build argument 'cmake_target_skip_unavailable' from command line to 'False'
[0.895s] Level 5:colcon.colcon_core.verb:set package 'auv_dashboard' build argument 'cmake_clean_cache' from command line to 'False'
[0.895s] Level 5:colcon.colcon_core.verb:set package 'auv_dashboard' build argument 'cmake_clean_first' from command line to 'False'
[0.895s] Level 5:colcon.colcon_core.verb:set package 'auv_dashboard' build argument 'cmake_force_configure' from command line to 'False'
[0.895s] Level 5:colcon.colcon_core.verb:set package 'auv_dashboard' build argument 'ament_cmake_args' from command line to 'None'
[0.895s] Level 5:colcon.colcon_core.verb:set package 'auv_dashboard' build argument 'catkin_cmake_args' from command line to 'None'
[0.895s] Level 5:colcon.colcon_core.verb:set package 'auv_dashboard' build argument 'catkin_skip_building_tests' from command line to 'False'
[0.895s] DEBUG:colcon.colcon_core.verb:Building package 'auv_dashboard' with the following arguments: {'ament_cmake_args': None, 'build_base': '/home/luiso/auv_ftc_ws/build/auv_dashboard', 'catkin_cmake_args': None, 'catkin_skip_building_tests': False, 'cmake_args': None, 'cmake_clean_cache': False, 'cmake_clean_first': False, 'cmake_force_configure': False, 'cmake_target': None, 'cmake_target_skip_unavailable': False, 'install_base': '/home/luiso/auv_ftc_ws/install/auv_dashboard', 'merge_install': False, 'path': '/home/luiso/auv_ftc_ws/src/auv_dashboard', 'symlink_install': True, 'test_result_base': None}
[0.895s] Level 5:colcon.colcon_core.verb:set package 'auv_gazebo' build argument 'cmake_args' from command line to 'None'
[0.895s] Level 5:colcon.colcon_core.verb:set package 'auv_gazebo' build argument 'cmake_target' from command line to 'None'
[0.895s] Level 5:colcon.colcon_core.verb:set package 'auv_gazebo' build argument 'cmake_target_skip_unavailable' from command line to 'False'
[0.895s] Level 5:colcon.colcon_core.verb:set package 'auv_gazebo' build argument 'cmake_clean_cache' from command line to 'False'
[0.895s] Level 5:colcon.colcon_core.verb:set package 'auv_gazebo' build argument 'cmake_clean_first' from command line to 'False'
[0.895s] Level 5:colcon.colcon_core.verb:set package 'auv_gazebo' build argument 'cmake_force_configure' from command line to 'False'
[0.895s] Level 5:colcon.colcon_core.verb:set package 'auv_gazebo' build argument 'ament_cmake_args' from command line to 'None'
[0.895s] Level 5:colcon.colcon_core.verb:set package 'auv_gazebo' build argument 'catkin_cmake_args' from command line to 'None'
[0.895s] Level 5:colcon.colcon_core.verb:set package 'auv_gazebo' build argument 'catkin_skip_building_tests' from command line to 'False'
[0.895s] DEBUG:colcon.colcon_core.verb:Building package 'auv_gazebo' with the following arguments: {'ament_cmake_args': None, 'build_base': '/home/luiso/auv_ftc_ws/build/auv_gazebo', 'catkin_cmake_args': None, 'catkin_skip_building_tests': False, 'cmake_args': None, 'cmake_clean_cache': False, 'cmake_clean_first': False, 'cmake_force_configure': False, 'cmake_target': None, 'cmake_target_skip_unavailable': False, 'install_base': '/home/luiso/auv_ftc_ws/install/auv_gazebo', 'merge_install': False, 'path': '/home/luiso/auv_ftc_ws/src/auv_gazebo', 'symlink_install': True, 'test_result_base': None}
[0.896s] Level 5:colcon.colcon_core.verb:set package 'auv_bringup' build argument 'cmake_args' from command line to 'None'
[0.896s] Level 5:colcon.colcon_core.verb:set package 'auv_bringup' build argument 'cmake_target' from command line to 'None'
[0.896s] Level 5:colcon.colcon_core.verb:set package 'auv_bringup' build argument 'cmake_target_skip_unavailable' from command line to 'False'
[0.896s] Level 5:colcon.colcon_core.verb:set package 'auv_bringup' build argument 'cmake_clean_cache' from command line to 'False'
[0.896s] Level 5:colcon.colcon_core.verb:set package 'auv_bringup' build argument 'cmake_clean_first' from command line to 'False'
[0.896s] Level 5:colcon.colcon_core.verb:set package 'auv_bringup' build argument 'cmake_force_configure' from command line to 'False'
[0.896s] Level 5:colcon.colcon_core.verb:set package 'auv_bringup' build argument 'ament_cmake_args' from command line to 'None'
[0.896s] Level 5:colcon.colcon_core.verb:set package 'auv_bringup' build argument 'catkin_cmake_args' from command line to 'None'
[0.896s] Level 5:colcon.colcon_core.verb:set package 'auv_bringup' build argument 'catkin_skip_building_tests' from command line to 'False'
[0.896s] DEBUG:colcon.colcon_core.verb:Building package 'auv_bringup' with the following arguments: {'ament_cmake_args': None, 'build_base': '/home/luiso/auv_ftc_ws/build/auv_bringup', 'catkin_cmake_args': None, 'catkin_skip_building_tests': False, 'cmake_args': None, 'cmake_clean_cache': False, 'cmake_clean_first': False, 'cmake_force_configure': False, 'cmake_target': None, 'cmake_target_skip_unavailable': False, 'install_base': '/home/luiso/auv_ftc_ws/install/auv_bringup', 'merge_install': False, 'path': '/home/luiso/auv_ftc_ws/src/auv_bringup', 'symlink_install': True, 'test_result_base': None}
[0.896s] INFO:colcon.colcon_core.executor:Executing jobs using 'parallel' executor
[0.897s] DEBUG:colcon.colcon_parallel_executor.executor.parallel:run_until_complete
[0.898s] INFO:colcon.colcon_ros.task.ament_cmake.build:Building ROS package in '/home/luiso/auv_ftc_ws/src/auv_control' with build type 'ament_cmake'
[0.898s] INFO:colcon.colcon_cmake.task.cmake.build:Building CMake package in '/home/luiso/auv_ftc_ws/src/auv_control'
[0.900s] INFO:colcon.colcon_core.plugin_system:Skipping extension 'colcon_core.shell.bat': Not used on non-Windows systems
[0.900s] INFO:colcon.colcon_core.shell:Skip shell extension 'powershell' for command environment: Not usable outside of PowerShell
[0.900s] DEBUG:colcon.colcon_core.shell:Skip shell extension 'dsv' for command environment
[0.905s] INFO:colcon.colcon_ros.task.ament_cmake.build:Building ROS package in '/home/luiso/auv_ftc_ws/src/auv_description' with build type 'ament_cmake'
[0.906s] INFO:colcon.colcon_cmake.task.cmake.build:Building CMake package in '/home/luiso/auv_ftc_ws/src/auv_description'
[0.906s] INFO:colcon.colcon_core.shell:Skip shell extension 'powershell' for command environment: Not usable outside of PowerShell
[0.907s] DEBUG:colcon.colcon_core.shell:Skip shell extension 'dsv' for command environment
[0.920s] DEBUG:colcon.colcon_core.event_handler.log_command:Invoking command in '/home/luiso/auv_ftc_ws/build/auv_control': CMAKE_PREFIX_PATH=${CMAKE_PREFIX_PATH}:/home/luiso/dev_ws/install/uf_ros_lib:/home/luiso/dev_ws/install/lite6_move:/opt/ros/humble /usr/bin/cmake --build /home/luiso/auv_ftc_ws/build/auv_control -- -j16 -l16
[0.925s] DEBUG:colcon.colcon_core.event_handler.log_command:Invoking command in '/home/luiso/auv_ftc_ws/build/auv_description': CMAKE_PREFIX_PATH=${CMAKE_PREFIX_PATH}:/home/luiso/dev_ws/install/uf_ros_lib:/home/luiso/dev_ws/install/lite6_move:/opt/ros/humble /usr/bin/cmake --build /home/luiso/auv_ftc_ws/build/auv_description -- -j16 -l16
[0.962s] DEBUG:colcon.colcon_core.event_handler.log_command:Invoked command in '/home/luiso/auv_ftc_ws/build/auv_description' returned '0': CMAKE_PREFIX_PATH=${CMAKE_PREFIX_PATH}:/home/luiso/dev_ws/install/uf_ros_lib:/home/luiso/dev_ws/install/lite6_move:/opt/ros/humble /usr/bin/cmake --build /home/luiso/auv_ftc_ws/build/auv_description -- -j16 -l16
[0.972s] DEBUG:colcon.colcon_core.event_handler.log_command:Invoking command in '/home/luiso/auv_ftc_ws/build/auv_description': CMAKE_PREFIX_PATH=${CMAKE_PREFIX_PATH}:/home/luiso/dev_ws/install/uf_ros_lib:/home/luiso/dev_ws/install/lite6_move:/opt/ros/humble /usr/bin/cmake --install /home/luiso/auv_ftc_ws/build/auv_description
[0.996s] Level 1:colcon.colcon_core.environment:create_environment_scripts_only(auv_description)
[0.996s] DEBUG:colcon.colcon_core.event_handler.log_command:Invoked command in '/home/luiso/auv_ftc_ws/build/auv_description' returned '0': CMAKE_PREFIX_PATH=${CMAKE_PREFIX_PATH}:/home/luiso/dev_ws/install/uf_ros_lib:/home/luiso/dev_ws/install/lite6_move:/opt/ros/humble /usr/bin/cmake --install /home/luiso/auv_ftc_ws/build/auv_description
[1.000s] Level 1:colcon.colcon_core.environment:checking '/home/luiso/auv_ftc_ws/install/auv_description' for CMake module files
[1.001s] Level 1:colcon.colcon_core.environment:checking '/home/luiso/auv_ftc_ws/install/auv_description' for CMake config files
[1.001s] Level 1:colcon.colcon_core.shell:create_environment_hook('auv_description', 'cmake_prefix_path')
[1.002s] INFO:colcon.colcon_core.shell:Creating environment hook '/home/luiso/auv_ftc_ws/install/auv_description/share/auv_description/hook/cmake_prefix_path.ps1'
[1.003s] INFO:colcon.colcon_core.shell:Creating environment descriptor '/home/luiso/auv_ftc_ws/install/auv_description/share/auv_description/hook/cmake_prefix_path.dsv'
[1.004s] INFO:colcon.colcon_core.shell:Creating environment hook '/home/luiso/auv_ftc_ws/install/auv_description/share/auv_description/hook/cmake_prefix_path.sh'
[1.006s] Level 1:colcon.colcon_core.environment:checking '/home/luiso/auv_ftc_ws/install/auv_description/bin'
[1.006s] Level 1:colcon.colcon_core.environment:checking '/home/luiso/auv_ftc_ws/install/auv_description/lib/pkgconfig/auv_description.pc'
[1.007s] Level 1:colcon.colcon_core.environment:checking '/home/luiso/auv_ftc_ws/install/auv_description/lib/python3.10/site-packages'
[1.007s] Level 1:colcon.colcon_core.environment:checking '/home/luiso/auv_ftc_ws/install/auv_description/bin'
[1.008s] INFO:colcon.colcon_core.shell:Creating package script '/home/luiso/auv_ftc_ws/install/auv_description/share/auv_description/package.ps1'
[1.009s] INFO:colcon.colcon_core.shell:Creating package descriptor '/home/luiso/auv_ftc_ws/install/auv_description/share/auv_description/package.dsv'
[1.010s] INFO:colcon.colcon_core.shell:Creating package script '/home/luiso/auv_ftc_ws/install/auv_description/share/auv_description/package.sh'
[1.011s] INFO:colcon.colcon_core.shell:Creating package script '/home/luiso/auv_ftc_ws/install/auv_description/share/auv_description/package.bash'
[1.012s] INFO:colcon.colcon_core.shell:Creating package script '/home/luiso/auv_ftc_ws/install/auv_description/share/auv_description/package.zsh'
[1.013s] Level 1:colcon.colcon_core.environment:create_file_with_runtime_dependencies(/home/luiso/auv_ftc_ws/install/auv_description/share/colcon-core/packages/auv_description)
[1.013s] Level 1:colcon.colcon_core.environment:create_environment_scripts_only(auv_description)
[1.014s] Level 1:colcon.colcon_core.environment:checking '/home/luiso/auv_ftc_ws/install/auv_description' for CMake module files
[1.014s] Level 1:colcon.colcon_core.environment:checking '/home/luiso/auv_ftc_ws/install/auv_description' for CMake config files
[1.015s] Level 1:colcon.colcon_core.shell:create_environment_hook('auv_description', 'cmake_prefix_path')
[1.015s] INFO:colcon.colcon_core.shell:Creating environment hook '/home/luiso/auv_ftc_ws/install/auv_description/share/auv_description/hook/cmake_prefix_path.ps1'
[1.016s] INFO:colcon.colcon_core.shell:Creating environment descriptor '/home/luiso/auv_ftc_ws/install/auv_description/share/auv_description/hook/cmake_prefix_path.dsv'
[1.017s] INFO:colcon.colcon_core.shell:Creating environment hook '/home/luiso/auv_ftc_ws/install/auv_description/share/auv_description/hook/cmake_prefix_path.sh'
[1.018s] Level 1:colcon.colcon_core.environment:checking '/home/luiso/auv_ftc_ws/install/auv_description/bin'
[1.018s] Level 1:colcon.colcon_core.environment:checking '/home/luiso/auv_ftc_ws/install/auv_description/lib/pkgconfig/auv_description.pc'
[1.018s] Level 1:colcon.colcon_core.environment:checking '/home/luiso/auv_ftc_ws/install/auv_description/lib/python3.10/site-packages'
[1.018s] Level 1:colcon.colcon_core.environment:checking '/home/luiso/auv_ftc_ws/install/auv_description/bin'
[1.019s] INFO:colcon.colcon_core.shell:Creating package script '/home/luiso/auv_ftc_ws/install/auv_description/share/auv_description/package.ps1'
[1.019s] INFO:colcon.colcon_core.shell:Creating package descriptor '/home/luiso/auv_ftc_ws/install/auv_description/share/auv_description/package.dsv'
[1.020s] INFO:colcon.colcon_core.shell:Creating package script '/home/luiso/auv_ftc_ws/install/auv_description/share/auv_description/package.sh'
[1.020s] INFO:colcon.colcon_core.shell:Creating package script '/home/luiso/auv_ftc_ws/install/auv_description/share/auv_description/package.bash'
[1.020s] INFO:colcon.colcon_core.shell:Creating package script '/home/luiso/auv_ftc_ws/install/auv_description/share/auv_description/package.zsh'
[1.021s] Level 1:colcon.colcon_core.environment:create_file_with_runtime_dependencies(/home/luiso/auv_ftc_ws/install/auv_description/share/colcon-core/packages/auv_description)
[1.021s] INFO:colcon.colcon_ros.task.ament_cmake.build:Building ROS package in '/home/luiso/auv_ftc_ws/src/auv_gazebo' with build type 'ament_cmake'
[1.022s] INFO:colcon.colcon_cmake.task.cmake.build:Building CMake package in '/home/luiso/auv_ftc_ws/src/auv_gazebo'
[1.022s] INFO:colcon.colcon_core.shell:Skip shell extension 'powershell' for command environment: Not usable outside of PowerShell
[1.022s] DEBUG:colcon.colcon_core.shell:Skip shell extension 'dsv' for command environment
[1.132s] DEBUG:colcon.colcon_core.event_handler.log_command:Invoking command in '/home/luiso/auv_ftc_ws/build/auv_gazebo': CMAKE_PREFIX_PATH=/home/luiso/auv_ftc_ws/install/auv_description:/home/luiso/auv_ftc_ws/install/auv_bringup:/home/luiso/auv_ftc_ws/install/auv_gazebo:/home/luiso/auv_ftc_ws/install/auv_dashboard:/home/luiso/auv_ftc_ws/install/auv_control:/home/luiso/dev_ws/install/xarm_planner:/home/luiso/dev_ws/install/xarm_moveit_servo:/home/luiso/dev_ws/install/xarm_moveit_config:/home/luiso/dev_ws/install/xarm_gazebo:/home/luiso/dev_ws/install/xarm_controller:/home/luiso/dev_ws/install/d435i_xarm_setup:/home/luiso/dev_ws/install/xarm_api:/home/luiso/dev_ws/install/xarm_sdk:/home/luiso/dev_ws/install/xarm_msgs:/home/luiso/dev_ws/install/xarm_description:/home/luiso/dev_ws/install/realsense_gazebo_plugin:/home/luiso/dev_ws/install/pymoveit2:/home/luiso/dev_ws/install/mbot_demo:/home/luiso/dev_ws/install/uf_ros_lib:/home/luiso/dev_ws/install/lite6_move:/opt/ros/humble /usr/bin/cmake --build /home/luiso/auv_ftc_ws/build/auv_gazebo -- -j16 -l16
[1.165s] DEBUG:colcon.colcon_core.event_handler.log_command:Invoked command in '/home/luiso/auv_ftc_ws/build/auv_gazebo' returned '0': CMAKE_PREFIX_PATH=/home/luiso/auv_ftc_ws/install/auv_description:/home/luiso/auv_ftc_ws/install/auv_bringup:/home/luiso/auv_ftc_ws/install/auv_gazebo:/home/luiso/auv_ftc_ws/install/auv_dashboard:/home/luiso/auv_ftc_ws/install/auv_control:/home/luiso/dev_ws/install/xarm_planner:/home/luiso/dev_ws/install/xarm_moveit_servo:/home/luiso/dev_ws/install/xarm_moveit_config:/home/luiso/dev_ws/install/xarm_gazebo:/home/luiso/dev_ws/install/xarm_controller:/home/luiso/dev_ws/install/d435i_xarm_setup:/home/luiso/dev_ws/install/xarm_api:/home/luiso/dev_ws/install/xarm_sdk:/home/luiso/dev_ws/install/xarm_msgs:/home/luiso/dev_ws/install/xarm_description:/home/luiso/dev_ws/install/realsense_gazebo_plugin:/home/luiso/dev_ws/install/pymoveit2:/home/luiso/dev_ws/install/mbot_demo:/home/luiso/dev_ws/install/uf_ros_lib:/home/luiso/dev_ws/install/lite6_move:/opt/ros/humble /usr/bin/cmake --build /home/luiso/auv_ftc_ws/build/auv_gazebo -- -j16 -l16
[1.167s] DEBUG:colcon.colcon_core.event_handler.log_command:Invoking command in '/home/luiso/auv_ftc_ws/build/auv_gazebo': CMAKE_PREFIX_PATH=/home/luiso/auv_ftc_ws/install/auv_description:/home/luiso/auv_ftc_ws/install/auv_bringup:/home/luiso/auv_ftc_ws/install/auv_gazebo:/home/luiso/auv_ftc_ws/install/auv_dashboard:/home/luiso/auv_ftc_ws/install/auv_control:/home/luiso/dev_ws/install/xarm_planner:/home/luiso/dev_ws/install/xarm_moveit_servo:/home/luiso/dev_ws/install/xarm_moveit_config:/home/luiso/dev_ws/install/xarm_gazebo:/home/luiso/dev_ws/install/xarm_controller:/home/luiso/dev_ws/install/d435i_xarm_setup:/home/luiso/dev_ws/install/xarm_api:/home/luiso/dev_ws/install/xarm_sdk:/home/luiso/dev_ws/install/xarm_msgs:/home/luiso/dev_ws/install/xarm_description:/home/luiso/dev_ws/install/realsense_gazebo_plugin:/home/luiso/dev_ws/install/pymoveit2:/home/luiso/dev_ws/install/mbot_demo:/home/luiso/dev_ws/install/uf_ros_lib:/home/luiso/dev_ws/install/lite6_move:/opt/ros/humble /usr/bin/cmake --install /home/luiso/auv_ftc_ws/build/auv_gazebo
[1.185s] Level 1:colcon.colcon_core.environment:create_environment_scripts_only(auv_gazebo)
[1.185s] Level 1:colcon.colcon_core.environment:checking '/home/luiso/auv_ftc_ws/install/auv_gazebo' for CMake module files
[1.186s] DEBUG:colcon.colcon_core.event_handler.log_command:Invoked command in '/home/luiso/auv_ftc_ws/build/auv_gazebo' returned '0': CMAKE_PREFIX_PATH=/home/luiso/auv_ftc_ws/install/auv_description:/home/luiso/auv_ftc_ws/install/auv_bringup:/home/luiso/auv_ftc_ws/install/auv_gazebo:/home/luiso/auv_ftc_ws/install/auv_dashboard:/home/luiso/auv_ftc_ws/install/auv_control:/home/luiso/dev_ws/install/xarm_planner:/home/luiso/dev_ws/install/xarm_moveit_servo:/home/luiso/dev_ws/install/xarm_moveit_config:/home/luiso/dev_ws/install/xarm_gazebo:/home/luiso/dev_ws/install/xarm_controller:/home/luiso/dev_ws/install/d435i_xarm_setup:/home/luiso/dev_ws/install/xarm_api:/home/luiso/dev_ws/install/xarm_sdk:/home/luiso/dev_ws/install/xarm_msgs:/home/luiso/dev_ws/install/xarm_description:/home/luiso/dev_ws/install/realsense_gazebo_plugin:/home/luiso/dev_ws/install/pymoveit2:/home/luiso/dev_ws/install/mbot_demo:/home/luiso/dev_ws/install/uf_ros_lib:/home/luiso/dev_ws/install/lite6_move:/opt/ros/humble /usr/bin/cmake --install /home/luiso/auv_ftc_ws/build/auv_gazebo
[1.186s] Level 1:colcon.colcon_core.environment:checking '/home/luiso/auv_ftc_ws/install/auv_gazebo' for CMake config files
[1.186s] Level 1:colcon.colcon_core.shell:create_environment_hook('auv_gazebo', 'cmake_prefix_path')
[1.186s] INFO:colcon.colcon_core.shell:Creating environment hook '/home/luiso/auv_ftc_ws/install/auv_gazebo/share/auv_gazebo/hook/cmake_prefix_path.ps1'
[1.187s] INFO:colcon.colcon_core.shell:Creating environment descriptor '/home/luiso/auv_ftc_ws/install/auv_gazebo/share/auv_gazebo/hook/cmake_prefix_path.dsv'
[1.187s] INFO:colcon.colcon_core.shell:Creating environment hook '/home/luiso/auv_ftc_ws/install/auv_gazebo/share/auv_gazebo/hook/cmake_prefix_path.sh'
[1.188s] Level 1:colcon.colcon_core.environment:checking '/home/luiso/auv_ftc_ws/install/auv_gazebo/bin'
[1.188s] Level 1:colcon.colcon_core.environment:checking '/home/luiso/auv_ftc_ws/install/auv_gazebo/lib/pkgconfig/auv_gazebo.pc'
[1.188s] Level 1:colcon.colcon_core.environment:checking '/home/luiso/auv_ftc_ws/install/auv_gazebo/lib/python3.10/site-packages'
[1.188s] Level 1:colcon.colcon_core.environment:checking '/home/luiso/auv_ftc_ws/install/auv_gazebo/bin'
[1.188s] INFO:colcon.colcon_core.shell:Creating package script '/home/luiso/auv_ftc_ws/install/auv_gazebo/share/auv_gazebo/package.ps1'
[1.189s] INFO:colcon.colcon_core.shell:Creating package descriptor '/home/luiso/auv_ftc_ws/install/auv_gazebo/share/auv_gazebo/package.dsv'
[1.189s] INFO:colcon.colcon_core.shell:Creating package script '/home/luiso/auv_ftc_ws/install/auv_gazebo/share/auv_gazebo/package.sh'
[1.190s] INFO:colcon.colcon_core.shell:Creating package script '/home/luiso/auv_ftc_ws/install/auv_gazebo/share/auv_gazebo/package.bash'
[1.190s] INFO:colcon.colcon_core.shell:Creating package script '/home/luiso/auv_ftc_ws/install/auv_gazebo/share/auv_gazebo/package.zsh'
[1.190s] Level 1:colcon.colcon_core.environment:create_file_with_runtime_dependencies(/home/luiso/auv_ftc_ws/install/auv_gazebo/share/colcon-core/packages/auv_gazebo)
[1.191s] Level 1:colcon.colcon_core.environment:create_environment_scripts_only(auv_gazebo)
[1.191s] Level 1:colcon.colcon_core.environment:checking '/home/luiso/auv_ftc_ws/install/auv_gazebo' for CMake module files
[1.191s] Level 1:colcon.colcon_core.environment:checking '/home/luiso/auv_ftc_ws/install/auv_gazebo' for CMake config files
[1.191s] Level 1:colcon.colcon_core.shell:create_environment_hook('auv_gazebo', 'cmake_prefix_path')
[1.192s] INFO:colcon.colcon_core.shell:Creating environment hook '/home/luiso/auv_ftc_ws/install/auv_gazebo/share/auv_gazebo/hook/cmake_prefix_path.ps1'
[1.192s] INFO:colcon.colcon_core.shell:Creating environment descriptor '/home/luiso/auv_ftc_ws/install/auv_gazebo/share/auv_gazebo/hook/cmake_prefix_path.dsv'
[1.192s] INFO:colcon.colcon_core.shell:Creating environment hook '/home/luiso/auv_ftc_ws/install/auv_gazebo/share/auv_gazebo/hook/cmake_prefix_path.sh'
[1.193s] Level 1:colcon.colcon_core.environment:checking '/home/luiso/auv_ftc_ws/install/auv_gazebo/bin'
[1.193s] Level 1:colcon.colcon_core.environment:checking '/home/luiso/auv_ftc_ws/install/auv_gazebo/lib/pkgconfig/auv_gazebo.pc'
[1.193s] Level 1:colcon.colcon_core.environment:checking '/home/luiso/auv_ftc_ws/install/auv_gazebo/lib/python3.10/site-packages'
[1.193s] Level 1:colcon.colcon_core.environment:checking '/home/luiso/auv_ftc_ws/install/auv_gazebo/bin'
[1.194s] INFO:colcon.colcon_core.shell:Creating package script '/home/luiso/auv_ftc_ws/install/auv_gazebo/share/auv_gazebo/package.ps1'
[1.194s] INFO:colcon.colcon_core.shell:Creating package descriptor '/home/luiso/auv_ftc_ws/install/auv_gazebo/share/auv_gazebo/package.dsv'
[1.194s] INFO:colcon.colcon_core.shell:Creating package script '/home/luiso/auv_ftc_ws/install/auv_gazebo/share/auv_gazebo/package.sh'
[1.195s] INFO:colcon.colcon_core.shell:Creating package script '/home/luiso/auv_ftc_ws/install/auv_gazebo/share/auv_gazebo/package.bash'
[1.195s] INFO:colcon.colcon_core.shell:Creating package script '/home/luiso/auv_ftc_ws/install/auv_gazebo/share/auv_gazebo/package.zsh'
[1.196s] Level 1:colcon.colcon_core.environment:create_file_with_runtime_dependencies(/home/luiso/auv_ftc_ws/install/auv_gazebo/share/colcon-core/packages/auv_gazebo)
[1.235s] DEBUG:colcon.colcon_core.event_handler.log_command:Invoked command in '/home/luiso/auv_ftc_ws/build/auv_control' returned '0': CMAKE_PREFIX_PATH=${CMAKE_PREFIX_PATH}:/home/luiso/dev_ws/install/uf_ros_lib:/home/luiso/dev_ws/install/lite6_move:/opt/ros/humble /usr/bin/cmake --build /home/luiso/auv_ftc_ws/build/auv_control -- -j16 -l16
[1.237s] DEBUG:colcon.colcon_core.event_handler.log_command:Invoking command in '/home/luiso/auv_ftc_ws/build/auv_control': CMAKE_PREFIX_PATH=${CMAKE_PREFIX_PATH}:/home/luiso/dev_ws/install/uf_ros_lib:/home/luiso/dev_ws/install/lite6_move:/opt/ros/humble /usr/bin/cmake --install /home/luiso/auv_ftc_ws/build/auv_control
[1.306s] Level 1:colcon.colcon_core.environment:create_environment_scripts_only(auv_control)
[1.307s] Level 1:colcon.colcon_core.environment:checking '/home/luiso/auv_ftc_ws/install/auv_control' for CMake module files
[1.307s] DEBUG:colcon.colcon_core.event_handler.log_command:Invoked command in '/home/luiso/auv_ftc_ws/build/auv_control' returned '0': CMAKE_PREFIX_PATH=${CMAKE_PREFIX_PATH}:/home/luiso/dev_ws/install/uf_ros_lib:/home/luiso/dev_ws/install/lite6_move:/opt/ros/humble /usr/bin/cmake --install /home/luiso/auv_ftc_ws/build/auv_control
[1.308s] Level 1:colcon.colcon_core.environment:checking '/home/luiso/auv_ftc_ws/install/auv_control' for CMake config files
[1.308s] Level 1:colcon.colcon_core.shell:create_environment_hook('auv_control', 'cmake_prefix_path')
[1.309s] INFO:colcon.colcon_core.shell:Creating environment hook '/home/luiso/auv_ftc_ws/install/auv_control/share/auv_control/hook/cmake_prefix_path.ps1'
[1.309s] INFO:colcon.colcon_core.shell:Creating environment descriptor '/home/luiso/auv_ftc_ws/install/auv_control/share/auv_control/hook/cmake_prefix_path.dsv'
[1.310s] INFO:colcon.colcon_core.shell:Creating environment hook '/home/luiso/auv_ftc_ws/install/auv_control/share/auv_control/hook/cmake_prefix_path.sh'
[1.310s] Level 1:colcon.colcon_core.environment:checking '/home/luiso/auv_ftc_ws/install/auv_control/lib'
[1.310s] Level 1:colcon.colcon_core.shell:create_environment_hook('auv_control', 'ld_library_path_lib')
[1.311s] INFO:colcon.colcon_core.shell:Creating environment hook '/home/luiso/auv_ftc_ws/install/auv_control/share/auv_control/hook/ld_library_path_lib.ps1'
[1.311s] INFO:colcon.colcon_core.shell:Creating environment descriptor '/home/luiso/auv_ftc_ws/install/auv_control/share/auv_control/hook/ld_library_path_lib.dsv'
[1.311s] INFO:colcon.colcon_core.shell:Creating environment hook '/home/luiso/auv_ftc_ws/install/auv_control/share/auv_control/hook/ld_library_path_lib.sh'
[1.312s] Level 1:colcon.colcon_core.environment:checking '/home/luiso/auv_ftc_ws/install/auv_control/bin'
[1.312s] Level 1:colcon.colcon_core.environment:checking '/home/luiso/auv_ftc_ws/install/auv_control/lib/pkgconfig/auv_control.pc'
[1.312s] Level 1:colcon.colcon_core.environment:checking '/home/luiso/auv_ftc_ws/install/auv_control/lib/python3.10/site-packages'
[1.312s] Level 1:colcon.colcon_core.environment:checking '/home/luiso/auv_ftc_ws/install/auv_control/bin'
[1.312s] INFO:colcon.colcon_core.shell:Creating package script '/home/luiso/auv_ftc_ws/install/auv_control/share/auv_control/package.ps1'
[1.313s] INFO:colcon.colcon_core.shell:Creating package descriptor '/home/luiso/auv_ftc_ws/install/auv_control/share/auv_control/package.dsv'
[1.313s] INFO:colcon.colcon_core.shell:Creating package script '/home/luiso/auv_ftc_ws/install/auv_control/share/auv_control/package.sh'
[1.314s] INFO:colcon.colcon_core.shell:Creating package script '/home/luiso/auv_ftc_ws/install/auv_control/share/auv_control/package.bash'
[1.314s] INFO:colcon.colcon_core.shell:Creating package script '/home/luiso/auv_ftc_ws/install/auv_control/share/auv_control/package.zsh'
[1.314s] Level 1:colcon.colcon_core.environment:create_file_with_runtime_dependencies(/home/luiso/auv_ftc_ws/install/auv_control/share/colcon-core/packages/auv_control)
[1.315s] Level 1:colcon.colcon_core.environment:create_environment_scripts_only(auv_control)
[1.315s] Level 1:colcon.colcon_core.environment:checking '/home/luiso/auv_ftc_ws/install/auv_control' for CMake module files
[1.316s] Level 1:colcon.colcon_core.environment:checking '/home/luiso/auv_ftc_ws/install/auv_control' for CMake config files
[1.316s] Level 1:colcon.colcon_core.shell:create_environment_hook('auv_control', 'cmake_prefix_path')
[1.317s] INFO:colcon.colcon_core.shell:Creating environment hook '/home/luiso/auv_ftc_ws/install/auv_control/share/auv_control/hook/cmake_prefix_path.ps1'
[1.317s] INFO:colcon.colcon_core.shell:Creating environment descriptor '/home/luiso/auv_ftc_ws/install/auv_control/share/auv_control/hook/cmake_prefix_path.dsv'
[1.318s] INFO:colcon.colcon_core.shell:Creating environment hook '/home/luiso/auv_ftc_ws/install/auv_control/share/auv_control/hook/cmake_prefix_path.sh'
[1.318s] Level 1:colcon.colcon_core.environment:checking '/home/luiso/auv_ftc_ws/install/auv_control/lib'
[1.318s] Level 1:colcon.colcon_core.shell:create_environment_hook('auv_control', 'ld_library_path_lib')
[1.318s] INFO:colcon.colcon_core.shell:Creating environment hook '/home/luiso/auv_ftc_ws/install/auv_control/share/auv_control/hook/ld_library_path_lib.ps1'
[1.319s] INFO:colcon.colcon_core.shell:Creating environment descriptor '/home/luiso/auv_ftc_ws/install/auv_control/share/auv_control/hook/ld_library_path_lib.dsv'
[1.319s] INFO:colcon.colcon_core.shell:Creating environment hook '/home/luiso/auv_ftc_ws/install/auv_control/share/auv_control/hook/ld_library_path_lib.sh'
[1.319s] Level 1:colcon.colcon_core.environment:checking '/home/luiso/auv_ftc_ws/install/auv_control/bin'
[1.319s] Level 1:colcon.colcon_core.environment:checking '/home/luiso/auv_ftc_ws/install/auv_control/lib/pkgconfig/auv_control.pc'
[1.320s] Level 1:colcon.colcon_core.environment:checking '/home/luiso/auv_ftc_ws/install/auv_control/lib/python3.10/site-packages'
[1.320s] Level 1:colcon.colcon_core.environment:checking '/home/luiso/auv_ftc_ws/install/auv_control/bin'
[1.320s] INFO:colcon.colcon_core.shell:Creating package script '/home/luiso/auv_ftc_ws/install/auv_control/share/auv_control/package.ps1'
[1.321s] INFO:colcon.colcon_core.shell:Creating package descriptor '/home/luiso/auv_ftc_ws/install/auv_control/share/auv_control/package.dsv'
[1.321s] INFO:colcon.colcon_core.shell:Creating package script '/home/luiso/auv_ftc_ws/install/auv_control/share/auv_control/package.sh'
[1.322s] INFO:colcon.colcon_core.shell:Creating package script '/home/luiso/auv_ftc_ws/install/auv_control/share/auv_control/package.bash'
[1.322s] INFO:colcon.colcon_core.shell:Creating package script '/home/luiso/auv_ftc_ws/install/auv_control/share/auv_control/package.zsh'
[1.323s] Level 1:colcon.colcon_core.environment:create_file_with_runtime_dependencies(/home/luiso/auv_ftc_ws/install/auv_control/share/colcon-core/packages/auv_control)
[1.323s] INFO:colcon.colcon_ros.task.ament_cmake.build:Building ROS package in '/home/luiso/auv_ftc_ws/src/auv_dashboard' with build type 'ament_cmake'
[1.323s] INFO:colcon.colcon_cmake.task.cmake.build:Building CMake package in '/home/luiso/auv_ftc_ws/src/auv_dashboard'
[1.324s] INFO:colcon.colcon_core.shell:Skip shell extension 'powershell' for command environment: Not usable outside of PowerShell
[1.324s] DEBUG:colcon.colcon_core.shell:Skip shell extension 'dsv' for command environment
[1.328s] INFO:colcon.colcon_ros.task.ament_cmake.build:Building ROS package in '/home/luiso/auv_ftc_ws/src/auv_bringup' with build type 'ament_cmake'
[1.328s] INFO:colcon.colcon_cmake.task.cmake.build:Building CMake package in '/home/luiso/auv_ftc_ws/src/auv_bringup'
[1.329s] INFO:colcon.colcon_core.shell:Skip shell extension 'powershell' for command environment: Not usable outside of PowerShell
[1.329s] DEBUG:colcon.colcon_core.shell:Skip shell extension 'dsv' for command environment
[1.421s] DEBUG:colcon.colcon_core.event_handler.log_command:Invoking command in '/home/luiso/auv_ftc_ws/build/auv_dashboard': CMAKE_PREFIX_PATH=/home/luiso/auv_ftc_ws/install/auv_control:/home/luiso/auv_ftc_ws/install/auv_bringup:/home/luiso/auv_ftc_ws/install/auv_gazebo:/home/luiso/auv_ftc_ws/install/auv_description:/home/luiso/auv_ftc_ws/install/auv_dashboard:/home/luiso/dev_ws/install/xarm_planner:/home/luiso/dev_ws/install/xarm_moveit_servo:/home/luiso/dev_ws/install/xarm_moveit_config:/home/luiso/dev_ws/install/xarm_gazebo:/home/luiso/dev_ws/install/xarm_controller:/home/luiso/dev_ws/install/d435i_xarm_setup:/home/luiso/dev_ws/install/xarm_api:/home/luiso/dev_ws/install/xarm_sdk:/home/luiso/dev_ws/install/xarm_msgs:/home/luiso/dev_ws/install/xarm_description:/home/luiso/dev_ws/install/realsense_gazebo_plugin:/home/luiso/dev_ws/install/pymoveit2:/home/luiso/dev_ws/install/mbot_demo:/home/luiso/dev_ws/install/uf_ros_lib:/home/luiso/dev_ws/install/lite6_move:/opt/ros/humble /usr/bin/cmake --build /home/luiso/auv_ftc_ws/build/auv_dashboard -- -j16 -l16
[1.454s] DEBUG:colcon.colcon_core.event_handler.log_command:Invoked command in '/home/luiso/auv_ftc_ws/build/auv_dashboard' returned '0': CMAKE_PREFIX_PATH=/home/luiso/auv_ftc_ws/install/auv_control:/home/luiso/auv_ftc_ws/install/auv_bringup:/home/luiso/auv_ftc_ws/install/auv_gazebo:/home/luiso/auv_ftc_ws/install/auv_description:/home/luiso/auv_ftc_ws/install/auv_dashboard:/home/luiso/dev_ws/install/xarm_planner:/home/luiso/dev_ws/install/xarm_moveit_servo:/home/luiso/dev_ws/install/xarm_moveit_config:/home/luiso/dev_ws/install/xarm_gazebo:/home/luiso/dev_ws/install/xarm_controller:/home/luiso/dev_ws/install/d435i_xarm_setup:/home/luiso/dev_ws/install/xarm_api:/home/luiso/dev_ws/install/xarm_sdk:/home/luiso/dev_ws/install/xarm_msgs:/home/luiso/dev_ws/install/xarm_description:/home/luiso/dev_ws/install/realsense_gazebo_plugin:/home/luiso/dev_ws/install/pymoveit2:/home/luiso/dev_ws/install/mbot_demo:/home/luiso/dev_ws/install/uf_ros_lib:/home/luiso/dev_ws/install/lite6_move:/opt/ros/humble /usr/bin/cmake --build /home/luiso/auv_ftc_ws/build/auv_dashboard -- -j16 -l16
[1.456s] DEBUG:colcon.colcon_core.event_handler.log_command:Invoking command in '/home/luiso/auv_ftc_ws/build/auv_dashboard': CMAKE_PREFIX_PATH=/home/luiso/auv_ftc_ws/install/auv_control:/home/luiso/auv_ftc_ws/install/auv_bringup:/home/luiso/auv_ftc_ws/install/auv_gazebo:/home/luiso/auv_ftc_ws/install/auv_description:/home/luiso/auv_ftc_ws/install/auv_dashboard:/home/luiso/dev_ws/install/xarm_planner:/home/luiso/dev_ws/install/xarm_moveit_servo:/home/luiso/dev_ws/install/xarm_moveit_config:/home/luiso/dev_ws/install/xarm_gazebo:/home/luiso/dev_ws/install/xarm_controller:/home/luiso/dev_ws/install/d435i_xarm_setup:/home/luiso/dev_ws/install/xarm_api:/home/luiso/dev_ws/install/xarm_sdk:/home/luiso/dev_ws/install/xarm_msgs:/home/luiso/dev_ws/install/xarm_description:/home/luiso/dev_ws/install/realsense_gazebo_plugin:/home/luiso/dev_ws/install/pymoveit2:/home/luiso/dev_ws/install/mbot_demo:/home/luiso/dev_ws/install/uf_ros_lib:/home/luiso/dev_ws/install/lite6_move:/opt/ros/humble /usr/bin/cmake --install /home/luiso/auv_ftc_ws/build/auv_dashboard
[1.484s] Level 1:colcon.colcon_core.environment:create_environment_scripts_only(auv_dashboard)
[1.484s] Level 1:colcon.colcon_core.environment:checking '/home/luiso/auv_ftc_ws/install/auv_dashboard' for CMake module files
[1.484s] DEBUG:colcon.colcon_core.event_handler.log_command:Invoked command in '/home/luiso/auv_ftc_ws/build/auv_dashboard' returned '0': CMAKE_PREFIX_PATH=/home/luiso/auv_ftc_ws/install/auv_control:/home/luiso/auv_ftc_ws/install/auv_bringup:/home/luiso/auv_ftc_ws/install/auv_gazebo:/home/luiso/auv_ftc_ws/install/auv_description:/home/luiso/auv_ftc_ws/install/auv_dashboard:/home/luiso/dev_ws/install/xarm_planner:/home/luiso/dev_ws/install/xarm_moveit_servo:/home/luiso/dev_ws/install/xarm_moveit_config:/home/luiso/dev_ws/install/xarm_gazebo:/home/luiso/dev_ws/install/xarm_controller:/home/luiso/dev_ws/install/d435i_xarm_setup:/home/luiso/dev_ws/install/xarm_api:/home/luiso/dev_ws/install/xarm_sdk:/home/luiso/dev_ws/install/xarm_msgs:/home/luiso/dev_ws/install/xarm_description:/home/luiso/dev_ws/install/realsense_gazebo_plugin:/home/luiso/dev_ws/install/pymoveit2:/home/luiso/dev_ws/install/mbot_demo:/home/luiso/dev_ws/install/uf_ros_lib:/home/luiso/dev_ws/install/lite6_move:/opt/ros/humble /usr/bin/cmake --install /home/luiso/auv_ftc_ws/build/auv_dashboard
[1.485s] Level 1:colcon.colcon_core.environment:checking '/home/luiso/auv_ftc_ws/install/auv_dashboard' for CMake config files
[1.485s] Level 1:colcon.colcon_core.shell:create_environment_hook('auv_dashboard', 'cmake_prefix_path')
[1.485s] INFO:colcon.colcon_core.shell:Creating environment hook '/home/luiso/auv_ftc_ws/install/auv_dashboard/share/auv_dashboard/hook/cmake_prefix_path.ps1'
[1.486s] INFO:colcon.colcon_core.shell:Creating environment descriptor '/home/luiso/auv_ftc_ws/install/auv_dashboard/share/auv_dashboard/hook/cmake_prefix_path.dsv'
[1.486s] INFO:colcon.colcon_core.shell:Creating environment hook '/home/luiso/auv_ftc_ws/install/auv_dashboard/share/auv_dashboard/hook/cmake_prefix_path.sh'
[1.487s] Level 1:colcon.colcon_core.environment:checking '/home/luiso/auv_ftc_ws/install/auv_dashboard/bin'
[1.487s] Level 1:colcon.colcon_core.environment:checking '/home/luiso/auv_ftc_ws/install/auv_dashboard/lib/pkgconfig/auv_dashboard.pc'
[1.487s] Level 1:colcon.colcon_core.environment:checking '/home/luiso/auv_ftc_ws/install/auv_dashboard/lib/python3.10/site-packages'
[1.487s] Level 1:colcon.colcon_core.environment:checking '/home/luiso/auv_ftc_ws/install/auv_dashboard/bin'
[1.487s] INFO:colcon.colcon_core.shell:Creating package script '/home/luiso/auv_ftc_ws/install/auv_dashboard/share/auv_dashboard/package.ps1'
[1.488s] INFO:colcon.colcon_core.shell:Creating package descriptor '/home/luiso/auv_ftc_ws/install/auv_dashboard/share/auv_dashboard/package.dsv'
[1.488s] INFO:colcon.colcon_core.shell:Creating package script '/home/luiso/auv_ftc_ws/install/auv_dashboard/share/auv_dashboard/package.sh'
[1.489s] INFO:colcon.colcon_core.shell:Creating package script '/home/luiso/auv_ftc_ws/install/auv_dashboard/share/auv_dashboard/package.bash'
[1.489s] INFO:colcon.colcon_core.shell:Creating package script '/home/luiso/auv_ftc_ws/install/auv_dashboard/share/auv_dashboard/package.zsh'
[1.489s] Level 1:colcon.colcon_core.environment:create_file_with_runtime_dependencies(/home/luiso/auv_ftc_ws/install/auv_dashboard/share/colcon-core/packages/auv_dashboard)
[1.490s] Level 1:colcon.colcon_core.environment:create_environment_scripts_only(auv_dashboard)
[1.490s] Level 1:colcon.colcon_core.environment:checking '/home/luiso/auv_ftc_ws/install/auv_dashboard' for CMake module files
[1.490s] Level 1:colcon.colcon_core.environment:checking '/home/luiso/auv_ftc_ws/install/auv_dashboard' for CMake config files
[1.491s] Level 1:colcon.colcon_core.shell:create_environment_hook('auv_dashboard', 'cmake_prefix_path')
[1.491s] INFO:colcon.colcon_core.shell:Creating environment hook '/home/luiso/auv_ftc_ws/install/auv_dashboard/share/auv_dashboard/hook/cmake_prefix_path.ps1'
[1.500s] INFO:colcon.colcon_core.shell:Creating environment descriptor '/home/luiso/auv_ftc_ws/install/auv_dashboard/share/auv_dashboard/hook/cmake_prefix_path.dsv'
[1.501s] INFO:colcon.colcon_core.shell:Creating environment hook '/home/luiso/auv_ftc_ws/install/auv_dashboard/share/auv_dashboard/hook/cmake_prefix_path.sh'
[1.501s] Level 1:colcon.colcon_core.environment:checking '/home/luiso/auv_ftc_ws/install/auv_dashboard/bin'
[1.502s] Level 1:colcon.colcon_core.environment:checking '/home/luiso/auv_ftc_ws/install/auv_dashboard/lib/pkgconfig/auv_dashboard.pc'
[1.502s] Level 1:colcon.colcon_core.environment:checking '/home/luiso/auv_ftc_ws/install/auv_dashboard/lib/python3.10/site-packages'
[1.502s] Level 1:colcon.colcon_core.environment:checking '/home/luiso/auv_ftc_ws/install/auv_dashboard/bin'
[1.502s] INFO:colcon.colcon_core.shell:Creating package script '/home/luiso/auv_ftc_ws/install/auv_dashboard/share/auv_dashboard/package.ps1'
[1.503s] INFO:colcon.colcon_core.shell:Creating package descriptor '/home/luiso/auv_ftc_ws/install/auv_dashboard/share/auv_dashboard/package.dsv'
[1.503s] INFO:colcon.colcon_core.shell:Creating package script '/home/luiso/auv_ftc_ws/install/auv_dashboard/share/auv_dashboard/package.sh'
[1.504s] INFO:colcon.colcon_core.shell:Creating package script '/home/luiso/auv_ftc_ws/install/auv_dashboard/share/auv_dashboard/package.bash'
[1.504s] INFO:colcon.colcon_core.shell:Creating package script '/home/luiso/auv_ftc_ws/install/auv_dashboard/share/auv_dashboard/package.zsh'
[1.504s] Level 1:colcon.colcon_core.environment:create_file_with_runtime_dependencies(/home/luiso/auv_ftc_ws/install/auv_dashboard/share/colcon-core/packages/auv_dashboard)
[1.846s] DEBUG:colcon.colcon_core.event_handler.log_command:Invoking command in '/home/luiso/auv_ftc_ws/build/auv_bringup': CMAKE_PREFIX_PATH=/home/luiso/auv_ftc_ws/install/auv_gazebo:/home/luiso/auv_ftc_ws/install/auv_description:/home/luiso/auv_ftc_ws/install/auv_control:/home/luiso/auv_ftc_ws/install/auv_bringup:/home/luiso/auv_ftc_ws/install/auv_dashboard:/home/luiso/dev_ws/install/xarm_planner:/home/luiso/dev_ws/install/xarm_moveit_servo:/home/luiso/dev_ws/install/xarm_moveit_config:/home/luiso/dev_ws/install/xarm_gazebo:/home/luiso/dev_ws/install/xarm_controller:/home/luiso/dev_ws/install/d435i_xarm_setup:/home/luiso/dev_ws/install/xarm_api:/home/luiso/dev_ws/install/xarm_sdk:/home/luiso/dev_ws/install/xarm_msgs:/home/luiso/dev_ws/install/xarm_description:/home/luiso/dev_ws/install/realsense_gazebo_plugin:/home/luiso/dev_ws/install/pymoveit2:/home/luiso/dev_ws/install/mbot_demo:/home/luiso/dev_ws/install/uf_ros_lib:/home/luiso/dev_ws/install/lite6_move:/opt/ros/humble /usr/bin/cmake --build /home/luiso/auv_ftc_ws/build/auv_bringup -- -j16 -l16
[1.877s] DEBUG:colcon.colcon_core.event_handler.log_command:Invoked command in '/home/luiso/auv_ftc_ws/build/auv_bringup' returned '0': CMAKE_PREFIX_PATH=/home/luiso/auv_ftc_ws/install/auv_gazebo:/home/luiso/auv_ftc_ws/install/auv_description:/home/luiso/auv_ftc_ws/install/auv_control:/home/luiso/auv_ftc_ws/install/auv_bringup:/home/luiso/auv_ftc_ws/install/auv_dashboard:/home/luiso/dev_ws/install/xarm_planner:/home/luiso/dev_ws/install/xarm_moveit_servo:/home/luiso/dev_ws/install/xarm_moveit_config:/home/luiso/dev_ws/install/xarm_gazebo:/home/luiso/dev_ws/install/xarm_controller:/home/luiso/dev_ws/install/d435i_xarm_setup:/home/luiso/dev_ws/install/xarm_api:/home/luiso/dev_ws/install/xarm_sdk:/home/luiso/dev_ws/install/xarm_msgs:/home/luiso/dev_ws/install/xarm_description:/home/luiso/dev_ws/install/realsense_gazebo_plugin:/home/luiso/dev_ws/install/pymoveit2:/home/luiso/dev_ws/install/mbot_demo:/home/luiso/dev_ws/install/uf_ros_lib:/home/luiso/dev_ws/install/lite6_move:/opt/ros/humble /usr/bin/cmake --build /home/luiso/auv_ftc_ws/build/auv_bringup -- -j16 -l16
[1.879s] DEBUG:colcon.colcon_core.event_handler.log_command:Invoking command in '/home/luiso/auv_ftc_ws/build/auv_bringup': CMAKE_PREFIX_PATH=/home/luiso/auv_ftc_ws/install/auv_gazebo:/home/luiso/auv_ftc_ws/install/auv_description:/home/luiso/auv_ftc_ws/install/auv_control:/home/luiso/auv_ftc_ws/install/auv_bringup:/home/luiso/auv_ftc_ws/install/auv_dashboard:/home/luiso/dev_ws/install/xarm_planner:/home/luiso/dev_ws/install/xarm_moveit_servo:/home/luiso/dev_ws/install/xarm_moveit_config:/home/luiso/dev_ws/install/xarm_gazebo:/home/luiso/dev_ws/install/xarm_controller:/home/luiso/dev_ws/install/d435i_xarm_setup:/home/luiso/dev_ws/install/xarm_api:/home/luiso/dev_ws/install/xarm_sdk:/home/luiso/dev_ws/install/xarm_msgs:/home/luiso/dev_ws/install/xarm_description:/home/luiso/dev_ws/install/realsense_gazebo_plugin:/home/luiso/dev_ws/install/pymoveit2:/home/luiso/dev_ws/install/mbot_demo:/home/luiso/dev_ws/install/uf_ros_lib:/home/luiso/dev_ws/install/lite6_move:/opt/ros/humble /usr/bin/cmake --install /home/luiso/auv_ftc_ws/build/auv_bringup
[1.896s] Level 1:colcon.colcon_core.environment:create_environment_scripts_only(auv_bringup)
[1.897s] Level 1:colcon.colcon_core.environment:checking '/home/luiso/auv_ftc_ws/install/auv_bringup' for CMake module files
[1.897s] DEBUG:colcon.colcon_core.event_handler.log_command:Invoked command in '/home/luiso/auv_ftc_ws/build/auv_bringup' returned '0': CMAKE_PREFIX_PATH=/home/luiso/auv_ftc_ws/install/auv_gazebo:/home/luiso/auv_ftc_ws/install/auv_description:/home/luiso/auv_ftc_ws/install/auv_control:/home/luiso/auv_ftc_ws/install/auv_bringup:/home/luiso/auv_ftc_ws/install/auv_dashboard:/home/luiso/dev_ws/install/xarm_planner:/home/luiso/dev_ws/install/xarm_moveit_servo:/home/luiso/dev_ws/install/xarm_moveit_config:/home/luiso/dev_ws/install/xarm_gazebo:/home/luiso/dev_ws/install/xarm_controller:/home/luiso/dev_ws/install/d435i_xarm_setup:/home/luiso/dev_ws/install/xarm_api:/home/luiso/dev_ws/install/xarm_sdk:/home/luiso/dev_ws/install/xarm_msgs:/home/luiso/dev_ws/install/xarm_description:/home/luiso/dev_ws/install/realsense_gazebo_plugin:/home/luiso/dev_ws/install/pymoveit2:/home/luiso/dev_ws/install/mbot_demo:/home/luiso/dev_ws/install/uf_ros_lib:/home/luiso/dev_ws/install/lite6_move:/opt/ros/humble /usr/bin/cmake --install /home/luiso/auv_ftc_ws/build/auv_bringup
[1.897s] Level 1:colcon.colcon_core.environment:checking '/home/luiso/auv_ftc_ws/install/auv_bringup' for CMake config files
[1.898s] Level 1:colcon.colcon_core.shell:create_environment_hook('auv_bringup', 'cmake_prefix_path')
[1.898s] INFO:colcon.colcon_core.shell:Creating environment hook '/home/luiso/auv_ftc_ws/install/auv_bringup/share/auv_bringup/hook/cmake_prefix_path.ps1'
[1.898s] INFO:colcon.colcon_core.shell:Creating environment descriptor '/home/luiso/auv_ftc_ws/install/auv_bringup/share/auv_bringup/hook/cmake_prefix_path.dsv'
[1.899s] INFO:colcon.colcon_core.shell:Creating environment hook '/home/luiso/auv_ftc_ws/install/auv_bringup/share/auv_bringup/hook/cmake_prefix_path.sh'
[1.899s] Level 1:colcon.colcon_core.environment:checking '/home/luiso/auv_ftc_ws/install/auv_bringup/bin'
[1.899s] Level 1:colcon.colcon_core.environment:checking '/home/luiso/auv_ftc_ws/install/auv_bringup/lib/pkgconfig/auv_bringup.pc'
[1.899s] Level 1:colcon.colcon_core.environment:checking '/home/luiso/auv_ftc_ws/install/auv_bringup/lib/python3.10/site-packages'
[1.900s] Level 1:colcon.colcon_core.environment:checking '/home/luiso/auv_ftc_ws/install/auv_bringup/bin'
[1.900s] INFO:colcon.colcon_core.shell:Creating package script '/home/luiso/auv_ftc_ws/install/auv_bringup/share/auv_bringup/package.ps1'
[1.901s] INFO:colcon.colcon_core.shell:Creating package descriptor '/home/luiso/auv_ftc_ws/install/auv_bringup/share/auv_bringup/package.dsv'
[1.901s] INFO:colcon.colcon_core.shell:Creating package script '/home/luiso/auv_ftc_ws/install/auv_bringup/share/auv_bringup/package.sh'
[1.902s] INFO:colcon.colcon_core.shell:Creating package script '/home/luiso/auv_ftc_ws/install/auv_bringup/share/auv_bringup/package.bash'
[1.902s] INFO:colcon.colcon_core.shell:Creating package script '/home/luiso/auv_ftc_ws/install/auv_bringup/share/auv_bringup/package.zsh'
[1.902s] Level 1:colcon.colcon_core.environment:create_file_with_runtime_dependencies(/home/luiso/auv_ftc_ws/install/auv_bringup/share/colcon-core/packages/auv_bringup)
[1.903s] Level 1:colcon.colcon_core.environment:create_environment_scripts_only(auv_bringup)
[1.903s] Level 1:colcon.colcon_core.environment:checking '/home/luiso/auv_ftc_ws/install/auv_bringup' for CMake module files
[1.903s] Level 1:colcon.colcon_core.environment:checking '/home/luiso/auv_ftc_ws/install/auv_bringup' for CMake config files
[1.903s] Level 1:colcon.colcon_core.shell:create_environment_hook('auv_bringup', 'cmake_prefix_path')
[1.904s] INFO:colcon.colcon_core.shell:Creating environment hook '/home/luiso/auv_ftc_ws/install/auv_bringup/share/auv_bringup/hook/cmake_prefix_path.ps1'
[1.910s] INFO:colcon.colcon_core.shell:Creating environment descriptor '/home/luiso/auv_ftc_ws/install/auv_bringup/share/auv_bringup/hook/cmake_prefix_path.dsv'
[1.911s] INFO:colcon.colcon_core.shell:Creating environment hook '/home/luiso/auv_ftc_ws/install/auv_bringup/share/auv_bringup/hook/cmake_prefix_path.sh'
[1.912s] Level 1:colcon.colcon_core.environment:checking '/home/luiso/auv_ftc_ws/install/auv_bringup/bin'
[1.912s] Level 1:colcon.colcon_core.environment:checking '/home/luiso/auv_ftc_ws/install/auv_bringup/lib/pkgconfig/auv_bringup.pc'
[1.912s] Level 1:colcon.colcon_core.environment:checking '/home/luiso/auv_ftc_ws/install/auv_bringup/lib/python3.10/site-packages'
[1.912s] Level 1:colcon.colcon_core.environment:checking '/home/luiso/auv_ftc_ws/install/auv_bringup/bin'
[1.913s] INFO:colcon.colcon_core.shell:Creating package script '/home/luiso/auv_ftc_ws/install/auv_bringup/share/auv_bringup/package.ps1'
[1.913s] INFO:colcon.colcon_core.shell:Creating package descriptor '/home/luiso/auv_ftc_ws/install/auv_bringup/share/auv_bringup/package.dsv'
[1.914s] INFO:colcon.colcon_core.shell:Creating package script '/home/luiso/auv_ftc_ws/install/auv_bringup/share/auv_bringup/package.sh'
[1.914s] INFO:colcon.colcon_core.shell:Creating package script '/home/luiso/auv_ftc_ws/install/auv_bringup/share/auv_bringup/package.bash'
[1.914s] INFO:colcon.colcon_core.shell:Creating package script '/home/luiso/auv_ftc_ws/install/auv_bringup/share/auv_bringup/package.zsh'
[1.915s] Level 1:colcon.colcon_core.environment:create_file_with_runtime_dependencies(/home/luiso/auv_ftc_ws/install/auv_bringup/share/colcon-core/packages/auv_bringup)
[1.915s] DEBUG:colcon.colcon_parallel_executor.executor.parallel:closing loop
[1.916s] DEBUG:colcon.colcon_parallel_executor.executor.parallel:loop closed
[1.916s] DEBUG:colcon.colcon_parallel_executor.executor.parallel:run_until_complete finished with '0'
[1.916s] DEBUG:colcon.colcon_core.event_reactor:joining thread
[2.106s] INFO:colcon.colcon_core.plugin_system:Skipping extension 'colcon_notification.desktop_notification.notify_send': Could not find 'notify-send'
[2.107s] INFO:colcon.colcon_core.plugin_system:Skipping extension 'colcon_notification.desktop_notification.terminal_notifier': Not used on non-Darwin systems
[2.107s] INFO:colcon.colcon_core.plugin_system:Skipping extension 'colcon_notification.desktop_notification.win32': Not used on non-Windows systems
[2.107s] INFO:colcon.colcon_notification.desktop_notification:Sending desktop notification using 'notify2'
[2.107s] DEBUG:colcon.colcon_notification.desktop_notification.notify2:Failed to initialize notify2: org.freedesktop.DBus.Error.FileNotFound: Failed to connect to socket /run/user/1000/bus: No such file or directory
[2.107s] DEBUG:colcon.colcon_core.event_reactor:joined thread
[2.107s] INFO:colcon.colcon_core.shell:Creating prefix script '/home/luiso/auv_ftc_ws/install/local_setup.ps1'
[2.108s] INFO:colcon.colcon_core.shell:Creating prefix util module '/home/luiso/auv_ftc_ws/install/_local_setup_util_ps1.py'
[2.111s] INFO:colcon.colcon_core.shell:Creating prefix chain script '/home/luiso/auv_ftc_ws/install/setup.ps1'
[2.113s] INFO:colcon.colcon_core.shell:Creating prefix script '/home/luiso/auv_ftc_ws/install/local_setup.sh'
[2.114s] INFO:colcon.colcon_core.shell:Creating prefix util module '/home/luiso/auv_ftc_ws/install/_local_setup_util_sh.py'
[2.114s] INFO:colcon.colcon_core.shell:Creating prefix chain script '/home/luiso/auv_ftc_ws/install/setup.sh'
[2.116s] INFO:colcon.colcon_core.shell:Creating prefix script '/home/luiso/auv_ftc_ws/install/local_setup.bash'
[2.116s] INFO:colcon.colcon_core.shell:Creating prefix chain script '/home/luiso/auv_ftc_ws/install/setup.bash'
[2.118s] INFO:colcon.colcon_core.shell:Creating prefix script '/home/luiso/auv_ftc_ws/install/local_setup.zsh'
[2.118s] INFO:colcon.colcon_core.shell:Creating prefix chain script '/home/luiso/auv_ftc_ws/install/setup.zsh'
