-- The C compiler identification is GNU 11.4.0
-- The CXX compiler identification is GNU 11.4.0
-- Detecting C compiler ABI info
-- Detecting C compiler ABI info - done
-- Check for working C compiler: /usr/bin/cc - skipped
-- Detecting C compile features
-- Detecting C compile features - done
-- Detecting CXX compiler ABI info
-- Detecting CXX compiler ABI info - done
-- Check for working CXX compiler: /usr/bin/c++ - skipped
-- Detecting CXX compile features
-- Detecting CXX compile features - done
-- Found ament_cmake: 1.3.13 (/opt/ros/humble/share/ament_cmake/cmake)
-- Found Python3: /usr/bin/python3 (found version "3.10.12") found components: Interpreter 
-- Override CMake install command with custom implementation using symlinks instead of copying resources
-- Found rclcpp: 16.0.18 (/opt/ros/humble/share/rclcpp/cmake)
-- Found rosidl_generator_c: 3.1.8 (/opt/ros/humble/share/rosidl_generator_c/cmake)
-- Found rosidl_adapter: 3.1.8 (/opt/ros/humble/share/rosidl_adapter/cmake)
-- Found rosidl_generator_cpp: 3.1.8 (/opt/ros/humble/share/rosidl_generator_cpp/cmake)
-- Using all available rosidl_typesupport_c: rosidl_typesupport_fastrtps_c;rosidl_typesupport_introspection_c
-- Using all available rosidl_typesupport_cpp: rosidl_typesupport_fastrtps_cpp;rosidl_typesupport_introspection_cpp
-- Found rmw_implementation_cmake: 6.1.2 (/opt/ros/humble/share/rmw_implementation_cmake/cmake)
-- Found rmw_fastrtps_cpp: 6.2.10 (/opt/ros/humble/share/rmw_fastrtps_cpp/cmake)
-- Found OpenSSL: /usr/lib/x86_64-linux-gnu/libcrypto.so (found version "3.0.2")  
-- Found FastRTPS: /opt/ros/humble/include  
-- Using RMW implementation 'rmw_fastrtps_cpp' as default
-- Looking for pthread.h
-- Looking for pthread.h - found
-- Performing Test CMAKE_HAVE_LIBC_PTHREAD
-- Performing Test CMAKE_HAVE_LIBC_PTHREAD - Success
-- Found Threads: TRUE  
-- Found rclcpp_components: 16.0.18 (/opt/ros/humble/share/rclcpp_components/cmake)
-- Found geometry_msgs: 4.9.1 (/opt/ros/humble/share/geometry_msgs/cmake)
-- Found nav_msgs: 4.9.1 (/opt/ros/humble/share/nav_msgs/cmake)
-- Found sensor_msgs: 4.9.1 (/opt/ros/humble/share/sensor_msgs/cmake)
-- Found tf2: 0.25.19 (/opt/ros/humble/share/tf2/cmake)
-- Found tf2_geometry_msgs: 0.25.19 (/opt/ros/humble/share/tf2_geometry_msgs/cmake)
-- Found eigen3_cmake_module: 0.1.1 (/opt/ros/humble/share/eigen3_cmake_module/cmake)
-- Found Eigen3: TRUE (found version "3.4.0") 
-- Ensuring Eigen3 include directory is part of orocos-kdl CMake target
-- Found rosidl_default_generators: 1.2.0 (/opt/ros/humble/share/rosidl_default_generators/cmake)
-- Found ament_cmake_ros: 0.10.0 (/opt/ros/humble/share/ament_cmake_ros/cmake)
-- Using all available rosidl_typesupport_c: rosidl_typesupport_fastrtps_c;rosidl_typesupport_introspection_c
-- Using all available rosidl_typesupport_cpp: rosidl_typesupport_fastrtps_cpp;rosidl_typesupport_introspection_cpp
-- Found PythonInterp: /usr/bin/python3 (found suitable version "3.10.12", minimum required is "3.6") 
-- Found python_cmake_module: 0.10.0 (/opt/ros/humble/share/python_cmake_module/cmake)
-- Found PythonLibs: /usr/lib/x86_64-linux-gnu/libpython3.10.so (found suitable version "3.10.12", minimum required is "3.5") 
-- Using PYTHON_EXECUTABLE: /usr/bin/python3
-- Using PYTHON_INCLUDE_DIRS: /usr/include/python3.10
-- Using PYTHON_LIBRARIES: /usr/lib/x86_64-linux-gnu/libpython3.10.so
-- Found PythonExtra: .so  
-- Configuring done
-- Generating done
-- Build files have been written to: /home/luiso/auv_ftc_ws/build/auv_control
[  2%] [34m[1mGenerating C code for ROS interfaces[0m
[  5%] [34m[1mGenerating C++ code for ROS interfaces[0m
[  7%] [32mBuilding CXX object CMakeFiles/reference_generator_node.dir/src/reference_generator_node.cpp.o[0m
[ 10%] [32mBuilding CXX object CMakeFiles/auv_control_core.dir/src/thrust_allocator.cpp.o[0m
[ 12%] [32mBuilding CXX object CMakeFiles/auv_control_core.dir/src/ts_fuzzy.cpp.o[0m
[ 12%] Built target ament_cmake_python_symlink_auv_control
running egg_info
creating auv_control.egg-info
writing auv_control.egg-info/PKG-INFO
writing dependency_links to auv_control.egg-info/dependency_links.txt
writing top-level names to auv_control.egg-info/top_level.txt
writing manifest file 'auv_control.egg-info/SOURCES.txt'
reading manifest file 'auv_control.egg-info/SOURCES.txt'
writing manifest file 'auv_control.egg-info/SOURCES.txt'
[ 12%] Built target auv_control__cpp
[ 15%] [32mBuilding C object CMakeFiles/auv_control__rosidl_generator_c.dir/rosidl_generator_c/auv_control/srv/detail/inject_fault__functions.c.o[0m
[ 17%] [34m[1mGenerating C++ type support dispatch for ROS interfaces[0m
[ 17%] Built target ament_cmake_python_build_auv_control_egg
[ 20%] [34m[1mGenerating C++ type support for eProsima Fast-RTPS[0m
[ 22%] [34m[1mGenerating C++ introspection for ROS interfaces[0m
[ 25%] [32m[1mLinking C shared library libauv_control__rosidl_generator_c.so[0m
[ 25%] Built target auv_control__rosidl_generator_c
[ 27%] [34m[1mGenerating C type support for eProsima Fast-RTPS[0m
[ 30%] [34m[1mGenerating C introspection for ROS interfaces[0m
[ 32%] [34m[1mGenerating C type support dispatch for ROS interfaces[0m
[ 35%] [32mBuilding CXX object CMakeFiles/auv_control__rosidl_typesupport_cpp.dir/rosidl_typesupport_cpp/auv_control/srv/inject_fault__type_support.cpp.o[0m
[ 37%] [32mBuilding CXX object CMakeFiles/auv_control__rosidl_typesupport_introspection_cpp.dir/rosidl_typesupport_introspection_cpp/auv_control/srv/detail/inject_fault__type_support.cpp.o[0m
[ 40%] [32mBuilding CXX object CMakeFiles/auv_control__rosidl_typesupport_fastrtps_cpp.dir/rosidl_typesupport_fastrtps_cpp/auv_control/srv/detail/dds_fastrtps/inject_fault__type_support.cpp.o[0m
[ 42%] [32mBuilding CXX object CMakeFiles/auv_control__rosidl_typesupport_c.dir/rosidl_typesupport_c/auv_control/srv/inject_fault__type_support.cpp.o[0m
[ 45%] [32m[1mLinking CXX shared library libauv_control__rosidl_typesupport_cpp.so[0m
[ 47%] [32m[1mLinking CXX shared library libauv_control__rosidl_typesupport_c.so[0m
[ 50%] [32mBuilding C object CMakeFiles/auv_control__rosidl_typesupport_introspection_c.dir/rosidl_typesupport_introspection_c/auv_control/srv/detail/inject_fault__type_support.c.o[0m
[ 52%] [32mBuilding CXX object CMakeFiles/auv_control__rosidl_typesupport_fastrtps_c.dir/rosidl_typesupport_fastrtps_c/auv_control/srv/detail/inject_fault__type_support_c.cpp.o[0m
[ 55%] [32m[1mLinking C shared library libauv_control__rosidl_typesupport_introspection_c.so[0m
[ 57%] [32m[1mLinking CXX shared library libauv_control__rosidl_typesupport_introspection_cpp.so[0m
[ 57%] Built target auv_control__rosidl_typesupport_c
[ 57%] Built target auv_control__rosidl_typesupport_cpp
[ 60%] [32m[1mLinking CXX shared library libauv_control__rosidl_typesupport_fastrtps_cpp.so[0m
[ 60%] Built target auv_control__rosidl_typesupport_introspection_c
[ 62%] [32m[1mLinking CXX shared library libauv_control__rosidl_typesupport_fastrtps_c.so[0m
[ 62%] Built target auv_control__rosidl_typesupport_introspection_cpp
[ 62%] Built target auv_control__rosidl_typesupport_fastrtps_cpp
[ 62%] Built target auv_control__rosidl_typesupport_fastrtps_c
[ 62%] Built target auv_control
[ 65%] [34m[1mGenerating Python code for ROS interfaces[0m
[ 65%] Built target auv_control__py
[ 67%] [32mBuilding C object CMakeFiles/auv_control__rosidl_generator_py.dir/rosidl_generator_py/auv_control/srv/_inject_fault_s.c.o[0m
[ 70%] [32m[1mLinking C shared library rosidl_generator_py/auv_control/libauv_control__rosidl_generator_py.so[0m
[ 70%] Built target auv_control__rosidl_generator_py
[ 75%] [32mBuilding C object CMakeFiles/auv_control__rosidl_typesupport_c__pyext.dir/rosidl_generator_py/auv_control/_auv_control_s.ep.rosidl_typesupport_c.c.o[0m
[ 75%] [32mBuilding C object CMakeFiles/auv_control__rosidl_typesupport_introspection_c__pyext.dir/rosidl_generator_py/auv_control/_auv_control_s.ep.rosidl_typesupport_introspection_c.c.o[0m
[ 77%] [32mBuilding C object CMakeFiles/auv_control__rosidl_typesupport_fastrtps_c__pyext.dir/rosidl_generator_py/auv_control/_auv_control_s.ep.rosidl_typesupport_fastrtps_c.c.o[0m
[ 80%] [32m[1mLinking C shared library rosidl_generator_py/auv_control/auv_control_s__rosidl_typesupport_introspection_c.cpython-310-x86_64-linux-gnu.so[0m
[ 82%] [32m[1mLinking C shared library rosidl_generator_py/auv_control/auv_control_s__rosidl_typesupport_c.cpython-310-x86_64-linux-gnu.so[0m
[ 85%] [32m[1mLinking C shared library rosidl_generator_py/auv_control/auv_control_s__rosidl_typesupport_fastrtps_c.cpython-310-x86_64-linux-gnu.so[0m
[ 85%] Built target auv_control__rosidl_typesupport_c__pyext
[ 85%] Built target auv_control__rosidl_typesupport_introspection_c__pyext
[ 85%] Built target auv_control__rosidl_typesupport_fastrtps_c__pyext
[ 87%] [32m[1mLinking CXX executable reference_generator_node[0m
[ 87%] Built target reference_generator_node
[ 90%] [32m[1mLinking CXX shared library libauv_control_core.so[0m
[ 90%] Built target auv_control_core
[ 92%] [32mBuilding CXX object CMakeFiles/test_allocator.dir/src/test_allocator.cpp.o[0m
[ 95%] [32mBuilding CXX object CMakeFiles/auv_controller_node.dir/src/auv_controller_node.cpp.o[0m
[ 97%] [32m[1mLinking CXX executable test_allocator[0m
[ 97%] Built target test_allocator
[100%] [32m[1mLinking CXX executable auv_controller_node[0m
[100%] Built target auv_controller_node
-- Install configuration: ""
-- Execute custom install script
-- Symlinking: /home/luiso/auv_ftc_ws/install/auv_control/share/ament_index/resource_index/rosidl_interfaces/auv_control
-- Symlinking: /home/luiso/auv_ftc_ws/install/auv_control/include/auv_control/auv_control/msg/rosidl_generator_c__visibility_control.h
-- Symlinking: /home/luiso/auv_ftc_ws/install/auv_control/include/auv_control/auv_control/srv/detail/inject_fault__functions.h
-- Symlinking: /home/luiso/auv_ftc_ws/install/auv_control/include/auv_control/auv_control/srv/detail/inject_fault__struct.h
-- Symlinking: /home/luiso/auv_ftc_ws/install/auv_control/include/auv_control/auv_control/srv/detail/inject_fault__type_support.h
-- Symlinking: /home/luiso/auv_ftc_ws/install/auv_control/include/auv_control/auv_control/srv/inject_fault.h
-- Symlinking: /home/luiso/auv_ftc_ws/install/auv_control/share/auv_control/environment/library_path.sh
-- Symlinking: /home/luiso/auv_ftc_ws/install/auv_control/share/auv_control/environment/library_path.dsv
-- Symlinking: /home/luiso/auv_ftc_ws/install/auv_control/include/auv_control/auv_control/msg/rosidl_typesupport_fastrtps_c__visibility_control.h
-- Symlinking: /home/luiso/auv_ftc_ws/install/auv_control/include/auv_control/auv_control/srv/detail/inject_fault__rosidl_typesupport_fastrtps_c.h
-- Symlinking: /home/luiso/auv_ftc_ws/install/auv_control/include/auv_control/auv_control/msg/rosidl_generator_cpp__visibility_control.hpp
-- Symlinking: /home/luiso/auv_ftc_ws/install/auv_control/include/auv_control/auv_control/srv/detail/inject_fault__builder.hpp
-- Symlinking: /home/luiso/auv_ftc_ws/install/auv_control/include/auv_control/auv_control/srv/detail/inject_fault__struct.hpp
-- Symlinking: /home/luiso/auv_ftc_ws/install/auv_control/include/auv_control/auv_control/srv/detail/inject_fault__traits.hpp
-- Symlinking: /home/luiso/auv_ftc_ws/install/auv_control/include/auv_control/auv_control/srv/detail/inject_fault__type_support.hpp
-- Symlinking: /home/luiso/auv_ftc_ws/install/auv_control/include/auv_control/auv_control/srv/inject_fault.hpp
-- Symlinking: /home/luiso/auv_ftc_ws/install/auv_control/include/auv_control/auv_control/msg/rosidl_typesupport_fastrtps_cpp__visibility_control.h
-- Symlinking: /home/luiso/auv_ftc_ws/install/auv_control/include/auv_control/auv_control/srv/detail/inject_fault__rosidl_typesupport_fastrtps_cpp.hpp
-- Symlinking: /home/luiso/auv_ftc_ws/install/auv_control/include/auv_control/auv_control/msg/rosidl_typesupport_introspection_c__visibility_control.h
-- Symlinking: /home/luiso/auv_ftc_ws/install/auv_control/include/auv_control/auv_control/srv/detail/inject_fault__rosidl_typesupport_introspection_c.h
-- Symlinking: /home/luiso/auv_ftc_ws/install/auv_control/include/auv_control/auv_control/srv/detail/inject_fault__rosidl_typesupport_introspection_cpp.hpp
-- Symlinking: /home/luiso/auv_ftc_ws/install/auv_control/share/auv_control/environment/pythonpath.sh
-- Symlinking: /home/luiso/auv_ftc_ws/install/auv_control/share/auv_control/environment/pythonpath.dsv
-- Symlinking: /home/luiso/auv_ftc_ws/install/auv_control/local/lib/python3.10/dist-packages/auv_control-0.1.0-py3.10.egg-info/PKG-INFO
-- Symlinking: /home/luiso/auv_ftc_ws/install/auv_control/local/lib/python3.10/dist-packages/auv_control-0.1.0-py3.10.egg-info/SOURCES.txt
-- Symlinking: /home/luiso/auv_ftc_ws/install/auv_control/local/lib/python3.10/dist-packages/auv_control-0.1.0-py3.10.egg-info/dependency_links.txt
-- Symlinking: /home/luiso/auv_ftc_ws/install/auv_control/local/lib/python3.10/dist-packages/auv_control-0.1.0-py3.10.egg-info/top_level.txt
-- Symlinking: /home/luiso/auv_ftc_ws/install/auv_control/local/lib/python3.10/dist-packages/auv_control/__init__.py
-- Symlinking: /home/luiso/auv_ftc_ws/install/auv_control/local/lib/python3.10/dist-packages/auv_control/_auv_control_s.ep.rosidl_typesupport_c.c
-- Symlinking: /home/luiso/auv_ftc_ws/install/auv_control/local/lib/python3.10/dist-packages/auv_control/_auv_control_s.ep.rosidl_typesupport_fastrtps_c.c
-- Symlinking: /home/luiso/auv_ftc_ws/install/auv_control/local/lib/python3.10/dist-packages/auv_control/_auv_control_s.ep.rosidl_typesupport_introspection_c.c
-- Symlinking: /home/luiso/auv_ftc_ws/install/auv_control/local/lib/python3.10/dist-packages/auv_control/auv_control_s__rosidl_typesupport_c.cpython-310-x86_64-linux-gnu.so
-- Symlinking: /home/luiso/auv_ftc_ws/install/auv_control/local/lib/python3.10/dist-packages/auv_control/auv_control_s__rosidl_typesupport_fastrtps_c.cpython-310-x86_64-linux-gnu.so
-- Symlinking: /home/luiso/auv_ftc_ws/install/auv_control/local/lib/python3.10/dist-packages/auv_control/auv_control_s__rosidl_typesupport_introspection_c.cpython-310-x86_64-linux-gnu.so
-- Symlinking: /home/luiso/auv_ftc_ws/install/auv_control/local/lib/python3.10/dist-packages/auv_control/libauv_control__rosidl_generator_py.so
-- Symlinking: /home/luiso/auv_ftc_ws/install/auv_control/local/lib/python3.10/dist-packages/auv_control/srv/__init__.py
-- Symlinking: /home/luiso/auv_ftc_ws/install/auv_control/local/lib/python3.10/dist-packages/auv_control/srv/_inject_fault.py
-- Symlinking: /home/luiso/auv_ftc_ws/install/auv_control/local/lib/python3.10/dist-packages/auv_control/srv/_inject_fault_s.c
-- Up-to-date symlink: /home/luiso/auv_ftc_ws/install/auv_control/local/lib/python3.10/dist-packages/auv_control/auv_control_s__rosidl_typesupport_fastrtps_c.cpython-310-x86_64-linux-gnu.so
-- Up-to-date symlink: /home/luiso/auv_ftc_ws/install/auv_control/local/lib/python3.10/dist-packages/auv_control/auv_control_s__rosidl_typesupport_introspection_c.cpython-310-x86_64-linux-gnu.so
-- Up-to-date symlink: /home/luiso/auv_ftc_ws/install/auv_control/local/lib/python3.10/dist-packages/auv_control/auv_control_s__rosidl_typesupport_c.cpython-310-x86_64-linux-gnu.so
-- Symlinking: /home/luiso/auv_ftc_ws/install/auv_control/share/auv_control/srv/InjectFault.idl
-- Symlinking: /home/luiso/auv_ftc_ws/install/auv_control/share/auv_control/srv/InjectFault.srv
-- Symlinking: /home/luiso/auv_ftc_ws/install/auv_control/share/auv_control/srv/InjectFault_Request.msg
-- Symlinking: /home/luiso/auv_ftc_ws/install/auv_control/share/auv_control/srv/InjectFault_Response.msg
-- Symlinking: /home/luiso/auv_ftc_ws/install/auv_control/lib/libauv_control_core.so
-- Symlinking: /home/luiso/auv_ftc_ws/install/auv_control/lib/auv_control/auv_controller_node
-- Symlinking: /home/luiso/auv_ftc_ws/install/auv_control/lib/auv_control/reference_generator_node
-- Symlinking: /home/luiso/auv_ftc_ws/install/auv_control/lib/auv_control/test_allocator
-- Symlinking: /home/luiso/auv_ftc_ws/install/auv_control/include/auv_control/auv_params.hpp
-- Symlinking: /home/luiso/auv_ftc_ws/install/auv_control/include/auv_control/thrust_allocator.hpp
-- Symlinking: /home/luiso/auv_ftc_ws/install/auv_control/include/auv_control/ts_fuzzy.hpp
-- Symlinking: /home/luiso/auv_ftc_ws/install/auv_control/share/auv_control/launch/controller.launch.py
-- Symlinking: /home/luiso/auv_ftc_ws/install/auv_control/share/auv_control/config/controller.yaml
-- Symlinking: /home/luiso/auv_ftc_ws/install/auv_control/share/auv_control/config/controller_rexrov.yaml
-- Symlinking: /home/luiso/auv_ftc_ws/install/auv_control/lib/auv_control/inject_fault_cli.py
-- Symlinking: /home/luiso/auv_ftc_ws/install/auv_control/lib/auv_control/scenario_runner.py
-- Symlinking: /home/luiso/auv_ftc_ws/install/auv_control/lib/auv_control/plot_from_bag.py
-- Symlinking: /home/luiso/auv_ftc_ws/install/auv_control/share/ament_index/resource_index/package_run_dependencies/auv_control
-- Symlinking: /home/luiso/auv_ftc_ws/install/auv_control/share/ament_index/resource_index/parent_prefix_path/auv_control
-- Symlinking: /home/luiso/auv_ftc_ws/install/auv_control/share/auv_control/environment/ament_prefix_path.sh
-- Symlinking: /home/luiso/auv_ftc_ws/install/auv_control/share/auv_control/environment/ament_prefix_path.dsv
-- Symlinking: /home/luiso/auv_ftc_ws/install/auv_control/share/auv_control/environment/path.sh
-- Symlinking: /home/luiso/auv_ftc_ws/install/auv_control/share/auv_control/environment/path.dsv
-- Symlinking: /home/luiso/auv_ftc_ws/install/auv_control/share/auv_control/local_setup.bash
-- Symlinking: /home/luiso/auv_ftc_ws/install/auv_control/share/auv_control/local_setup.sh
-- Symlinking: /home/luiso/auv_ftc_ws/install/auv_control/share/auv_control/local_setup.zsh
-- Symlinking: /home/luiso/auv_ftc_ws/install/auv_control/share/auv_control/local_setup.dsv
-- Symlinking: /home/luiso/auv_ftc_ws/install/auv_control/share/auv_control/package.dsv
-- Symlinking: /home/luiso/auv_ftc_ws/install/auv_control/share/ament_index/resource_index/packages/auv_control
-- Symlinking: /home/luiso/auv_ftc_ws/install/auv_control/share/auv_control/cmake/rosidl_cmake-extras.cmake
-- Symlinking: /home/luiso/auv_ftc_ws/install/auv_control/share/auv_control/cmake/ament_cmake_export_dependencies-extras.cmake
-- Symlinking: /home/luiso/auv_ftc_ws/install/auv_control/share/auv_control/cmake/ament_cmake_export_include_directories-extras.cmake
-- Symlinking: /home/luiso/auv_ftc_ws/install/auv_control/share/auv_control/cmake/ament_cmake_export_libraries-extras.cmake
-- Symlinking: /home/luiso/auv_ftc_ws/install/auv_control/share/auv_control/cmake/ament_cmake_export_targets-extras.cmake
-- Symlinking: /home/luiso/auv_ftc_ws/install/auv_control/share/auv_control/cmake/rosidl_cmake_export_typesupport_targets-extras.cmake
-- Symlinking: /home/luiso/auv_ftc_ws/install/auv_control/share/auv_control/cmake/rosidl_cmake_export_typesupport_libraries-extras.cmake
-- Symlinking: /home/luiso/auv_ftc_ws/install/auv_control/share/auv_control/cmake/auv_controlConfig.cmake
-- Symlinking: /home/luiso/auv_ftc_ws/install/auv_control/share/auv_control/cmake/auv_controlConfig-version.cmake
-- Symlinking: /home/luiso/auv_ftc_ws/install/auv_control/share/auv_control/package.xml
-- Installing: /home/luiso/auv_ftc_ws/install/auv_control/lib/libauv_control__rosidl_generator_c.so
-- Set runtime path of "/home/luiso/auv_ftc_ws/install/auv_control/lib/libauv_control__rosidl_generator_c.so" to ""
-- Installing: /home/luiso/auv_ftc_ws/install/auv_control/lib/libauv_control__rosidl_typesupport_fastrtps_c.so
-- Set runtime path of "/home/luiso/auv_ftc_ws/install/auv_control/lib/libauv_control__rosidl_typesupport_fastrtps_c.so" to ""
-- Installing: /home/luiso/auv_ftc_ws/install/auv_control/lib/libauv_control__rosidl_typesupport_fastrtps_cpp.so
-- Set runtime path of "/home/luiso/auv_ftc_ws/install/auv_control/lib/libauv_control__rosidl_typesupport_fastrtps_cpp.so" to ""
-- Installing: /home/luiso/auv_ftc_ws/install/auv_control/lib/libauv_control__rosidl_typesupport_introspection_c.so
-- Set runtime path of "/home/luiso/auv_ftc_ws/install/auv_control/lib/libauv_control__rosidl_typesupport_introspection_c.so" to ""
-- Installing: /home/luiso/auv_ftc_ws/install/auv_control/lib/libauv_control__rosidl_typesupport_c.so
-- Set runtime path of "/home/luiso/auv_ftc_ws/install/auv_control/lib/libauv_control__rosidl_typesupport_c.so" to ""
-- Installing: /home/luiso/auv_ftc_ws/install/auv_control/lib/libauv_control__rosidl_typesupport_introspection_cpp.so
-- Set runtime path of "/home/luiso/auv_ftc_ws/install/auv_control/lib/libauv_control__rosidl_typesupport_introspection_cpp.so" to ""
-- Installing: /home/luiso/auv_ftc_ws/install/auv_control/lib/libauv_control__rosidl_typesupport_cpp.so
-- Set runtime path of "/home/luiso/auv_ftc_ws/install/auv_control/lib/libauv_control__rosidl_typesupport_cpp.so" to ""
Listing '/home/luiso/auv_ftc_ws/install/auv_control/local/lib/python3.10/dist-packages/auv_control'...
Compiling '/home/luiso/auv_ftc_ws/install/auv_control/local/lib/python3.10/dist-packages/auv_control/__init__.py'...
Listing '/home/luiso/auv_ftc_ws/install/auv_control/local/lib/python3.10/dist-packages/auv_control/srv'...
Compiling '/home/luiso/auv_ftc_ws/install/auv_control/local/lib/python3.10/dist-packages/auv_control/srv/__init__.py'...
Compiling '/home/luiso/auv_ftc_ws/install/auv_control/local/lib/python3.10/dist-packages/auv_control/srv/_inject_fault.py'...
-- Installing: /home/luiso/auv_ftc_ws/install/auv_control/lib/libauv_control__rosidl_generator_py.so
-- Set runtime path of "/home/luiso/auv_ftc_ws/install/auv_control/lib/libauv_control__rosidl_generator_py.so" to ""
-- Installing: /home/luiso/auv_ftc_ws/install/auv_control/share/auv_control/cmake/export_auv_control__rosidl_generator_cExport.cmake
-- Installing: /home/luiso/auv_ftc_ws/install/auv_control/share/auv_control/cmake/export_auv_control__rosidl_generator_cExport-noconfig.cmake
-- Installing: /home/luiso/auv_ftc_ws/install/auv_control/share/auv_control/cmake/export_auv_control__rosidl_typesupport_fastrtps_cExport.cmake
-- Installing: /home/luiso/auv_ftc_ws/install/auv_control/share/auv_control/cmake/export_auv_control__rosidl_typesupport_fastrtps_cExport-noconfig.cmake
-- Installing: /home/luiso/auv_ftc_ws/install/auv_control/share/auv_control/cmake/export_auv_control__rosidl_generator_cppExport.cmake
-- Installing: /home/luiso/auv_ftc_ws/install/auv_control/share/auv_control/cmake/export_auv_control__rosidl_typesupport_fastrtps_cppExport.cmake
-- Installing: /home/luiso/auv_ftc_ws/install/auv_control/share/auv_control/cmake/export_auv_control__rosidl_typesupport_fastrtps_cppExport-noconfig.cmake
-- Installing: /home/luiso/auv_ftc_ws/install/auv_control/share/auv_control/cmake/auv_control__rosidl_typesupport_introspection_cExport.cmake
-- Installing: /home/luiso/auv_ftc_ws/install/auv_control/share/auv_control/cmake/auv_control__rosidl_typesupport_introspection_cExport-noconfig.cmake
-- Installing: /home/luiso/auv_ftc_ws/install/auv_control/share/auv_control/cmake/auv_control__rosidl_typesupport_cExport.cmake
-- Installing: /home/luiso/auv_ftc_ws/install/auv_control/share/auv_control/cmake/auv_control__rosidl_typesupport_cExport-noconfig.cmake
-- Installing: /home/luiso/auv_ftc_ws/install/auv_control/share/auv_control/cmake/auv_control__rosidl_typesupport_introspection_cppExport.cmake
-- Installing: /home/luiso/auv_ftc_ws/install/auv_control/share/auv_control/cmake/auv_control__rosidl_typesupport_introspection_cppExport-noconfig.cmake
-- Installing: /home/luiso/auv_ftc_ws/install/auv_control/share/auv_control/cmake/auv_control__rosidl_typesupport_cppExport.cmake
-- Installing: /home/luiso/auv_ftc_ws/install/auv_control/share/auv_control/cmake/auv_control__rosidl_typesupport_cppExport-noconfig.cmake
-- Installing: /home/luiso/auv_ftc_ws/install/auv_control/share/auv_control/cmake/export_auv_control__rosidl_generator_pyExport.cmake
-- Installing: /home/luiso/auv_ftc_ws/install/auv_control/share/auv_control/cmake/export_auv_control__rosidl_generator_pyExport-noconfig.cmake
