[0.016s] Invoking command in '/home/luiso/auv_ftc_ws/build/auv_control': CMAKE_PREFIX_PATH=${CMAKE_PREFIX_PATH}:/home/luiso/dev_ws/install/uf_ros_lib:/home/luiso/dev_ws/install/lite6_move:/opt/ros/humble /usr/bin/cmake /home/luiso/auv_ftc_ws/src/auv_control -DAMENT_CMAKE_SYMLINK_INSTALL=1 -DCMAKE_INSTALL_PREFIX=/home/luiso/auv_ftc_ws/install/auv_control
[0.306s] -- The C compiler identification is GNU 11.4.0
[2.297s] -- The CXX compiler identification is GNU 11.4.0
[3.877s] -- Detecting C compiler ABI info
[4.262s] -- Detecting C compiler ABI info - done
[4.268s] -- Check for working C compiler: /usr/bin/cc - skipped
[4.269s] -- Detecting C compile features
[4.269s] -- Detecting C compile features - done
[4.273s] -- Detecting CXX compiler ABI info
[4.550s] -- Detecting CXX compiler ABI info - done
[4.557s] -- Check for working CXX compiler: /usr/bin/c++ - skipped
[4.557s] -- Detecting CXX compile features
[4.557s] -- Detecting CXX compile features - done
[4.560s] -- Found ament_cmake: 1.3.13 (/opt/ros/humble/share/ament_cmake/cmake)
[4.724s] -- Found Python3: /usr/bin/python3 (found version "3.10.12") found components: Interpreter 
[4.781s] -- Override CMake install command with custom implementation using symlinks instead of copying resources
[4.816s] -- Found rclcpp: 16.0.18 (/opt/ros/humble/share/rclcpp/cmake)
[5.528s] -- Found rosidl_generator_c: 3.1.8 (/opt/ros/humble/share/rosidl_generator_c/cmake)
[5.534s] -- Found rosidl_adapter: 3.1.8 (/opt/ros/humble/share/rosidl_adapter/cmake)
[5.543s] -- Found rosidl_generator_cpp: 3.1.8 (/opt/ros/humble/share/rosidl_generator_cpp/cmake)
[5.555s] -- Using all available rosidl_typesupport_c: rosidl_typesupport_fastrtps_c;rosidl_typesupport_introspection_c
[5.573s] -- Using all available rosidl_typesupport_cpp: rosidl_typesupport_fastrtps_cpp;rosidl_typesupport_introspection_cpp
[5.617s] -- Found rmw_implementation_cmake: 6.1.2 (/opt/ros/humble/share/rmw_implementation_cmake/cmake)
[5.620s] -- Found rmw_fastrtps_cpp: 6.2.10 (/opt/ros/humble/share/rmw_fastrtps_cpp/cmake)
[11.657s] -- Found OpenSSL: /usr/lib/x86_64-linux-gnu/libcrypto.so (found version "3.0.2")  
[17.769s] -- Found FastRTPS: /opt/ros/humble/include  
[28.211s] -- Using RMW implementation 'rmw_fastrtps_cpp' as default
[28.256s] -- Looking for pthread.h
[28.602s] -- Looking for pthread.h - found
[28.603s] -- Performing Test CMAKE_HAVE_LIBC_PTHREAD
[29.009s] -- Performing Test CMAKE_HAVE_LIBC_PTHREAD - Success
[29.011s] -- Found Threads: TRUE  
[29.100s] -- Found rclcpp_components: 16.0.18 (/opt/ros/humble/share/rclcpp_components/cmake)
[29.146s] -- Found geometry_msgs: 4.9.1 (/opt/ros/humble/share/geometry_msgs/cmake)
[29.166s] -- Found nav_msgs: 4.9.1 (/opt/ros/humble/share/nav_msgs/cmake)
[29.193s] -- Found sensor_msgs: 4.9.1 (/opt/ros/humble/share/sensor_msgs/cmake)
[29.224s] -- Found tf2: 0.25.19 (/opt/ros/humble/share/tf2/cmake)
[29.235s] -- Found tf2_geometry_msgs: 0.25.19 (/opt/ros/humble/share/tf2_geometry_msgs/cmake)
[29.407s] -- Found eigen3_cmake_module: 0.1.1 (/opt/ros/humble/share/eigen3_cmake_module/cmake)
[29.410s] -- Found Eigen3: TRUE (found version "3.4.0") 
[29.411s] -- Ensuring Eigen3 include directory is part of orocos-kdl CMake target
[29.538s] -- Found rosidl_default_generators: 1.2.0 (/opt/ros/humble/share/rosidl_default_generators/cmake)
[29.816s] -- Found ament_cmake_ros: 0.10.0 (/opt/ros/humble/share/ament_cmake_ros/cmake)
[30.209s] -- Using all available rosidl_typesupport_c: rosidl_typesupport_fastrtps_c;rosidl_typesupport_introspection_c
[30.376s] -- Using all available rosidl_typesupport_cpp: rosidl_typesupport_fastrtps_cpp;rosidl_typesupport_introspection_cpp
[30.724s] -- Found PythonInterp: /usr/bin/python3 (found suitable version "3.10.12", minimum required is "3.6") 
[30.729s] -- Found python_cmake_module: 0.10.0 (/opt/ros/humble/share/python_cmake_module/cmake)
[32.167s] -- Found PythonLibs: /usr/lib/x86_64-linux-gnu/libpython3.10.so (found suitable version "3.10.12", minimum required is "3.5") 
[32.167s] -- Using PYTHON_EXECUTABLE: /usr/bin/python3
[32.167s] -- Using PYTHON_INCLUDE_DIRS: /usr/include/python3.10
[32.167s] -- Using PYTHON_LIBRARIES: /usr/lib/x86_64-linux-gnu/libpython3.10.so
[32.189s] -- Found PythonExtra: .so  
[32.399s] -- Configuring done
[32.450s] -- Generating done
[32.466s] -- Build files have been written to: /home/luiso/auv_ftc_ws/build/auv_control
[32.479s] Invoked command in '/home/luiso/auv_ftc_ws/build/auv_control' returned '0': CMAKE_PREFIX_PATH=${CMAKE_PREFIX_PATH}:/home/luiso/dev_ws/install/uf_ros_lib:/home/luiso/dev_ws/install/lite6_move:/opt/ros/humble /usr/bin/cmake /home/luiso/auv_ftc_ws/src/auv_control -DAMENT_CMAKE_SYMLINK_INSTALL=1 -DCMAKE_INSTALL_PREFIX=/home/luiso/auv_ftc_ws/install/auv_control
[32.481s] Invoking command in '/home/luiso/auv_ftc_ws/build/auv_control': CMAKE_PREFIX_PATH=${CMAKE_PREFIX_PATH}:/home/luiso/dev_ws/install/uf_ros_lib:/home/luiso/dev_ws/install/lite6_move:/opt/ros/humble /usr/bin/cmake --build /home/luiso/auv_ftc_ws/build/auv_control -- -j16 -l16
[32.518s] [  2%] [34m[1mGenerating C code for ROS interfaces[0m
[32.527s] [  5%] [34m[1mGenerating C++ code for ROS interfaces[0m
[32.528s] [  7%] [32mBuilding CXX object CMakeFiles/reference_generator_node.dir/src/reference_generator_node.cpp.o[0m
[32.529s] [ 10%] [32mBuilding CXX object CMakeFiles/auv_control_core.dir/src/thrust_allocator.cpp.o[0m
[32.531s] [ 12%] [32mBuilding CXX object CMakeFiles/auv_control_core.dir/src/ts_fuzzy.cpp.o[0m
[32.534s] [ 12%] Built target ament_cmake_python_symlink_auv_control
[32.797s] running egg_info
[32.798s] creating auv_control.egg-info
[32.799s] writing auv_control.egg-info/PKG-INFO
[32.799s] writing dependency_links to auv_control.egg-info/dependency_links.txt
[32.800s] writing top-level names to auv_control.egg-info/top_level.txt
[32.800s] writing manifest file 'auv_control.egg-info/SOURCES.txt'
[32.804s] reading manifest file 'auv_control.egg-info/SOURCES.txt'
[32.804s] writing manifest file 'auv_control.egg-info/SOURCES.txt'
[32.830s] [ 12%] Built target auv_control__cpp
[32.839s] [ 15%] [32mBuilding C object CMakeFiles/auv_control__rosidl_generator_c.dir/rosidl_generator_c/auv_control/srv/detail/inject_fault__functions.c.o[0m
[32.842s] [ 17%] [34m[1mGenerating C++ type support dispatch for ROS interfaces[0m
[32.842s] [ 17%] Built target ament_cmake_python_build_auv_control_egg
[32.843s] [ 20%] [34m[1mGenerating C++ type support for eProsima Fast-RTPS[0m
[32.845s] [ 22%] [34m[1mGenerating C++ introspection for ROS interfaces[0m
[32.922s] [ 25%] [32m[1mLinking C shared library libauv_control__rosidl_generator_c.so[0m
[33.133s] [ 25%] Built target auv_control__rosidl_generator_c
[33.145s] [ 27%] [34m[1mGenerating C type support for eProsima Fast-RTPS[0m
[33.146s] [ 30%] [34m[1mGenerating C introspection for ROS interfaces[0m
[33.146s] [ 32%] [34m[1mGenerating C type support dispatch for ROS interfaces[0m
[33.152s] [ 35%] [32mBuilding CXX object CMakeFiles/auv_control__rosidl_typesupport_cpp.dir/rosidl_typesupport_cpp/auv_control/srv/inject_fault__type_support.cpp.o[0m
[33.168s] [ 37%] [32mBuilding CXX object CMakeFiles/auv_control__rosidl_typesupport_introspection_cpp.dir/rosidl_typesupport_introspection_cpp/auv_control/srv/detail/inject_fault__type_support.cpp.o[0m
[33.204s] [ 40%] [32mBuilding CXX object CMakeFiles/auv_control__rosidl_typesupport_fastrtps_cpp.dir/rosidl_typesupport_fastrtps_cpp/auv_control/srv/detail/dds_fastrtps/inject_fault__type_support.cpp.o[0m
[33.484s] [ 42%] [32mBuilding CXX object CMakeFiles/auv_control__rosidl_typesupport_c.dir/rosidl_typesupport_c/auv_control/srv/inject_fault__type_support.cpp.o[0m
[33.513s] [ 45%] [32m[1mLinking CXX shared library libauv_control__rosidl_typesupport_cpp.so[0m
[33.522s] [ 47%] [32m[1mLinking CXX shared library libauv_control__rosidl_typesupport_c.so[0m
[33.528s] [ 50%] [32mBuilding C object CMakeFiles/auv_control__rosidl_typesupport_introspection_c.dir/rosidl_typesupport_introspection_c/auv_control/srv/detail/inject_fault__type_support.c.o[0m
[33.529s] [ 52%] [32mBuilding CXX object CMakeFiles/auv_control__rosidl_typesupport_fastrtps_c.dir/rosidl_typesupport_fastrtps_c/auv_control/srv/detail/inject_fault__type_support_c.cpp.o[0m
[33.571s] [ 55%] [32m[1mLinking C shared library libauv_control__rosidl_typesupport_introspection_c.so[0m
[33.650s] [ 57%] [32m[1mLinking CXX shared library libauv_control__rosidl_typesupport_introspection_cpp.so[0m
[33.676s] [ 57%] Built target auv_control__rosidl_typesupport_c
[33.679s] [ 57%] Built target auv_control__rosidl_typesupport_cpp
[33.710s] [ 60%] [32m[1mLinking CXX shared library libauv_control__rosidl_typesupport_fastrtps_cpp.so[0m
[33.755s] [ 60%] Built target auv_control__rosidl_typesupport_introspection_c
[33.880s] [ 62%] [32m[1mLinking CXX shared library libauv_control__rosidl_typesupport_fastrtps_c.so[0m
[33.898s] [ 62%] Built target auv_control__rosidl_typesupport_introspection_cpp
[33.957s] [ 62%] Built target auv_control__rosidl_typesupport_fastrtps_cpp
[34.126s] [ 62%] Built target auv_control__rosidl_typesupport_fastrtps_c
[34.147s] [ 62%] Built target auv_control
[34.167s] [ 65%] [34m[1mGenerating Python code for ROS interfaces[0m
[34.523s] [ 65%] Built target auv_control__py
[34.542s] [ 67%] [32mBuilding C object CMakeFiles/auv_control__rosidl_generator_py.dir/rosidl_generator_py/auv_control/srv/_inject_fault_s.c.o[0m
[34.683s] [ 70%] [32m[1mLinking C shared library rosidl_generator_py/auv_control/libauv_control__rosidl_generator_py.so[0m
[34.912s] [ 70%] Built target auv_control__rosidl_generator_py
[34.933s] [ 75%] [32mBuilding C object CMakeFiles/auv_control__rosidl_typesupport_c__pyext.dir/rosidl_generator_py/auv_control/_auv_control_s.ep.rosidl_typesupport_c.c.o[0m
[34.933s] [ 75%] [32mBuilding C object CMakeFiles/auv_control__rosidl_typesupport_introspection_c__pyext.dir/rosidl_generator_py/auv_control/_auv_control_s.ep.rosidl_typesupport_introspection_c.c.o[0m
[34.933s] [ 77%] [32mBuilding C object CMakeFiles/auv_control__rosidl_typesupport_fastrtps_c__pyext.dir/rosidl_generator_py/auv_control/_auv_control_s.ep.rosidl_typesupport_fastrtps_c.c.o[0m
[35.031s] [ 80%] [32m[1mLinking C shared library rosidl_generator_py/auv_control/auv_control_s__rosidl_typesupport_introspection_c.cpython-310-x86_64-linux-gnu.so[0m
[35.032s] [ 82%] [32m[1mLinking C shared library rosidl_generator_py/auv_control/auv_control_s__rosidl_typesupport_c.cpython-310-x86_64-linux-gnu.so[0m
[35.040s] [ 85%] [32m[1mLinking C shared library rosidl_generator_py/auv_control/auv_control_s__rosidl_typesupport_fastrtps_c.cpython-310-x86_64-linux-gnu.so[0m
[35.183s] [ 85%] Built target auv_control__rosidl_typesupport_c__pyext
[35.184s] [ 85%] Built target auv_control__rosidl_typesupport_introspection_c__pyext
[35.249s] [ 85%] Built target auv_control__rosidl_typesupport_fastrtps_c__pyext
[37.178s] [ 87%] [32m[1mLinking CXX executable reference_generator_node[0m
[37.635s] [ 87%] Built target reference_generator_node
[38.919s] [ 90%] [32m[1mLinking CXX shared library libauv_control_core.so[0m
[39.377s] [ 90%] Built target auv_control_core
[39.398s] [ 92%] [32mBuilding CXX object CMakeFiles/test_allocator.dir/src/test_allocator.cpp.o[0m
[39.398s] [ 95%] [32mBuilding CXX object CMakeFiles/auv_controller_node.dir/src/auv_controller_node.cpp.o[0m
[40.900s] [ 97%] [32m[1mLinking CXX executable test_allocator[0m
[41.237s] [ 97%] Built target test_allocator
[55.105s] [100%] [32m[1mLinking CXX executable auv_controller_node[0m
[56.053s] [100%] Built target auv_controller_node
[56.067s] Invoked command in '/home/luiso/auv_ftc_ws/build/auv_control' returned '0': CMAKE_PREFIX_PATH=${CMAKE_PREFIX_PATH}:/home/luiso/dev_ws/install/uf_ros_lib:/home/luiso/dev_ws/install/lite6_move:/opt/ros/humble /usr/bin/cmake --build /home/luiso/auv_ftc_ws/build/auv_control -- -j16 -l16
[56.070s] Invoking command in '/home/luiso/auv_ftc_ws/build/auv_control': CMAKE_PREFIX_PATH=${CMAKE_PREFIX_PATH}:/home/luiso/dev_ws/install/uf_ros_lib:/home/luiso/dev_ws/install/lite6_move:/opt/ros/humble /usr/bin/cmake --install /home/luiso/auv_ftc_ws/build/auv_control
[56.078s] -- Install configuration: ""
[56.079s] -- Execute custom install script
[56.080s] -- Symlinking: /home/luiso/auv_ftc_ws/install/auv_control/share/ament_index/resource_index/rosidl_interfaces/auv_control
[56.090s] -- Symlinking: /home/luiso/auv_ftc_ws/install/auv_control/include/auv_control/auv_control/msg/rosidl_generator_c__visibility_control.h
[56.098s] -- Symlinking: /home/luiso/auv_ftc_ws/install/auv_control/include/auv_control/auv_control/srv/detail/inject_fault__functions.h
[56.107s] -- Symlinking: /home/luiso/auv_ftc_ws/install/auv_control/include/auv_control/auv_control/srv/detail/inject_fault__struct.h
[56.115s] -- Symlinking: /home/luiso/auv_ftc_ws/install/auv_control/include/auv_control/auv_control/srv/detail/inject_fault__type_support.h
[56.123s] -- Symlinking: /home/luiso/auv_ftc_ws/install/auv_control/include/auv_control/auv_control/srv/inject_fault.h
[56.132s] -- Symlinking: /home/luiso/auv_ftc_ws/install/auv_control/share/auv_control/environment/library_path.sh
[56.141s] -- Symlinking: /home/luiso/auv_ftc_ws/install/auv_control/share/auv_control/environment/library_path.dsv
[56.151s] -- Symlinking: /home/luiso/auv_ftc_ws/install/auv_control/include/auv_control/auv_control/msg/rosidl_typesupport_fastrtps_c__visibility_control.h
[56.161s] -- Symlinking: /home/luiso/auv_ftc_ws/install/auv_control/include/auv_control/auv_control/srv/detail/inject_fault__rosidl_typesupport_fastrtps_c.h
[56.170s] -- Symlinking: /home/luiso/auv_ftc_ws/install/auv_control/include/auv_control/auv_control/msg/rosidl_generator_cpp__visibility_control.hpp
[56.179s] -- Symlinking: /home/luiso/auv_ftc_ws/install/auv_control/include/auv_control/auv_control/srv/detail/inject_fault__builder.hpp
[56.188s] -- Symlinking: /home/luiso/auv_ftc_ws/install/auv_control/include/auv_control/auv_control/srv/detail/inject_fault__struct.hpp
[56.199s] -- Symlinking: /home/luiso/auv_ftc_ws/install/auv_control/include/auv_control/auv_control/srv/detail/inject_fault__traits.hpp
[56.208s] -- Symlinking: /home/luiso/auv_ftc_ws/install/auv_control/include/auv_control/auv_control/srv/detail/inject_fault__type_support.hpp
[56.216s] -- Symlinking: /home/luiso/auv_ftc_ws/install/auv_control/include/auv_control/auv_control/srv/inject_fault.hpp
[56.224s] -- Symlinking: /home/luiso/auv_ftc_ws/install/auv_control/include/auv_control/auv_control/msg/rosidl_typesupport_fastrtps_cpp__visibility_control.h
[56.232s] -- Symlinking: /home/luiso/auv_ftc_ws/install/auv_control/include/auv_control/auv_control/srv/detail/inject_fault__rosidl_typesupport_fastrtps_cpp.hpp
[56.239s] -- Symlinking: /home/luiso/auv_ftc_ws/install/auv_control/include/auv_control/auv_control/msg/rosidl_typesupport_introspection_c__visibility_control.h
[56.248s] -- Symlinking: /home/luiso/auv_ftc_ws/install/auv_control/include/auv_control/auv_control/srv/detail/inject_fault__rosidl_typesupport_introspection_c.h
[56.257s] -- Symlinking: /home/luiso/auv_ftc_ws/install/auv_control/include/auv_control/auv_control/srv/detail/inject_fault__rosidl_typesupport_introspection_cpp.hpp
[56.265s] -- Symlinking: /home/luiso/auv_ftc_ws/install/auv_control/share/auv_control/environment/pythonpath.sh
[56.272s] -- Symlinking: /home/luiso/auv_ftc_ws/install/auv_control/share/auv_control/environment/pythonpath.dsv
[56.281s] -- Symlinking: /home/luiso/auv_ftc_ws/install/auv_control/local/lib/python3.10/dist-packages/auv_control-0.1.0-py3.10.egg-info/PKG-INFO
[56.290s] -- Symlinking: /home/luiso/auv_ftc_ws/install/auv_control/local/lib/python3.10/dist-packages/auv_control-0.1.0-py3.10.egg-info/SOURCES.txt
[56.297s] -- Symlinking: /home/luiso/auv_ftc_ws/install/auv_control/local/lib/python3.10/dist-packages/auv_control-0.1.0-py3.10.egg-info/dependency_links.txt
[56.307s] -- Symlinking: /home/luiso/auv_ftc_ws/install/auv_control/local/lib/python3.10/dist-packages/auv_control-0.1.0-py3.10.egg-info/top_level.txt
[56.315s] -- Symlinking: /home/luiso/auv_ftc_ws/install/auv_control/local/lib/python3.10/dist-packages/auv_control/__init__.py
[56.323s] -- Symlinking: /home/luiso/auv_ftc_ws/install/auv_control/local/lib/python3.10/dist-packages/auv_control/_auv_control_s.ep.rosidl_typesupport_c.c
[56.332s] -- Symlinking: /home/luiso/auv_ftc_ws/install/auv_control/local/lib/python3.10/dist-packages/auv_control/_auv_control_s.ep.rosidl_typesupport_fastrtps_c.c
[56.340s] -- Symlinking: /home/luiso/auv_ftc_ws/install/auv_control/local/lib/python3.10/dist-packages/auv_control/_auv_control_s.ep.rosidl_typesupport_introspection_c.c
[56.350s] -- Symlinking: /home/luiso/auv_ftc_ws/install/auv_control/local/lib/python3.10/dist-packages/auv_control/auv_control_s__rosidl_typesupport_c.cpython-310-x86_64-linux-gnu.so
[56.358s] -- Symlinking: /home/luiso/auv_ftc_ws/install/auv_control/local/lib/python3.10/dist-packages/auv_control/auv_control_s__rosidl_typesupport_fastrtps_c.cpython-310-x86_64-linux-gnu.so
[56.366s] -- Symlinking: /home/luiso/auv_ftc_ws/install/auv_control/local/lib/python3.10/dist-packages/auv_control/auv_control_s__rosidl_typesupport_introspection_c.cpython-310-x86_64-linux-gnu.so
[56.374s] -- Symlinking: /home/luiso/auv_ftc_ws/install/auv_control/local/lib/python3.10/dist-packages/auv_control/libauv_control__rosidl_generator_py.so
[56.382s] -- Symlinking: /home/luiso/auv_ftc_ws/install/auv_control/local/lib/python3.10/dist-packages/auv_control/srv/__init__.py
[56.389s] -- Symlinking: /home/luiso/auv_ftc_ws/install/auv_control/local/lib/python3.10/dist-packages/auv_control/srv/_inject_fault.py
[56.397s] -- Symlinking: /home/luiso/auv_ftc_ws/install/auv_control/local/lib/python3.10/dist-packages/auv_control/srv/_inject_fault_s.c
[56.405s] -- Up-to-date symlink: /home/luiso/auv_ftc_ws/install/auv_control/local/lib/python3.10/dist-packages/auv_control/auv_control_s__rosidl_typesupport_fastrtps_c.cpython-310-x86_64-linux-gnu.so
[56.406s] -- Up-to-date symlink: /home/luiso/auv_ftc_ws/install/auv_control/local/lib/python3.10/dist-packages/auv_control/auv_control_s__rosidl_typesupport_introspection_c.cpython-310-x86_64-linux-gnu.so
[56.406s] -- Up-to-date symlink: /home/luiso/auv_ftc_ws/install/auv_control/local/lib/python3.10/dist-packages/auv_control/auv_control_s__rosidl_typesupport_c.cpython-310-x86_64-linux-gnu.so
[56.406s] -- Symlinking: /home/luiso/auv_ftc_ws/install/auv_control/share/auv_control/srv/InjectFault.idl
[56.414s] -- Symlinking: /home/luiso/auv_ftc_ws/install/auv_control/share/auv_control/srv/InjectFault.srv
[56.421s] -- Symlinking: /home/luiso/auv_ftc_ws/install/auv_control/share/auv_control/srv/InjectFault_Request.msg
[56.429s] -- Symlinking: /home/luiso/auv_ftc_ws/install/auv_control/share/auv_control/srv/InjectFault_Response.msg
[56.437s] -- Symlinking: /home/luiso/auv_ftc_ws/install/auv_control/lib/libauv_control_core.so
[56.446s] -- Symlinking: /home/luiso/auv_ftc_ws/install/auv_control/lib/auv_control/auv_controller_node
[56.454s] -- Symlinking: /home/luiso/auv_ftc_ws/install/auv_control/lib/auv_control/reference_generator_node
[56.465s] -- Symlinking: /home/luiso/auv_ftc_ws/install/auv_control/lib/auv_control/test_allocator
[56.476s] -- Symlinking: /home/luiso/auv_ftc_ws/install/auv_control/include/auv_control/auv_params.hpp
[56.486s] -- Symlinking: /home/luiso/auv_ftc_ws/install/auv_control/include/auv_control/thrust_allocator.hpp
[56.495s] -- Symlinking: /home/luiso/auv_ftc_ws/install/auv_control/include/auv_control/ts_fuzzy.hpp
[56.504s] -- Symlinking: /home/luiso/auv_ftc_ws/install/auv_control/share/auv_control/launch/controller.launch.py
[56.513s] -- Symlinking: /home/luiso/auv_ftc_ws/install/auv_control/share/auv_control/config/controller.yaml
[56.521s] -- Symlinking: /home/luiso/auv_ftc_ws/install/auv_control/share/auv_control/config/controller_rexrov.yaml
[56.529s] -- Symlinking: /home/luiso/auv_ftc_ws/install/auv_control/lib/auv_control/inject_fault_cli.py
[56.537s] -- Symlinking: /home/luiso/auv_ftc_ws/install/auv_control/lib/auv_control/scenario_runner.py
[56.544s] -- Symlinking: /home/luiso/auv_ftc_ws/install/auv_control/lib/auv_control/plot_from_bag.py
[56.553s] -- Symlinking: /home/luiso/auv_ftc_ws/install/auv_control/share/ament_index/resource_index/package_run_dependencies/auv_control
[56.561s] -- Symlinking: /home/luiso/auv_ftc_ws/install/auv_control/share/ament_index/resource_index/parent_prefix_path/auv_control
[56.569s] -- Symlinking: /home/luiso/auv_ftc_ws/install/auv_control/share/auv_control/environment/ament_prefix_path.sh
[56.578s] -- Symlinking: /home/luiso/auv_ftc_ws/install/auv_control/share/auv_control/environment/ament_prefix_path.dsv
[56.585s] -- Symlinking: /home/luiso/auv_ftc_ws/install/auv_control/share/auv_control/environment/path.sh
[56.593s] -- Symlinking: /home/luiso/auv_ftc_ws/install/auv_control/share/auv_control/environment/path.dsv
[56.601s] -- Symlinking: /home/luiso/auv_ftc_ws/install/auv_control/share/auv_control/local_setup.bash
[56.609s] -- Symlinking: /home/luiso/auv_ftc_ws/install/auv_control/share/auv_control/local_setup.sh
[56.618s] -- Symlinking: /home/luiso/auv_ftc_ws/install/auv_control/share/auv_control/local_setup.zsh
[56.627s] -- Symlinking: /home/luiso/auv_ftc_ws/install/auv_control/share/auv_control/local_setup.dsv
[56.638s] -- Symlinking: /home/luiso/auv_ftc_ws/install/auv_control/share/auv_control/package.dsv
[56.649s] -- Symlinking: /home/luiso/auv_ftc_ws/install/auv_control/share/ament_index/resource_index/packages/auv_control
[56.661s] -- Symlinking: /home/luiso/auv_ftc_ws/install/auv_control/share/auv_control/cmake/rosidl_cmake-extras.cmake
[56.669s] -- Symlinking: /home/luiso/auv_ftc_ws/install/auv_control/share/auv_control/cmake/ament_cmake_export_dependencies-extras.cmake
[56.678s] -- Symlinking: /home/luiso/auv_ftc_ws/install/auv_control/share/auv_control/cmake/ament_cmake_export_include_directories-extras.cmake
[56.686s] -- Symlinking: /home/luiso/auv_ftc_ws/install/auv_control/share/auv_control/cmake/ament_cmake_export_libraries-extras.cmake
[56.694s] -- Symlinking: /home/luiso/auv_ftc_ws/install/auv_control/share/auv_control/cmake/ament_cmake_export_targets-extras.cmake
[56.702s] -- Symlinking: /home/luiso/auv_ftc_ws/install/auv_control/share/auv_control/cmake/rosidl_cmake_export_typesupport_targets-extras.cmake
[56.711s] -- Symlinking: /home/luiso/auv_ftc_ws/install/auv_control/share/auv_control/cmake/rosidl_cmake_export_typesupport_libraries-extras.cmake
[56.719s] -- Symlinking: /home/luiso/auv_ftc_ws/install/auv_control/share/auv_control/cmake/auv_controlConfig.cmake
[56.727s] -- Symlinking: /home/luiso/auv_ftc_ws/install/auv_control/share/auv_control/cmake/auv_controlConfig-version.cmake
[56.735s] -- Symlinking: /home/luiso/auv_ftc_ws/install/auv_control/share/auv_control/package.xml
[56.743s] -- Installing: /home/luiso/auv_ftc_ws/install/auv_control/lib/libauv_control__rosidl_generator_c.so
[56.743s] -- Set runtime path of "/home/luiso/auv_ftc_ws/install/auv_control/lib/libauv_control__rosidl_generator_c.so" to ""
[56.744s] -- Installing: /home/luiso/auv_ftc_ws/install/auv_control/lib/libauv_control__rosidl_typesupport_fastrtps_c.so
[56.744s] -- Set runtime path of "/home/luiso/auv_ftc_ws/install/auv_control/lib/libauv_control__rosidl_typesupport_fastrtps_c.so" to ""
[56.744s] -- Installing: /home/luiso/auv_ftc_ws/install/auv_control/lib/libauv_control__rosidl_typesupport_fastrtps_cpp.so
[56.745s] -- Set runtime path of "/home/luiso/auv_ftc_ws/install/auv_control/lib/libauv_control__rosidl_typesupport_fastrtps_cpp.so" to ""
[56.746s] -- Installing: /home/luiso/auv_ftc_ws/install/auv_control/lib/libauv_control__rosidl_typesupport_introspection_c.so
[56.746s] -- Set runtime path of "/home/luiso/auv_ftc_ws/install/auv_control/lib/libauv_control__rosidl_typesupport_introspection_c.so" to ""
[56.746s] -- Installing: /home/luiso/auv_ftc_ws/install/auv_control/lib/libauv_control__rosidl_typesupport_c.so
[56.746s] -- Set runtime path of "/home/luiso/auv_ftc_ws/install/auv_control/lib/libauv_control__rosidl_typesupport_c.so" to ""
[56.746s] -- Installing: /home/luiso/auv_ftc_ws/install/auv_control/lib/libauv_control__rosidl_typesupport_introspection_cpp.so
[56.746s] -- Set runtime path of "/home/luiso/auv_ftc_ws/install/auv_control/lib/libauv_control__rosidl_typesupport_introspection_cpp.so" to ""
[56.746s] -- Installing: /home/luiso/auv_ftc_ws/install/auv_control/lib/libauv_control__rosidl_typesupport_cpp.so
[56.746s] -- Set runtime path of "/home/luiso/auv_ftc_ws/install/auv_control/lib/libauv_control__rosidl_typesupport_cpp.so" to ""
[56.785s] Listing '/home/luiso/auv_ftc_ws/install/auv_control/local/lib/python3.10/dist-packages/auv_control'...
[56.785s] Compiling '/home/luiso/auv_ftc_ws/install/auv_control/local/lib/python3.10/dist-packages/auv_control/__init__.py'...
[56.786s] Listing '/home/luiso/auv_ftc_ws/install/auv_control/local/lib/python3.10/dist-packages/auv_control/srv'...
[56.786s] Compiling '/home/luiso/auv_ftc_ws/install/auv_control/local/lib/python3.10/dist-packages/auv_control/srv/__init__.py'...
[56.786s] Compiling '/home/luiso/auv_ftc_ws/install/auv_control/local/lib/python3.10/dist-packages/auv_control/srv/_inject_fault.py'...
[56.789s] -- Installing: /home/luiso/auv_ftc_ws/install/auv_control/lib/libauv_control__rosidl_generator_py.so
[56.790s] -- Set runtime path of "/home/luiso/auv_ftc_ws/install/auv_control/lib/libauv_control__rosidl_generator_py.so" to ""
[56.790s] -- Installing: /home/luiso/auv_ftc_ws/install/auv_control/share/auv_control/cmake/export_auv_control__rosidl_generator_cExport.cmake
[56.790s] -- Installing: /home/luiso/auv_ftc_ws/install/auv_control/share/auv_control/cmake/export_auv_control__rosidl_generator_cExport-noconfig.cmake
[56.790s] -- Installing: /home/luiso/auv_ftc_ws/install/auv_control/share/auv_control/cmake/export_auv_control__rosidl_typesupport_fastrtps_cExport.cmake
[56.790s] -- Installing: /home/luiso/auv_ftc_ws/install/auv_control/share/auv_control/cmake/export_auv_control__rosidl_typesupport_fastrtps_cExport-noconfig.cmake
[56.790s] -- Installing: /home/luiso/auv_ftc_ws/install/auv_control/share/auv_control/cmake/export_auv_control__rosidl_generator_cppExport.cmake
[56.791s] -- Installing: /home/luiso/auv_ftc_ws/install/auv_control/share/auv_control/cmake/export_auv_control__rosidl_typesupport_fastrtps_cppExport.cmake
[56.791s] -- Installing: /home/luiso/auv_ftc_ws/install/auv_control/share/auv_control/cmake/export_auv_control__rosidl_typesupport_fastrtps_cppExport-noconfig.cmake
[56.791s] -- Installing: /home/luiso/auv_ftc_ws/install/auv_control/share/auv_control/cmake/auv_control__rosidl_typesupport_introspection_cExport.cmake
[56.791s] -- Installing: /home/luiso/auv_ftc_ws/install/auv_control/share/auv_control/cmake/auv_control__rosidl_typesupport_introspection_cExport-noconfig.cmake
[56.791s] -- Installing: /home/luiso/auv_ftc_ws/install/auv_control/share/auv_control/cmake/auv_control__rosidl_typesupport_cExport.cmake
[56.791s] -- Installing: /home/luiso/auv_ftc_ws/install/auv_control/share/auv_control/cmake/auv_control__rosidl_typesupport_cExport-noconfig.cmake
[56.792s] -- Installing: /home/luiso/auv_ftc_ws/install/auv_control/share/auv_control/cmake/auv_control__rosidl_typesupport_introspection_cppExport.cmake
[56.792s] -- Installing: /home/luiso/auv_ftc_ws/install/auv_control/share/auv_control/cmake/auv_control__rosidl_typesupport_introspection_cppExport-noconfig.cmake
[56.792s] -- Installing: /home/luiso/auv_ftc_ws/install/auv_control/share/auv_control/cmake/auv_control__rosidl_typesupport_cppExport.cmake
[56.792s] -- Installing: /home/luiso/auv_ftc_ws/install/auv_control/share/auv_control/cmake/auv_control__rosidl_typesupport_cppExport-noconfig.cmake
[56.792s] -- Installing: /home/luiso/auv_ftc_ws/install/auv_control/share/auv_control/cmake/export_auv_control__rosidl_generator_pyExport.cmake
[56.792s] -- Installing: /home/luiso/auv_ftc_ws/install/auv_control/share/auv_control/cmake/export_auv_control__rosidl_generator_pyExport-noconfig.cmake
[56.795s] Invoked command in '/home/luiso/auv_ftc_ws/build/auv_control' returned '0': CMAKE_PREFIX_PATH=${CMAKE_PREFIX_PATH}:/home/luiso/dev_ws/install/uf_ros_lib:/home/luiso/dev_ws/install/lite6_move:/opt/ros/humble /usr/bin/cmake --install /home/luiso/auv_ftc_ws/build/auv_control
