[0.021s] Invoking command in '/home/luiso/auv_ftc_ws/build/auv_control': CMAKE_PREFIX_PATH=${CMAKE_PREFIX_PATH}:/home/luiso/dev_ws/install/uf_ros_lib:/home/luiso/dev_ws/install/lite6_move:/opt/ros/humble /usr/bin/cmake --build /home/luiso/auv_ftc_ws/build/auv_control -- -j16 -l16
[0.066s] [35m[1mConsolidate compiler generated dependencies of target auv_control_core[0m
[0.067s] [35m[1mConsolidate compiler generated dependencies of target auv_control__rosidl_generator_c[0m
[0.067s] [35m[1mConsolidate compiler generated dependencies of target reference_generator_node[0m
[0.075s] [  2%] Built target auv_control__cpp
[0.080s] [ 10%] Built target auv_control__rosidl_generator_c
[0.082s] [ 17%] Built target auv_control_core
[0.083s] [ 22%] Built target reference_generator_node
[0.087s] [ 22%] Built target ament_cmake_python_symlink_auv_control
[0.087s] [35m[1mConsolidate compiler generated dependencies of target auv_control__rosidl_typesupport_introspection_cpp[0m
[0.088s] [35m[1mConsolidate compiler generated dependencies of target auv_control__rosidl_typesupport_fastrtps_cpp[0m
[0.088s] [35m[1mConsolidate compiler generated dependencies of target auv_control__rosidl_typesupport_cpp[0m
[0.094s] [35m[1mConsolidate compiler generated dependencies of target auv_control__rosidl_typesupport_fastrtps_c[0m
[0.094s] [35m[1mConsolidate compiler generated dependencies of target auv_control__rosidl_typesupport_c[0m
[0.094s] [35m[1mConsolidate compiler generated dependencies of target auv_control__rosidl_typesupport_introspection_c[0m
[0.094s] [35m[1mConsolidate compiler generated dependencies of target test_allocator[0m
[0.102s] [ 30%] Built target auv_control__rosidl_typesupport_introspection_cpp
[0.103s] [ 37%] Built target auv_control__rosidl_typesupport_fastrtps_cpp
[0.105s] [ 45%] Built target auv_control__rosidl_typesupport_cpp
[0.105s] [ 52%] Built target auv_control__rosidl_typesupport_c
[0.107s] [ 60%] Built target auv_control__rosidl_typesupport_introspection_c
[0.107s] [ 67%] Built target auv_control__rosidl_typesupport_fastrtps_c
[0.111s] [ 72%] Built target test_allocator
[0.118s] [35m[1mConsolidate compiler generated dependencies of target auv_controller_node[0m
[0.129s] [ 72%] Built target auv_control
[0.134s] [ 77%] Built target auv_controller_node
[0.147s] [ 80%] Built target auv_control__py
[0.157s] [35m[1mConsolidate compiler generated dependencies of target auv_control__rosidl_generator_py[0m
[0.168s] [ 85%] Built target auv_control__rosidl_generator_py
[0.177s] [35m[1mConsolidate compiler generated dependencies of target auv_control__rosidl_typesupport_introspection_c__pyext[0m
[0.177s] [35m[1mConsolidate compiler generated dependencies of target auv_control__rosidl_typesupport_fastrtps_c__pyext[0m
[0.178s] [35m[1mConsolidate compiler generated dependencies of target auv_control__rosidl_typesupport_c__pyext[0m
[0.190s] [ 90%] Built target auv_control__rosidl_typesupport_fastrtps_c__pyext
[0.191s] [ 95%] Built target auv_control__rosidl_typesupport_introspection_c__pyext
[0.191s] [100%] Built target auv_control__rosidl_typesupport_c__pyext
[0.298s] running egg_info
[0.299s] writing auv_control.egg-info/PKG-INFO
[0.299s] writing dependency_links to auv_control.egg-info/dependency_links.txt
[0.299s] writing top-level names to auv_control.egg-info/top_level.txt
[0.301s] reading manifest file 'auv_control.egg-info/SOURCES.txt'
[0.301s] writing manifest file 'auv_control.egg-info/SOURCES.txt'
[0.326s] [100%] Built target ament_cmake_python_build_auv_control_egg
[0.337s] Invoked command in '/home/luiso/auv_ftc_ws/build/auv_control' returned '0': CMAKE_PREFIX_PATH=${CMAKE_PREFIX_PATH}:/home/luiso/dev_ws/install/uf_ros_lib:/home/luiso/dev_ws/install/lite6_move:/opt/ros/humble /usr/bin/cmake --build /home/luiso/auv_ftc_ws/build/auv_control -- -j16 -l16
[0.338s] Invoking command in '/home/luiso/auv_ftc_ws/build/auv_control': CMAKE_PREFIX_PATH=${CMAKE_PREFIX_PATH}:/home/luiso/dev_ws/install/uf_ros_lib:/home/luiso/dev_ws/install/lite6_move:/opt/ros/humble /usr/bin/cmake --install /home/luiso/auv_ftc_ws/build/auv_control
[0.345s] -- Install configuration: ""
[0.346s] -- Execute custom install script
[0.346s] -- Up-to-date symlink: /home/luiso/auv_ftc_ws/install/auv_control/share/ament_index/resource_index/rosidl_interfaces/auv_control
[0.346s] -- Up-to-date symlink: /home/luiso/auv_ftc_ws/install/auv_control/include/auv_control/auv_control/msg/rosidl_generator_c__visibility_control.h
[0.346s] -- Up-to-date symlink: /home/luiso/auv_ftc_ws/install/auv_control/include/auv_control/auv_control/srv/detail/inject_fault__functions.h
[0.346s] -- Up-to-date symlink: /home/luiso/auv_ftc_ws/install/auv_control/include/auv_control/auv_control/srv/detail/inject_fault__struct.h
[0.347s] -- Up-to-date symlink: /home/luiso/auv_ftc_ws/install/auv_control/include/auv_control/auv_control/srv/detail/inject_fault__type_support.h
[0.347s] -- Up-to-date symlink: /home/luiso/auv_ftc_ws/install/auv_control/include/auv_control/auv_control/srv/inject_fault.h
[0.347s] -- Up-to-date symlink: /home/luiso/auv_ftc_ws/install/auv_control/share/auv_control/environment/library_path.sh
[0.347s] -- Up-to-date symlink: /home/luiso/auv_ftc_ws/install/auv_control/share/auv_control/environment/library_path.dsv
[0.348s] -- Up-to-date symlink: /home/luiso/auv_ftc_ws/install/auv_control/include/auv_control/auv_control/msg/rosidl_typesupport_fastrtps_c__visibility_control.h
[0.348s] -- Up-to-date symlink: /home/luiso/auv_ftc_ws/install/auv_control/include/auv_control/auv_control/srv/detail/inject_fault__rosidl_typesupport_fastrtps_c.h
[0.349s] -- Up-to-date symlink: /home/luiso/auv_ftc_ws/install/auv_control/include/auv_control/auv_control/msg/rosidl_generator_cpp__visibility_control.hpp
[0.349s] -- Up-to-date symlink: /home/luiso/auv_ftc_ws/install/auv_control/include/auv_control/auv_control/srv/detail/inject_fault__builder.hpp
[0.349s] -- Up-to-date symlink: /home/luiso/auv_ftc_ws/install/auv_control/include/auv_control/auv_control/srv/detail/inject_fault__struct.hpp
[0.349s] -- Up-to-date symlink: /home/luiso/auv_ftc_ws/install/auv_control/include/auv_control/auv_control/srv/detail/inject_fault__traits.hpp
[0.349s] -- Up-to-date symlink: /home/luiso/auv_ftc_ws/install/auv_control/include/auv_control/auv_control/srv/detail/inject_fault__type_support.hpp
[0.349s] -- Up-to-date symlink: /home/luiso/auv_ftc_ws/install/auv_control/include/auv_control/auv_control/srv/inject_fault.hpp
[0.350s] -- Up-to-date symlink: /home/luiso/auv_ftc_ws/install/auv_control/include/auv_control/auv_control/msg/rosidl_typesupport_fastrtps_cpp__visibility_control.h
[0.350s] -- Up-to-date symlink: /home/luiso/auv_ftc_ws/install/auv_control/include/auv_control/auv_control/srv/detail/inject_fault__rosidl_typesupport_fastrtps_cpp.hpp
[0.350s] -- Up-to-date symlink: /home/luiso/auv_ftc_ws/install/auv_control/include/auv_control/auv_control/msg/rosidl_typesupport_introspection_c__visibility_control.h
[0.350s] -- Up-to-date symlink: /home/luiso/auv_ftc_ws/install/auv_control/include/auv_control/auv_control/srv/detail/inject_fault__rosidl_typesupport_introspection_c.h
[0.350s] -- Up-to-date symlink: /home/luiso/auv_ftc_ws/install/auv_control/include/auv_control/auv_control/srv/detail/inject_fault__rosidl_typesupport_introspection_cpp.hpp
[0.351s] -- Up-to-date symlink: /home/luiso/auv_ftc_ws/install/auv_control/share/auv_control/environment/pythonpath.sh
[0.351s] -- Up-to-date symlink: /home/luiso/auv_ftc_ws/install/auv_control/share/auv_control/environment/pythonpath.dsv
[0.351s] -- Up-to-date symlink: /home/luiso/auv_ftc_ws/install/auv_control/local/lib/python3.10/dist-packages/auv_control-0.1.0-py3.10.egg-info/PKG-INFO
[0.351s] -- Up-to-date symlink: /home/luiso/auv_ftc_ws/install/auv_control/local/lib/python3.10/dist-packages/auv_control-0.1.0-py3.10.egg-info/SOURCES.txt
[0.351s] -- Up-to-date symlink: /home/luiso/auv_ftc_ws/install/auv_control/local/lib/python3.10/dist-packages/auv_control-0.1.0-py3.10.egg-info/dependency_links.txt
[0.351s] -- Up-to-date symlink: /home/luiso/auv_ftc_ws/install/auv_control/local/lib/python3.10/dist-packages/auv_control-0.1.0-py3.10.egg-info/top_level.txt
[0.352s] -- Up-to-date symlink: /home/luiso/auv_ftc_ws/install/auv_control/local/lib/python3.10/dist-packages/auv_control/__init__.py
[0.352s] -- Up-to-date symlink: /home/luiso/auv_ftc_ws/install/auv_control/local/lib/python3.10/dist-packages/auv_control/_auv_control_s.ep.rosidl_typesupport_c.c
[0.352s] -- Up-to-date symlink: /home/luiso/auv_ftc_ws/install/auv_control/local/lib/python3.10/dist-packages/auv_control/_auv_control_s.ep.rosidl_typesupport_fastrtps_c.c
[0.352s] -- Up-to-date symlink: /home/luiso/auv_ftc_ws/install/auv_control/local/lib/python3.10/dist-packages/auv_control/_auv_control_s.ep.rosidl_typesupport_introspection_c.c
[0.353s] -- Up-to-date symlink: /home/luiso/auv_ftc_ws/install/auv_control/local/lib/python3.10/dist-packages/auv_control/auv_control_s__rosidl_typesupport_c.cpython-310-x86_64-linux-gnu.so
[0.353s] -- Up-to-date symlink: /home/luiso/auv_ftc_ws/install/auv_control/local/lib/python3.10/dist-packages/auv_control/auv_control_s__rosidl_typesupport_fastrtps_c.cpython-310-x86_64-linux-gnu.so
[0.353s] -- Up-to-date symlink: /home/luiso/auv_ftc_ws/install/auv_control/local/lib/python3.10/dist-packages/auv_control/auv_control_s__rosidl_typesupport_introspection_c.cpython-310-x86_64-linux-gnu.so
[0.353s] -- Up-to-date symlink: /home/luiso/auv_ftc_ws/install/auv_control/local/lib/python3.10/dist-packages/auv_control/libauv_control__rosidl_generator_py.so
[0.353s] -- Up-to-date symlink: /home/luiso/auv_ftc_ws/install/auv_control/local/lib/python3.10/dist-packages/auv_control/srv/__init__.py
[0.353s] -- Up-to-date symlink: /home/luiso/auv_ftc_ws/install/auv_control/local/lib/python3.10/dist-packages/auv_control/srv/_inject_fault.py
[0.353s] -- Up-to-date symlink: /home/luiso/auv_ftc_ws/install/auv_control/local/lib/python3.10/dist-packages/auv_control/srv/_inject_fault_s.c
[0.354s] -- Up-to-date symlink: /home/luiso/auv_ftc_ws/install/auv_control/local/lib/python3.10/dist-packages/auv_control/auv_control_s__rosidl_typesupport_fastrtps_c.cpython-310-x86_64-linux-gnu.so
[0.354s] -- Up-to-date symlink: /home/luiso/auv_ftc_ws/install/auv_control/local/lib/python3.10/dist-packages/auv_control/auv_control_s__rosidl_typesupport_introspection_c.cpython-310-x86_64-linux-gnu.so
[0.354s] -- Up-to-date symlink: /home/luiso/auv_ftc_ws/install/auv_control/local/lib/python3.10/dist-packages/auv_control/auv_control_s__rosidl_typesupport_c.cpython-310-x86_64-linux-gnu.so
[0.355s] -- Up-to-date symlink: /home/luiso/auv_ftc_ws/install/auv_control/share/auv_control/srv/InjectFault.idl
[0.355s] -- Up-to-date symlink: /home/luiso/auv_ftc_ws/install/auv_control/share/auv_control/srv/InjectFault.srv
[0.355s] -- Up-to-date symlink: /home/luiso/auv_ftc_ws/install/auv_control/share/auv_control/srv/InjectFault_Request.msg
[0.355s] -- Up-to-date symlink: /home/luiso/auv_ftc_ws/install/auv_control/share/auv_control/srv/InjectFault_Response.msg
[0.355s] -- Up-to-date symlink: /home/luiso/auv_ftc_ws/install/auv_control/lib/libauv_control_core.so
[0.356s] -- Up-to-date symlink: /home/luiso/auv_ftc_ws/install/auv_control/lib/auv_control/auv_controller_node
[0.356s] -- Up-to-date symlink: /home/luiso/auv_ftc_ws/install/auv_control/lib/auv_control/reference_generator_node
[0.356s] -- Up-to-date symlink: /home/luiso/auv_ftc_ws/install/auv_control/lib/auv_control/test_allocator
[0.356s] -- Up-to-date symlink: /home/luiso/auv_ftc_ws/install/auv_control/include/auv_control/auv_params.hpp
[0.357s] -- Up-to-date symlink: /home/luiso/auv_ftc_ws/install/auv_control/include/auv_control/thrust_allocator.hpp
[0.357s] -- Up-to-date symlink: /home/luiso/auv_ftc_ws/install/auv_control/include/auv_control/ts_fuzzy.hpp
[0.357s] -- Up-to-date symlink: /home/luiso/auv_ftc_ws/install/auv_control/share/auv_control/launch/controller.launch.py
[0.357s] -- Up-to-date symlink: /home/luiso/auv_ftc_ws/install/auv_control/share/auv_control/config/controller.yaml
[0.357s] -- Up-to-date symlink: /home/luiso/auv_ftc_ws/install/auv_control/share/auv_control/config/controller_rexrov.yaml
[0.357s] -- Up-to-date symlink: /home/luiso/auv_ftc_ws/install/auv_control/lib/auv_control/inject_fault_cli.py
[0.357s] -- Up-to-date symlink: /home/luiso/auv_ftc_ws/install/auv_control/lib/auv_control/scenario_runner.py
[0.357s] -- Up-to-date symlink: /home/luiso/auv_ftc_ws/install/auv_control/lib/auv_control/plot_from_bag.py
[0.358s] -- Up-to-date symlink: /home/luiso/auv_ftc_ws/install/auv_control/share/ament_index/resource_index/package_run_dependencies/auv_control
[0.358s] -- Up-to-date symlink: /home/luiso/auv_ftc_ws/install/auv_control/share/ament_index/resource_index/parent_prefix_path/auv_control
[0.358s] -- Up-to-date symlink: /home/luiso/auv_ftc_ws/install/auv_control/share/auv_control/environment/ament_prefix_path.sh
[0.358s] -- Up-to-date symlink: /home/luiso/auv_ftc_ws/install/auv_control/share/auv_control/environment/ament_prefix_path.dsv
[0.359s] -- Up-to-date symlink: /home/luiso/auv_ftc_ws/install/auv_control/share/auv_control/environment/path.sh
[0.359s] -- Up-to-date symlink: /home/luiso/auv_ftc_ws/install/auv_control/share/auv_control/environment/path.dsv
[0.359s] -- Up-to-date symlink: /home/luiso/auv_ftc_ws/install/auv_control/share/auv_control/local_setup.bash
[0.359s] -- Up-to-date symlink: /home/luiso/auv_ftc_ws/install/auv_control/share/auv_control/local_setup.sh
[0.359s] -- Up-to-date symlink: /home/luiso/auv_ftc_ws/install/auv_control/share/auv_control/local_setup.zsh
[0.359s] -- Up-to-date symlink: /home/luiso/auv_ftc_ws/install/auv_control/share/auv_control/local_setup.dsv
[0.359s] -- Symlinking: /home/luiso/auv_ftc_ws/install/auv_control/share/auv_control/package.dsv
[0.367s] -- Up-to-date symlink: /home/luiso/auv_ftc_ws/install/auv_control/share/ament_index/resource_index/packages/auv_control
[0.368s] -- Up-to-date symlink: /home/luiso/auv_ftc_ws/install/auv_control/share/auv_control/cmake/rosidl_cmake-extras.cmake
[0.368s] -- Up-to-date symlink: /home/luiso/auv_ftc_ws/install/auv_control/share/auv_control/cmake/ament_cmake_export_dependencies-extras.cmake
[0.369s] -- Up-to-date symlink: /home/luiso/auv_ftc_ws/install/auv_control/share/auv_control/cmake/ament_cmake_export_include_directories-extras.cmake
[0.369s] -- Up-to-date symlink: /home/luiso/auv_ftc_ws/install/auv_control/share/auv_control/cmake/ament_cmake_export_libraries-extras.cmake
[0.369s] -- Up-to-date symlink: /home/luiso/auv_ftc_ws/install/auv_control/share/auv_control/cmake/ament_cmake_export_targets-extras.cmake
[0.369s] -- Up-to-date symlink: /home/luiso/auv_ftc_ws/install/auv_control/share/auv_control/cmake/rosidl_cmake_export_typesupport_targets-extras.cmake
[0.369s] -- Up-to-date symlink: /home/luiso/auv_ftc_ws/install/auv_control/share/auv_control/cmake/rosidl_cmake_export_typesupport_libraries-extras.cmake
[0.369s] -- Up-to-date symlink: /home/luiso/auv_ftc_ws/install/auv_control/share/auv_control/cmake/auv_controlConfig.cmake
[0.369s] -- Up-to-date symlink: /home/luiso/auv_ftc_ws/install/auv_control/share/auv_control/cmake/auv_controlConfig-version.cmake
[0.370s] -- Up-to-date symlink: /home/luiso/auv_ftc_ws/install/auv_control/share/auv_control/package.xml
[0.370s] -- Up-to-date: /home/luiso/auv_ftc_ws/install/auv_control/lib/libauv_control__rosidl_generator_c.so
[0.370s] -- Up-to-date: /home/luiso/auv_ftc_ws/install/auv_control/lib/libauv_control__rosidl_typesupport_fastrtps_c.so
[0.370s] -- Up-to-date: /home/luiso/auv_ftc_ws/install/auv_control/lib/libauv_control__rosidl_typesupport_fastrtps_cpp.so
[0.370s] -- Up-to-date: /home/luiso/auv_ftc_ws/install/auv_control/lib/libauv_control__rosidl_typesupport_introspection_c.so
[0.370s] -- Up-to-date: /home/luiso/auv_ftc_ws/install/auv_control/lib/libauv_control__rosidl_typesupport_c.so
[0.370s] -- Up-to-date: /home/luiso/auv_ftc_ws/install/auv_control/lib/libauv_control__rosidl_typesupport_introspection_cpp.so
[0.370s] -- Up-to-date: /home/luiso/auv_ftc_ws/install/auv_control/lib/libauv_control__rosidl_typesupport_cpp.so
[0.401s] Listing '/home/luiso/auv_ftc_ws/install/auv_control/local/lib/python3.10/dist-packages/auv_control'...
[0.401s] Listing '/home/luiso/auv_ftc_ws/install/auv_control/local/lib/python3.10/dist-packages/auv_control/srv'...
[0.406s] -- Up-to-date: /home/luiso/auv_ftc_ws/install/auv_control/lib/libauv_control__rosidl_generator_py.so
[0.406s] -- Up-to-date: /home/luiso/auv_ftc_ws/install/auv_control/share/auv_control/cmake/export_auv_control__rosidl_generator_cExport.cmake
[0.406s] -- Up-to-date: /home/luiso/auv_ftc_ws/install/auv_control/share/auv_control/cmake/export_auv_control__rosidl_generator_cExport-noconfig.cmake
[0.407s] -- Up-to-date: /home/luiso/auv_ftc_ws/install/auv_control/share/auv_control/cmake/export_auv_control__rosidl_typesupport_fastrtps_cExport.cmake
[0.407s] -- Up-to-date: /home/luiso/auv_ftc_ws/install/auv_control/share/auv_control/cmake/export_auv_control__rosidl_typesupport_fastrtps_cExport-noconfig.cmake
[0.407s] -- Up-to-date: /home/luiso/auv_ftc_ws/install/auv_control/share/auv_control/cmake/export_auv_control__rosidl_generator_cppExport.cmake
[0.407s] -- Up-to-date: /home/luiso/auv_ftc_ws/install/auv_control/share/auv_control/cmake/export_auv_control__rosidl_typesupport_fastrtps_cppExport.cmake
[0.407s] -- Up-to-date: /home/luiso/auv_ftc_ws/install/auv_control/share/auv_control/cmake/export_auv_control__rosidl_typesupport_fastrtps_cppExport-noconfig.cmake
[0.407s] -- Up-to-date: /home/luiso/auv_ftc_ws/install/auv_control/share/auv_control/cmake/auv_control__rosidl_typesupport_introspection_cExport.cmake
[0.407s] -- Up-to-date: /home/luiso/auv_ftc_ws/install/auv_control/share/auv_control/cmake/auv_control__rosidl_typesupport_introspection_cExport-noconfig.cmake
[0.407s] -- Up-to-date: /home/luiso/auv_ftc_ws/install/auv_control/share/auv_control/cmake/auv_control__rosidl_typesupport_cExport.cmake
[0.407s] -- Up-to-date: /home/luiso/auv_ftc_ws/install/auv_control/share/auv_control/cmake/auv_control__rosidl_typesupport_cExport-noconfig.cmake
[0.407s] -- Up-to-date: /home/luiso/auv_ftc_ws/install/auv_control/share/auv_control/cmake/auv_control__rosidl_typesupport_introspection_cppExport.cmake
[0.407s] -- Up-to-date: /home/luiso/auv_ftc_ws/install/auv_control/share/auv_control/cmake/auv_control__rosidl_typesupport_introspection_cppExport-noconfig.cmake
[0.407s] -- Up-to-date: /home/luiso/auv_ftc_ws/install/auv_control/share/auv_control/cmake/auv_control__rosidl_typesupport_cppExport.cmake
[0.407s] -- Up-to-date: /home/luiso/auv_ftc_ws/install/auv_control/share/auv_control/cmake/auv_control__rosidl_typesupport_cppExport-noconfig.cmake
[0.407s] -- Up-to-date: /home/luiso/auv_ftc_ws/install/auv_control/share/auv_control/cmake/export_auv_control__rosidl_generator_pyExport.cmake
[0.407s] -- Up-to-date: /home/luiso/auv_ftc_ws/install/auv_control/share/auv_control/cmake/export_auv_control__rosidl_generator_pyExport-noconfig.cmake
[0.409s] Invoked command in '/home/luiso/auv_ftc_ws/build/auv_control' returned '0': CMAKE_PREFIX_PATH=${CMAKE_PREFIX_PATH}:/home/luiso/dev_ws/install/uf_ros_lib:/home/luiso/dev_ws/install/lite6_move:/opt/ros/humble /usr/bin/cmake --install /home/luiso/auv_ftc_ws/build/auv_control
