-- The C compiler identification is GNU 11.4.0
-- The CXX compiler identification is GNU 11.4.0
-- Detecting C compiler ABI info
-- Detecting C compiler ABI info - done
-- Check for working C compiler: /usr/bin/cc - skipped
-- Detecting C compile features
-- Detecting C compile features - done
-- Detecting CXX compiler ABI info
-- Detecting CXX compiler ABI info - done
-- Check for working CXX compiler: /usr/bin/c++ - skipped
-- Detecting CXX compile features
-- Detecting CXX compile features - done
-- Found ament_cmake: 1.3.13 (/opt/ros/humble/share/ament_cmake/cmake)
-- Found Python3: /usr/bin/python3 (found version "3.10.12") found components: Interpreter 
-- Override CMake install command with custom implementation using symlinks instead of copying resources
-- Configuring done
-- Generating done
-- Build files have been written to: /home/luiso/auv_ftc_ws/build/auv_dashboard
-- Install configuration: ""
-- Execute custom install script
-- Symlinking: /home/luiso/auv_ftc_ws/install/auv_dashboard/share/auv_dashboard/launch/dashboard.launch.py
-- Symlinking: /home/luiso/auv_ftc_ws/install/auv_dashboard/share/auv_dashboard/web/dashboard.html
-- Symlinking: /home/luiso/auv_ftc_ws/install/auv_dashboard/share/ament_index/resource_index/package_run_dependencies/auv_dashboard
-- Symlinking: /home/luiso/auv_ftc_ws/install/auv_dashboard/share/ament_index/resource_index/parent_prefix_path/auv_dashboard
-- Symlinking: /home/luiso/auv_ftc_ws/install/auv_dashboard/share/auv_dashboard/environment/ament_prefix_path.sh
-- Symlinking: /home/luiso/auv_ftc_ws/install/auv_dashboard/share/auv_dashboard/environment/ament_prefix_path.dsv
-- Symlinking: /home/luiso/auv_ftc_ws/install/auv_dashboard/share/auv_dashboard/environment/path.sh
-- Symlinking: /home/luiso/auv_ftc_ws/install/auv_dashboard/share/auv_dashboard/environment/path.dsv
-- Symlinking: /home/luiso/auv_ftc_ws/install/auv_dashboard/share/auv_dashboard/local_setup.bash
-- Symlinking: /home/luiso/auv_ftc_ws/install/auv_dashboard/share/auv_dashboard/local_setup.sh
-- Symlinking: /home/luiso/auv_ftc_ws/install/auv_dashboard/share/auv_dashboard/local_setup.zsh
-- Symlinking: /home/luiso/auv_ftc_ws/install/auv_dashboard/share/auv_dashboard/local_setup.dsv
-- Symlinking: /home/luiso/auv_ftc_ws/install/auv_dashboard/share/auv_dashboard/package.dsv
-- Symlinking: /home/luiso/auv_ftc_ws/install/auv_dashboard/share/ament_index/resource_index/packages/auv_dashboard
-- Symlinking: /home/luiso/auv_ftc_ws/install/auv_dashboard/share/auv_dashboard/cmake/auv_dashboardConfig.cmake
-- Symlinking: /home/luiso/auv_ftc_ws/install/auv_dashboard/share/auv_dashboard/cmake/auv_dashboardConfig-version.cmake
-- Symlinking: /home/luiso/auv_ftc_ws/install/auv_dashboard/share/auv_dashboard/package.xml
