[0.203s] Invoking command in '/home/luiso/auv_ftc_ws/build/auv_dashboard': AMENT_PREFIX_PATH=/home/luiso/auv_ftc_ws/install/auv_control:${AMENT_PREFIX_PATH} CMAKE_PREFIX_PATH=/home/luiso/auv_ftc_ws/install/auv_control:/home/luiso/dev_ws/install/xarm_planner:/home/luiso/dev_ws/install/xarm_moveit_servo:/home/luiso/dev_ws/install/xarm_moveit_config:/home/luiso/dev_ws/install/xarm_gazebo:/home/luiso/dev_ws/install/xarm_controller:/home/luiso/dev_ws/install/d435i_xarm_setup:/home/luiso/dev_ws/install/xarm_api:/home/luiso/dev_ws/install/xarm_sdk:/home/luiso/dev_ws/install/xarm_msgs:/home/luiso/dev_ws/install/xarm_description:/home/luiso/dev_ws/install/realsense_gazebo_plugin:/home/luiso/dev_ws/install/pymoveit2:/home/luiso/dev_ws/install/mbot_demo:/home/luiso/dev_ws/install/uf_ros_lib:/home/luiso/dev_ws/install/lite6_move:/opt/ros/humble LD_LIBRARY_PATH=/home/luiso/auv_ftc_ws/install/auv_control/lib:${LD_LIBRARY_PATH} PYTHONPATH=/home/luiso/auv_ftc_ws/install/auv_control/local/lib/python3.10/dist-packages:${PYTHONPATH} /usr/bin/cmake /home/luiso/auv_ftc_ws/src/auv_dashboard -DAMENT_CMAKE_SYMLINK_INSTALL=1 -DCMAKE_INSTALL_PREFIX=/home/luiso/auv_ftc_ws/install/auv_dashboard
[0.484s] -- The C compiler identification is GNU 11.4.0
[1.707s] -- The CXX compiler identification is GNU 11.4.0
[2.756s] -- Detecting C compiler ABI info
[3.083s] -- Detecting C compiler ABI info - done
[3.089s] -- Check for working C compiler: /usr/bin/cc - skipped
[3.090s] -- Detecting C compile features
[3.090s] -- Detecting C compile features - done
[3.093s] -- Detecting CXX compiler ABI info
[3.513s] -- Detecting CXX compiler ABI info - done
[3.522s] -- Check for working CXX compiler: /usr/bin/c++ - skipped
[3.523s] -- Detecting CXX compile features
[3.523s] -- Detecting CXX compile features - done
[3.527s] -- Found ament_cmake: 1.3.13 (/opt/ros/humble/share/ament_cmake/cmake)
[3.678s] -- Found Python3: /usr/bin/python3 (found version "3.10.12") found components: Interpreter 
[3.738s] -- Override CMake install command with custom implementation using symlinks instead of copying resources
[3.834s] -- Configuring done
[3.838s] -- Generating done
[3.841s] -- Build files have been written to: /home/luiso/auv_ftc_ws/build/auv_dashboard
[3.846s] Invoked command in '/home/luiso/auv_ftc_ws/build/auv_dashboard' returned '0': AMENT_PREFIX_PATH=/home/luiso/auv_ftc_ws/install/auv_control:${AMENT_PREFIX_PATH} CMAKE_PREFIX_PATH=/home/luiso/auv_ftc_ws/install/auv_control:/home/luiso/dev_ws/install/xarm_planner:/home/luiso/dev_ws/install/xarm_moveit_servo:/home/luiso/dev_ws/install/xarm_moveit_config:/home/luiso/dev_ws/install/xarm_gazebo:/home/luiso/dev_ws/install/xarm_controller:/home/luiso/dev_ws/install/d435i_xarm_setup:/home/luiso/dev_ws/install/xarm_api:/home/luiso/dev_ws/install/xarm_sdk:/home/luiso/dev_ws/install/xarm_msgs:/home/luiso/dev_ws/install/xarm_description:/home/luiso/dev_ws/install/realsense_gazebo_plugin:/home/luiso/dev_ws/install/pymoveit2:/home/luiso/dev_ws/install/mbot_demo:/home/luiso/dev_ws/install/uf_ros_lib:/home/luiso/dev_ws/install/lite6_move:/opt/ros/humble LD_LIBRARY_PATH=/home/luiso/auv_ftc_ws/install/auv_control/lib:${LD_LIBRARY_PATH} PYTHONPATH=/home/luiso/auv_ftc_ws/install/auv_control/local/lib/python3.10/dist-packages:${PYTHONPATH} /usr/bin/cmake /home/luiso/auv_ftc_ws/src/auv_dashboard -DAMENT_CMAKE_SYMLINK_INSTALL=1 -DCMAKE_INSTALL_PREFIX=/home/luiso/auv_ftc_ws/install/auv_dashboard
[3.847s] Invoking command in '/home/luiso/auv_ftc_ws/build/auv_dashboard': AMENT_PREFIX_PATH=/home/luiso/auv_ftc_ws/install/auv_control:${AMENT_PREFIX_PATH} CMAKE_PREFIX_PATH=/home/luiso/auv_ftc_ws/install/auv_control:/home/luiso/dev_ws/install/xarm_planner:/home/luiso/dev_ws/install/xarm_moveit_servo:/home/luiso/dev_ws/install/xarm_moveit_config:/home/luiso/dev_ws/install/xarm_gazebo:/home/luiso/dev_ws/install/xarm_controller:/home/luiso/dev_ws/install/d435i_xarm_setup:/home/luiso/dev_ws/install/xarm_api:/home/luiso/dev_ws/install/xarm_sdk:/home/luiso/dev_ws/install/xarm_msgs:/home/luiso/dev_ws/install/xarm_description:/home/luiso/dev_ws/install/realsense_gazebo_plugin:/home/luiso/dev_ws/install/pymoveit2:/home/luiso/dev_ws/install/mbot_demo:/home/luiso/dev_ws/install/uf_ros_lib:/home/luiso/dev_ws/install/lite6_move:/opt/ros/humble LD_LIBRARY_PATH=/home/luiso/auv_ftc_ws/install/auv_control/lib:${LD_LIBRARY_PATH} PYTHONPATH=/home/luiso/auv_ftc_ws/install/auv_control/local/lib/python3.10/dist-packages:${PYTHONPATH} /usr/bin/cmake --build /home/luiso/auv_ftc_ws/build/auv_dashboard -- -j16 -l16
[3.880s] Invoked command in '/home/luiso/auv_ftc_ws/build/auv_dashboard' returned '0': AMENT_PREFIX_PATH=/home/luiso/auv_ftc_ws/install/auv_control:${AMENT_PREFIX_PATH} CMAKE_PREFIX_PATH=/home/luiso/auv_ftc_ws/install/auv_control:/home/luiso/dev_ws/install/xarm_planner:/home/luiso/dev_ws/install/xarm_moveit_servo:/home/luiso/dev_ws/install/xarm_moveit_config:/home/luiso/dev_ws/install/xarm_gazebo:/home/luiso/dev_ws/install/xarm_controller:/home/luiso/dev_ws/install/d435i_xarm_setup:/home/luiso/dev_ws/install/xarm_api:/home/luiso/dev_ws/install/xarm_sdk:/home/luiso/dev_ws/install/xarm_msgs:/home/luiso/dev_ws/install/xarm_description:/home/luiso/dev_ws/install/realsense_gazebo_plugin:/home/luiso/dev_ws/install/pymoveit2:/home/luiso/dev_ws/install/mbot_demo:/home/luiso/dev_ws/install/uf_ros_lib:/home/luiso/dev_ws/install/lite6_move:/opt/ros/humble LD_LIBRARY_PATH=/home/luiso/auv_ftc_ws/install/auv_control/lib:${LD_LIBRARY_PATH} PYTHONPATH=/home/luiso/auv_ftc_ws/install/auv_control/local/lib/python3.10/dist-packages:${PYTHONPATH} /usr/bin/cmake --build /home/luiso/auv_ftc_ws/build/auv_dashboard -- -j16 -l16
[3.882s] Invoking command in '/home/luiso/auv_ftc_ws/build/auv_dashboard': AMENT_PREFIX_PATH=/home/luiso/auv_ftc_ws/install/auv_control:${AMENT_PREFIX_PATH} CMAKE_PREFIX_PATH=/home/luiso/auv_ftc_ws/install/auv_control:/home/luiso/dev_ws/install/xarm_planner:/home/luiso/dev_ws/install/xarm_moveit_servo:/home/luiso/dev_ws/install/xarm_moveit_config:/home/luiso/dev_ws/install/xarm_gazebo:/home/luiso/dev_ws/install/xarm_controller:/home/luiso/dev_ws/install/d435i_xarm_setup:/home/luiso/dev_ws/install/xarm_api:/home/luiso/dev_ws/install/xarm_sdk:/home/luiso/dev_ws/install/xarm_msgs:/home/luiso/dev_ws/install/xarm_description:/home/luiso/dev_ws/install/realsense_gazebo_plugin:/home/luiso/dev_ws/install/pymoveit2:/home/luiso/dev_ws/install/mbot_demo:/home/luiso/dev_ws/install/uf_ros_lib:/home/luiso/dev_ws/install/lite6_move:/opt/ros/humble LD_LIBRARY_PATH=/home/luiso/auv_ftc_ws/install/auv_control/lib:${LD_LIBRARY_PATH} PYTHONPATH=/home/luiso/auv_ftc_ws/install/auv_control/local/lib/python3.10/dist-packages:${PYTHONPATH} /usr/bin/cmake --install /home/luiso/auv_ftc_ws/build/auv_dashboard
[3.887s] -- Install configuration: ""
[3.888s] -- Execute custom install script
[3.889s] -- Symlinking: /home/luiso/auv_ftc_ws/install/auv_dashboard/share/auv_dashboard/launch/dashboard.launch.py
[3.897s] -- Symlinking: /home/luiso/auv_ftc_ws/install/auv_dashboard/share/auv_dashboard/web/dashboard.html
[3.905s] -- Symlinking: /home/luiso/auv_ftc_ws/install/auv_dashboard/share/ament_index/resource_index/package_run_dependencies/auv_dashboard
[3.913s] -- Symlinking: /home/luiso/auv_ftc_ws/install/auv_dashboard/share/ament_index/resource_index/parent_prefix_path/auv_dashboard
[3.921s] -- Symlinking: /home/luiso/auv_ftc_ws/install/auv_dashboard/share/auv_dashboard/environment/ament_prefix_path.sh
[3.929s] -- Symlinking: /home/luiso/auv_ftc_ws/install/auv_dashboard/share/auv_dashboard/environment/ament_prefix_path.dsv
[3.937s] -- Symlinking: /home/luiso/auv_ftc_ws/install/auv_dashboard/share/auv_dashboard/environment/path.sh
[3.945s] -- Symlinking: /home/luiso/auv_ftc_ws/install/auv_dashboard/share/auv_dashboard/environment/path.dsv
[3.953s] -- Symlinking: /home/luiso/auv_ftc_ws/install/auv_dashboard/share/auv_dashboard/local_setup.bash
[3.961s] -- Symlinking: /home/luiso/auv_ftc_ws/install/auv_dashboard/share/auv_dashboard/local_setup.sh
[3.969s] -- Symlinking: /home/luiso/auv_ftc_ws/install/auv_dashboard/share/auv_dashboard/local_setup.zsh
[3.977s] -- Symlinking: /home/luiso/auv_ftc_ws/install/auv_dashboard/share/auv_dashboard/local_setup.dsv
[3.985s] -- Symlinking: /home/luiso/auv_ftc_ws/install/auv_dashboard/share/auv_dashboard/package.dsv
[3.993s] -- Symlinking: /home/luiso/auv_ftc_ws/install/auv_dashboard/share/ament_index/resource_index/packages/auv_dashboard
[4.001s] -- Symlinking: /home/luiso/auv_ftc_ws/install/auv_dashboard/share/auv_dashboard/cmake/auv_dashboardConfig.cmake
[4.009s] -- Symlinking: /home/luiso/auv_ftc_ws/install/auv_dashboard/share/auv_dashboard/cmake/auv_dashboardConfig-version.cmake
[4.017s] -- Symlinking: /home/luiso/auv_ftc_ws/install/auv_dashboard/share/auv_dashboard/package.xml
[4.026s] Invoked command in '/home/luiso/auv_ftc_ws/build/auv_dashboard' returned '0': AMENT_PREFIX_PATH=/home/luiso/auv_ftc_ws/install/auv_control:${AMENT_PREFIX_PATH} CMAKE_PREFIX_PATH=/home/luiso/auv_ftc_ws/install/auv_control:/home/luiso/dev_ws/install/xarm_planner:/home/luiso/dev_ws/install/xarm_moveit_servo:/home/luiso/dev_ws/install/xarm_moveit_config:/home/luiso/dev_ws/install/xarm_gazebo:/home/luiso/dev_ws/install/xarm_controller:/home/luiso/dev_ws/install/d435i_xarm_setup:/home/luiso/dev_ws/install/xarm_api:/home/luiso/dev_ws/install/xarm_sdk:/home/luiso/dev_ws/install/xarm_msgs:/home/luiso/dev_ws/install/xarm_description:/home/luiso/dev_ws/install/realsense_gazebo_plugin:/home/luiso/dev_ws/install/pymoveit2:/home/luiso/dev_ws/install/mbot_demo:/home/luiso/dev_ws/install/uf_ros_lib:/home/luiso/dev_ws/install/lite6_move:/opt/ros/humble LD_LIBRARY_PATH=/home/luiso/auv_ftc_ws/install/auv_control/lib:${LD_LIBRARY_PATH} PYTHONPATH=/home/luiso/auv_ftc_ws/install/auv_control/local/lib/python3.10/dist-packages:${PYTHONPATH} /usr/bin/cmake --install /home/luiso/auv_ftc_ws/build/auv_dashboard
