[0.517s] Invoking command in '/home/luiso/auv_ftc_ws/build/auv_bringup': CMAKE_PREFIX_PATH=/home/luiso/auv_ftc_ws/install/auv_gazebo:/home/luiso/auv_ftc_ws/install/auv_description:/home/luiso/auv_ftc_ws/install/auv_control:/home/luiso/auv_ftc_ws/install/auv_bringup:/home/luiso/auv_ftc_ws/install/auv_dashboard:/home/luiso/dev_ws/install/xarm_planner:/home/luiso/dev_ws/install/xarm_moveit_servo:/home/luiso/dev_ws/install/xarm_moveit_config:/home/luiso/dev_ws/install/xarm_gazebo:/home/luiso/dev_ws/install/xarm_controller:/home/luiso/dev_ws/install/d435i_xarm_setup:/home/luiso/dev_ws/install/xarm_api:/home/luiso/dev_ws/install/xarm_sdk:/home/luiso/dev_ws/install/xarm_msgs:/home/luiso/dev_ws/install/xarm_description:/home/luiso/dev_ws/install/realsense_gazebo_plugin:/home/luiso/dev_ws/install/pymoveit2:/home/luiso/dev_ws/install/mbot_demo:/home/luiso/dev_ws/install/uf_ros_lib:/home/luiso/dev_ws/install/lite6_move:/opt/ros/humble /usr/bin/cmake --build /home/luiso/auv_ftc_ws/build/auv_bringup -- -j16 -l16
[0.549s] Invoked command in '/home/luiso/auv_ftc_ws/build/auv_bringup' returned '0': CMAKE_PREFIX_PATH=/home/luiso/auv_ftc_ws/install/auv_gazebo:/home/luiso/auv_ftc_ws/install/auv_description:/home/luiso/auv_ftc_ws/install/auv_control:/home/luiso/auv_ftc_ws/install/auv_bringup:/home/luiso/auv_ftc_ws/install/auv_dashboard:/home/luiso/dev_ws/install/xarm_planner:/home/luiso/dev_ws/install/xarm_moveit_servo:/home/luiso/dev_ws/install/xarm_moveit_config:/home/luiso/dev_ws/install/xarm_gazebo:/home/luiso/dev_ws/install/xarm_controller:/home/luiso/dev_ws/install/d435i_xarm_setup:/home/luiso/dev_ws/install/xarm_api:/home/luiso/dev_ws/install/xarm_sdk:/home/luiso/dev_ws/install/xarm_msgs:/home/luiso/dev_ws/install/xarm_description:/home/luiso/dev_ws/install/realsense_gazebo_plugin:/home/luiso/dev_ws/install/pymoveit2:/home/luiso/dev_ws/install/mbot_demo:/home/luiso/dev_ws/install/uf_ros_lib:/home/luiso/dev_ws/install/lite6_move:/opt/ros/humble /usr/bin/cmake --build /home/luiso/auv_ftc_ws/build/auv_bringup -- -j16 -l16
[0.551s] Invoking command in '/home/luiso/auv_ftc_ws/build/auv_bringup': CMAKE_PREFIX_PATH=/home/luiso/auv_ftc_ws/install/auv_gazebo:/home/luiso/auv_ftc_ws/install/auv_description:/home/luiso/auv_ftc_ws/install/auv_control:/home/luiso/auv_ftc_ws/install/auv_bringup:/home/luiso/auv_ftc_ws/install/auv_dashboard:/home/luiso/dev_ws/install/xarm_planner:/home/luiso/dev_ws/install/xarm_moveit_servo:/home/luiso/dev_ws/install/xarm_moveit_config:/home/luiso/dev_ws/install/xarm_gazebo:/home/luiso/dev_ws/install/xarm_controller:/home/luiso/dev_ws/install/d435i_xarm_setup:/home/luiso/dev_ws/install/xarm_api:/home/luiso/dev_ws/install/xarm_sdk:/home/luiso/dev_ws/install/xarm_msgs:/home/luiso/dev_ws/install/xarm_description:/home/luiso/dev_ws/install/realsense_gazebo_plugin:/home/luiso/dev_ws/install/pymoveit2:/home/luiso/dev_ws/install/mbot_demo:/home/luiso/dev_ws/install/uf_ros_lib:/home/luiso/dev_ws/install/lite6_move:/opt/ros/humble /usr/bin/cmake --install /home/luiso/auv_ftc_ws/build/auv_bringup
[0.556s] -- Install configuration: ""
[0.557s] -- Execute custom install script
[0.557s] -- Up-to-date symlink: /home/luiso/auv_ftc_ws/install/auv_bringup/share/auv_bringup/launch/full_simulation.launch.py
[0.557s] -- Up-to-date symlink: /home/luiso/auv_ftc_ws/install/auv_bringup/share/auv_bringup/launch/full_simulation_with_dashboard.launch.py
[0.557s] -- Up-to-date symlink: /home/luiso/auv_ftc_ws/install/auv_bringup/share/auv_bringup/launch/reproduce_paper.launch.py
[0.557s] -- Up-to-date symlink: /home/luiso/auv_ftc_ws/install/auv_bringup/share/auv_bringup/config/plot_topics.txt
[0.558s] -- Up-to-date symlink: /home/luiso/auv_ftc_ws/install/auv_bringup/share/ament_index/resource_index/package_run_dependencies/auv_bringup
[0.558s] -- Up-to-date symlink: /home/luiso/auv_ftc_ws/install/auv_bringup/share/ament_index/resource_index/parent_prefix_path/auv_bringup
[0.558s] -- Up-to-date symlink: /home/luiso/auv_ftc_ws/install/auv_bringup/share/auv_bringup/environment/ament_prefix_path.sh
[0.558s] -- Up-to-date symlink: /home/luiso/auv_ftc_ws/install/auv_bringup/share/auv_bringup/environment/ament_prefix_path.dsv
[0.558s] -- Up-to-date symlink: /home/luiso/auv_ftc_ws/install/auv_bringup/share/auv_bringup/environment/path.sh
[0.558s] -- Up-to-date symlink: /home/luiso/auv_ftc_ws/install/auv_bringup/share/auv_bringup/environment/path.dsv
[0.558s] -- Up-to-date symlink: /home/luiso/auv_ftc_ws/install/auv_bringup/share/auv_bringup/local_setup.bash
[0.559s] -- Up-to-date symlink: /home/luiso/auv_ftc_ws/install/auv_bringup/share/auv_bringup/local_setup.sh
[0.559s] -- Up-to-date symlink: /home/luiso/auv_ftc_ws/install/auv_bringup/share/auv_bringup/local_setup.zsh
[0.559s] -- Up-to-date symlink: /home/luiso/auv_ftc_ws/install/auv_bringup/share/auv_bringup/local_setup.dsv
[0.559s] -- Symlinking: /home/luiso/auv_ftc_ws/install/auv_bringup/share/auv_bringup/package.dsv
[0.566s] -- Up-to-date symlink: /home/luiso/auv_ftc_ws/install/auv_bringup/share/ament_index/resource_index/packages/auv_bringup
[0.567s] -- Up-to-date symlink: /home/luiso/auv_ftc_ws/install/auv_bringup/share/auv_bringup/cmake/auv_bringupConfig.cmake
[0.567s] -- Up-to-date symlink: /home/luiso/auv_ftc_ws/install/auv_bringup/share/auv_bringup/cmake/auv_bringupConfig-version.cmake
[0.567s] -- Up-to-date symlink: /home/luiso/auv_ftc_ws/install/auv_bringup/share/auv_bringup/package.xml
[0.569s] Invoked command in '/home/luiso/auv_ftc_ws/build/auv_bringup' returned '0': CMAKE_PREFIX_PATH=/home/luiso/auv_ftc_ws/install/auv_gazebo:/home/luiso/auv_ftc_ws/install/auv_description:/home/luiso/auv_ftc_ws/install/auv_control:/home/luiso/auv_ftc_ws/install/auv_bringup:/home/luiso/auv_ftc_ws/install/auv_dashboard:/home/luiso/dev_ws/install/xarm_planner:/home/luiso/dev_ws/install/xarm_moveit_servo:/home/luiso/dev_ws/install/xarm_moveit_config:/home/luiso/dev_ws/install/xarm_gazebo:/home/luiso/dev_ws/install/xarm_controller:/home/luiso/dev_ws/install/d435i_xarm_setup:/home/luiso/dev_ws/install/xarm_api:/home/luiso/dev_ws/install/xarm_sdk:/home/luiso/dev_ws/install/xarm_msgs:/home/luiso/dev_ws/install/xarm_description:/home/luiso/dev_ws/install/realsense_gazebo_plugin:/home/luiso/dev_ws/install/pymoveit2:/home/luiso/dev_ws/install/mbot_demo:/home/luiso/dev_ws/install/uf_ros_lib:/home/luiso/dev_ws/install/lite6_move:/opt/ros/humble /usr/bin/cmake --install /home/luiso/auv_ftc_ws/build/auv_bringup
